   1:				; *******************************************************
   2:				; * ZARC Monitor Diagnostics Routines                   *
   3:				; * Written by: Merlin Skinner                          *
   4:				; * Date Started: 3/8/2020                              *
   5:				; *******************************************************
   6:				;
   7:				; ZARC diagnostics routines.
   8:				;
   9:				; Routines preserve all registers not required as operands or return
  10:				; values except AF unless otherwise stated below.
  11:				;
  12:				;
  13:     -	0001'         	monitor         equ 1                   ; Flag part of monitor build
  14:     -	0001'         	diags           equ 1                   ; Flag module for includes
  15:				;
  16:				;
  17:				;
  18:				; ************
  19:				; * Includes *
  20:				; ************
  21:				;
  22:				                include "macros.i"
**** /home/merlin/Dropbox/ZARC_Z80_Box/git_cpm3_dev/software/includes/macros.i ****
   1:				; ***********************************
   2:				; * ZARC Macro Definitions          *
   3:				; * Written by: Merlin Skinner      *
   4:				; * Date Started: 30/7/2020         *
   5:				; ***********************************
   6:				;
   7:				;
   8:				;
   9:				; **********
  10:				; * Macros *
  11:				; **********
  12:				;
  13:				;
  14:				; Initialise enumeration.
  15:				; The absolute segment is used so the offsets are not marked as relocatable. This
  16:				; avoids "Not relocatable" errors.
  17:				ENUM_START      macro
  18:				                .aseg
  19:				enum_counter    set 0
  20:				                endm
  21:				;
  22:				; Invoke for each item.
  23:				ENUM            macro x
  24:				x               equ enum_counter
  25:				enum_counter    set enum_counter + 1
  26:				                endm
  27:				;
  28:				ENUM_END        macro x
  29:				x               set enum_counter    ; Set label to count of items
  30:				                .cseg
  31:				                endm
  32:				;
  33:				;
  34:				; Initialise a structure. This is used to generate offsets for data structures.
  35:				; The absolute segment is used so the offsets are not marked as relocatable. This
  36:				; avoids "Not relocatable" errors.
  37:				STRUCT          macro
  38:				                .aseg
  39:				str_offset      set 0
  40:				                endm
  41:				;
  42:				; Add a byte entry.
  43:				STR_BYTE        macro x
  44:				x               equ str_offset
  45:				str_offset      set str_offset + 1
  46:				                endm
  47:				;
  48:				; Add a word (16-bit) entry.
  49:				STR_WORD        macro x
  50:				x               equ str_offset
  51:				str_offset      set str_offset + 2
  52:				                endm
  53:				;
  54:				; Add a 3 byte (24-bit) entry.
  55:				STR_24BIT       macro x
  56:				x               equ str_offset
  57:				str_offset      set str_offset + 3
  58:				                endm
  59:				;
  60:				; Add a long (32-bit) entry.
  61:				STR_LONG        macro x
  62:				x               equ str_offset
  63:				str_offset      set str_offset + 4
  64:				                endm
  65:				;
  66:				; Add an arbitrary length entry.
  67:				STR_BLOCK       macro x, size   ; <name>, <size>
  68:				x               equ str_offset
  69:				str_offset      set str_offset + size
  70:				                endm
  71:				;
  72:				; End of structure (used to set size)
  73:				STR_END         macro x
  74:				x               equ str_offset
  75:				                .cseg
  76:				                endm
  77:				;
  78:				;
  79:				; Allocate space. This is used to generate variable addresses, affectively
  80:				; providing a new variables segment. Allocated size is kept track of separately
  81:				; to the address as the latter may overflow in certain error cases.
  82:				ALLOC           macro x
  83:				                .aseg
  84:				all_addr        set x
  85:				all_size        set 0
  86:				                endm
  87:				;
  88:				; Add a byte entry.
  89:				ALL_BYTE        macro x
  90:				x               equ all_addr
  91:				all_addr        set all_addr + 1
  92:				all_size        set all_size + 1
  93:				                endm
  94:				;
  95:				; Add a word (16-bit) entry.
  96:				ALL_WORD        macro x
  97:				x               equ all_addr
  98:				all_addr        set all_addr + 2
  99:				all_size        set all_size + 2
 100:				                endm
 101:				;
 102:				; Add a 3 byte (24-bit) entry.
 103:				ALL_24BIT       macro x
 104:				x               equ all_addr
 105:				all_addr        set all_addr + 3
 106:				all_size        set all_size + 3
 107:				                endm
 108:				;
 109:				; Add a long (32-bit) entry.
 110:				ALL_LONG        macro x
 111:				x               equ all_addr
 112:				all_addr        set all_addr + 4
 113:				all_size        set all_size + 4
 114:				                endm
 115:				;
 116:				; Add an arbitrary length entry.
 117:				ALL_BLOCK       macro x, size   ; <name>, <size>
 118:				x               equ all_addr
 119:				all_addr        set all_addr + size
 120:				all_size        set all_size + size
 121:				                endm
 122:				;
 123:				; End of allocated space. Returns size of block.
 124:				ALL_END         macro x
 125:				x               equ all_size
 126:				                .cseg
 127:				                endm
 128:				;
 129:				;
 130:				; Calculate offsets into jump tables.
 131:				; The absolute segment is used so the offsets are not marked as relocatable. This
 132:				; avoids "Not relocatable" errors.
 133:				JPTBL_START     macro x
 134:				                .aseg
 135:				jptbl_addr      set x               ; Set start address
 136:				                endm
 137:				;
 138:				; Invoke for each item.
 139:				JPTBL_ENTRY     macro x
 140:				x               equ jptbl_addr
 141:				jptbl_addr      set jptbl_addr + 3
 142:				                endm
 143:				;
 144:				; Invoke for a data block in the jump table
 145:				JPTBL_BLOCK     macro x, size   ; <name>, <size>
 146:				x               equ jptbl_addr
 147:				jptbl_addr      set jptbl_addr + size
 148:				                endm
 149:				;
 150:				JPTBL_END       macro x
 151:				x               set jptbl_addr      ; Set label to next address
 152:				                .cseg
 153:				                endm
 154:				;
 155:				;
 156:				; Define bits and masks. This is inspired by the Commodore Amiga BITDEF mechanism.
 157:				; Given:
 158:				; BITDEF I2C_CSR_STOP, 2
 159:				; Yields:
 160:				; I2C_CSR_STOP_BIT  EQU 2       ; Bit number
 161:				; I2C_CSR_STOP_MASK EQU 1<<2    ; Bit mask
 162:				BITDEF          macro n, b      ; <Name>, <bit>
 163:				n`_BIT          equ b
 164:				n`_MASK         equ 1 << b
 165:				                endm
 166:				;
 167:				;
 168:				; Force alignment. This asserts an appropriate number of zero bytes to achieve
 169:				; the required alignment. Note that these macros cannot work for relocatable
 170:				; files.
 171:				; 16-bit
 172:				ALIGN_WORD      macro
 173:				                if $ and 1
 174:				                    byte 0
 175:				                endif
 176:				                endm
 177:				;
 178:				; 32-bit
 179:				ALIGN_LONG      macro
 180:				                ALIGN_WORD
 181:				                if $ and 2
 182:				                    byte 0, 0
 183:				                endif
 184:				                endm
 185:				;
 186:				;
 187:				; Write message to console (short for "call conwms").
 188:				CON_WR_MSG      macro
 189:				                rst 08
 190:				                endm
 191:				;
 192:				;
 193:				; Write character to console (short for "call conwch").
 194:				CON_WR_CHAR     macro
 195:				                rst 16
 196:				                endm
 197:				
**** diags.z80 ****
  23:				                include "z80.i"
**** /home/merlin/Dropbox/ZARC_Z80_Box/git_cpm3_dev/software/includes/z80.i ****
   1:				; ***********************************
   2:				; * ZARC Z80 Definitions            *
   3:				; * Written by: Merlin Skinner      *
   4:				; * Date Started: 28/5/2020         *
   5:				; ***********************************
   6:				;
   7:				; Definitions related to the Z80 itself.
   8:				;
   9:				; Z80 Vectors
  10:     -	0000'         	Z80_RST00_VEC   equ 0x0000      ; RST instruction vectors
  11:     -	0008'         	Z80_RST08_VEC   equ 0x0008
  12:     -	0010'         	Z80_RST10_VEC   equ 0x0010
  13:     -	0018'         	Z80_RST18_VEC   equ 0x0018
  14:     -	0020'         	Z80_RST20_VEC   equ 0x0020
  15:     -	0028'         	Z80_RST28_VEC   equ 0x0028
  16:     -	0030'         	Z80_RST30_VEC   equ 0x0030
  17:     -	0038'         	Z80_RST38_VEC   equ 0x0038
  18:     -	0066'         	Z80_NMI_VEC     equ 0x0066      ; NMI vectors
  19:				
**** diags.z80 ****
  24:				                include "monitor.i"
**** /home/merlin/Dropbox/ZARC_Z80_Box/git_cpm3_dev/software/includes/monitor.i ****
   1:				; *******************************************************
   2:				; * ZARC Monitor Definitions                            *
   3:				; * Written by: Merlin Skinner                          *
   4:				; * Date Started: 26/5/2020                             *
   5:				; *******************************************************
   6:				;
   7:				; Definitions related to the monitor programme.
   8:				;
   9:				; Note that ld80 only considers the first six characters of labels significant.
  10:				;
  11:				;
  12:				; The following conditionals are intended to allow the same include file to be
  13:				; used in the defining module and elsewhere as required. Some includes are used
  14:				; for other applications than the monitor, such as the CP/M BIOS. In these
  15:				; cases, the extern and public statements are not desirable.
  16:				;
  17:     -	0001'         	            ifdef monitor           ; Meaningful for monitor build only
  18:     -	0001'         	                ifndef main         ; Inhibit for this module
  19:				; Constants
  20:				;
  21:				; Variables
  22:				                extern mscnt            ; Monitor start count
  23:				                extern mcspd            ; Approximate CPU speed in KHz
  24:				                extern mstate           ; Machine state structure
  25:				;
  26:				; Functions
  27:				                extern panic            ; System error exception
  28:				                extern rusby            ; Read byte from user space
  29:				                extern ruswd            ; Read 16-bit word from user space
  30:				                extern wusby            ; Write byte to user space
  31:				                extern wuswd            ; Write 16-bit word to user space
  32:				                extern mcrun            ; Switch context to user code
  33:				                extern mdisrg           ; Display registers
  34:				;
  35:				                endif
  36:				            endif
  37:				;
  38:				;
  39:				;
  40:				; *****************
  41:				; * Monitor Calls *
  42:				; *****************
  43:				;
  44:				;
  45:				; Calculate offsets into jump tables. Entries here must match the jump table in
  46:				; monitor.z80.
  47:     -	        	    JPTBL_START %(Z80_NMI_VEC + 3)   ; Start after NMI vector
  48:				;
  49:				; From monitor.z80
  50:     -	        	    JPTBL_ENTRY MCALL_MON_ENTRY     ; Normal monitor entry
  51:     -	        	    JPTBL_ENTRY MCALL_PANIC         ; System error monitor entry
  52:				; From io.z80
  53:     -	        	    JPTBL_ENTRY MCALL_CONWCH        ; Write character to the console port
  54:     -	        	    JPTBL_ENTRY MCALL_CONRCH        ; Read character from the console port
  55:     -	        	    JPTBL_ENTRY MCALL_CONSTA        ; Fetch console port status
  56:     -	        	    JPTBL_ENTRY MCALL_S1WCH         ; Write character to serial port 1
  57:     -	        	    JPTBL_ENTRY MCALL_S1RCH         ; Read character from serial port 1
  58:     -	        	    JPTBL_ENTRY MCALL_S1STA         ; Fetch serial port 1 status
  59:     -	        	    JPTBL_ENTRY MCALL_S2WCH         ; Write character to serial port 2
  60:     -	        	    JPTBL_ENTRY MCALL_S2RCH         ; Read character from serial port 2
  61:     -	        	    JPTBL_ENTRY MCALL_S2STA         ; Fetch serial port 2 status
  62:				; From utility.z80
  63:     -	        	    JPTBL_ENTRY MCALL_CWNWLN        ; Write new line characters to console
  64:     -	        	    JPTBL_ENTRY MCALL_CONWMS        ; Print null-terminated string to the console
  65:     -	        	    JPTBL_ENTRY MCALL_CONWMN        ; Print message <n> in a list
  66:     -	        	    JPTBL_ENTRY MCALL_SKPSPC        ; Step hl past spaces
  67:     -	        	    JPTBL_ENTRY MCALL_TOUPCA        ; Convert character in A to upper case
  68:     -	        	    JPTBL_ENTRY MCALL_TOLOCA        ; Convert character in A to lower case
  69:     -	        	    JPTBL_ENTRY MCALL_CWVICH        ; Print only visible 7-bit characters
  70:     -	        	    JPTBL_ENTRY MCALL_CWPSPC        ; Print a space
  71:     -	        	    JPTBL_ENTRY MCALL_MTWDLI        ; Match word in a string against list of options
  72:     -	        	    JPTBL_ENTRY MCALL_CWPHNB        ; Print least-significant nibble in A in hexadecimal
  73:     -	        	    JPTBL_ENTRY MCALL_CWPHBY        ; Print A in hexadecimal
  74:     -	        	    JPTBL_ENTRY MCALL_CWPHWD        ; Print HL in hexadecimal
  75:     -	        	    JPTBL_ENTRY MCALL_CWPDBY        ; Print A in decimal. Leading zeros are suppressed.
  76:     -	        	    JPTBL_ENTRY MCALL_CWPDWD        ; Print HL in decimal. Leading zeros are suppressed.
  77:     -	        	    JPTBL_ENTRY MCALL_CWPDLO        ; Print DEHL in decimal. Leading zeros are suppressed
  78:     -	        	    JPTBL_ENTRY MCALL_RDHXWD        ; Read a 16-bit hexadecimal number from a string
  79:     -	        	    JPTBL_ENTRY MCALL_RDDUWD        ; Read a 16-bit unsigned decimal number from a string
  80:     -	        	    JPTBL_ENTRY MCALL_RDDULO        ; Read a 32-bit unsigned decimal number from a string
  81:				; From maths.z80
  82:     -	        	    JPTBL_ENTRY MCALL_MADLBU        ; 32-bit / 8-bit unsigned divide
  83:     -	        	    JPTBL_ENTRY MCALL_MADWBU        ; 16-bit / 8-bit unsigned divide
  84:     -	        	    JPTBL_ENTRY MCALL_MADBBU        ; 8-bit / 8-bit unsigned divide
  85:     -	        	    JPTBL_ENTRY MCALL_MAMWWU        ; 16-bit * 16-bit unsigned multiply
  86:     -	        	    JPTBL_ENTRY MCALL_MAMLBU        ; 32-bit * 8-bit unsigned multiply
  87:     -	        	    JPTBL_ENTRY MCALL_CRC16X        ; CRC-16 (XMODEM)
  88:				; From time.z80
  89:     -	        	    JPTBL_ENTRY MCALL_TIRD          ; Read current time and date
  90:     -	        	    JPTBL_ENTRY MCALL_TIWR          ; Set time and date
  91:     -	        	    JPTBL_ENTRY MCALL_TIITOS        ; Convert integer time to structure
  92:     -	        	    JPTBL_ENTRY MCALL_TISTOI        ; Convert structure time to integer
  93:     -	        	    JPTBL_ENTRY MCALL_CWPTM         ; Print time structure to console
  94:				; From mmc.z80
  95:     -	        	    JPTBL_ENTRY MCALL_MCPRER        ; Print memory card error text
  96:				; From cache.z80
  97:     -	        	    JPTBL_ENTRY MCALL_CACRS         ; CP/M read sector
  98:     -	        	    JPTBL_ENTRY MCALL_CACWS         ; CP/M write sector
  99:     -	        	    JPTBL_ENTRY MCALL_CARS          ; MMC read sector
 100:     -	        	    JPTBL_ENTRY MCALL_CAWS          ; MMC write sector
 101:     -	        	    JPTBL_ENTRY MCALL_CAFLUS        ; Flush cache (write dirty buffers)
 102:				; From memory.z80
 103:     -	        	    JPTBL_ENTRY MCALL_MPALL         ; Allocate new page
 104:     -	        	    JPTBL_ENTRY MCALL_MPFREE        ; Free allocated page
 105:     -	        	    JPTBL_ENTRY MCALL_MPSTAT        ; Allocation status
 106:				;
 107:     -	        	    JPTBL_END MCALL_JPTBL_NEXT
 108:				;
 109:				;
 110:				;
 111:				; **************
 112:				; * Structures *
 113:				; **************
 114:				;
 115:				;
 116:				; Machine state structure.
 117:     -	        	                STRUCT
 118:     -	        	                STR_BYTE MST_IEN        ; Non-zero if interrupts enabled
 119:     -	        	                STR_BYTE MST_MMAP_EN    ; Non-zero if memory mapping enabled
 120:     -	        	                STR_BYTE MST_MMAP0      ; Memory mapping registers
 121:     -	        	                STR_BYTE MST_MMAP1
 122:     -	        	                STR_BYTE MST_MMAP2
 123:     -	        	                STR_BYTE MST_MMAP3
 124:     -	        	                STR_WORD MST_SP
 125:     -	        	                STR_WORD MST_PC
 126:				; The sequence of the following entries must match those in the state save and
 127:				; load routines.
 128:     -	        	                STR_WORD MST_IY
 129:     -	        	                STR_WORD MST_IX
 130:     -	        	                STR_WORD MST_HL_P
 131:     -	        	                STR_WORD MST_DE_P
 132:     -	        	                STR_WORD MST_BC_P
 133:     -	        	                STR_WORD MST_AF_P       ; Alternate ("prime") registers
 134:     -	        	                STR_WORD MST_HL
 135:     -	        	                STR_WORD MST_DE
 136:     -	        	                STR_WORD MST_BC
 137:     -	        	                STR_WORD MST_AF
 138:				; End of sequence critical entries.
 139:     -	        	                STR_BYTE MST_I
 140:     -	        	                STR_BYTE MST_R
 141:     -	        	                STR_END MST_SIZE
 142:				;
 143:				;
 144:				;
 145:				; *************
 146:				; * Constants *
 147:				; *************
 148:				;
 149:				;
 150:				; Trace mode states for trace_mode.
 151:     -	        	                ENUM_START
 152:     -	        	                ENUM TRM_NONE
 153:     -	        	                ENUM TRM_SINGLE
 154:     -	        	                ENUM TRM_TO_ADDR        ; Trace to address
 155:     -	        	                ENUM TRM_XPT            ; Exception - start running normally
 156:     -	        	                ENUM_END TRM_STATES     ; Number of states
 157:				
**** diags.z80 ****
  25:				                include "zarc.i"        ; Hardware definitions
**** /home/merlin/Dropbox/ZARC_Z80_Box/git_cpm3_dev/software/includes/zarc.i ****
   1:				; ***********************************
   2:				; * ZARC Definitions                *
   3:				; * Written by: Merlin Skinner      *
   4:				; * Date Started: 26/5/2020         *
   5:				; ***********************************
   6:				;
   7:				; Definitions related to the ZARC system.
   8:				;
   9:				;
  10:				; ************
  11:				; * Hardware *
  12:				; ************
  13:				;
  14:				; Interrupt vector numbers in INT_VEC_TABLE.
  15:				; Address is INT_VEC_TABLE + 2 * vector number).
  16:     -	0000'         	INT_SER1_TX_VEC     equ INT_SER1_TX_BIT ; Serial port 1 transmitter buffer is half full or less
  17:     -	0001'         	INT_SER1_RX_VEC     equ INT_SER1_RX_BIT ; Serial port 1 receiver has data
  18:     -	0002'         	INT_SER2_TX_VEC     equ INT_SER2_TX_BIT ; Serial port 2 transmitter buffer is half full or less
  19:     -	0003'         	INT_SER2_RX_VEC     equ INT_SER2_RX_BIT ; Serial port 2 receiver has data
  20:     -	0004'         	INT_TICK_VEC        equ INT_TICK_BIT    ; Regular timekeeping
  21:				;
  22:     -	0064'         	MS_PER_TICK         equ 100             ; ms per tick
  23:     -	000A'         	TICK_FREQ           equ 10              ; Tick rate in Hz
  24:				;
  25:				
**** diags.z80 ****
  26:				                include "io_map.i"      ; I/O addresses mapping
**** /home/merlin/Dropbox/ZARC_Z80_Box/git_cpm3_dev/software/includes/io_map.i ****
   1:				; ***********************************
   2:				; * ZARC I/O Definitions            *
   3:				; * Written by: Merlin Skinner      *
   4:				; * Date Started: 3/9/2019          *
   5:				; ***********************************
   6:				
   7:				; *** I/O register address mapping ***
   8:				
   9:				; This should be kept in sync with the Definitions.vhd package file.
  10:     -	0000'         	IOA_FPGA_MAJREV equ 0x00        ; FPGA major revision
  11:     -	0001'         	IOA_FPGA_MINREV equ 0x01        ; FPGA minor revision
  12:     -	0002'         	IOA_CONTROL     equ 0x02        ; System control register
  13:     -	0003'         	IOA_FP_SW       equ 0x03        ; Front panel data switches
  14:				
  15:				; Paging
  16:     -	0004'         	IOA_MMAP_0      equ 0x04        ; Page, supervisor and protection for bank 0 (0x0000 to 0x3fff)
  17:     -	0005'         	IOA_MMAP_1      equ 0x05        ; Page, supervisor and protection for bank 1 (0x4000 to 0x7fff)
  18:     -	0006'         	IOA_MMAP_2      equ 0x06        ; Page, supervisor and protection for bank 2 (0x8000 to 0xbfff)
  19:     -	0007'         	IOA_MMAP_3      equ 0x07        ; Page, supervisor and protection for bank 3 (0xc000 to 0xffff)
  20:				
  21:				; Interrupts
  22:				; Note: Up to eight interrupts are supported. IM 2 is anticipated, and the
  23:				; fixed vector associated with each interrupt is supplied when the interrupt
  24:				; is serviced. Routine address is “I*256+databus”. Vector supplied is
  25:				; 0xe0 + 2 * interrupt number (0 to 7).
  26:				; Note: addresses 0x09 and 0x0b reserved for use if more than eight interrupt
  27:				; sources are required.
  28:     -	0008'         	IOA_INT_EN      equ 0x08        ; Enables
  29:     -	000A'         	IOA_INT_PEND    equ 0x0a        ; Pending interrupts
  30:				;
  31:				;NMI
  32:     -	000C'         	IOA_NMI_REASONS equ 0x0c        ; NMI reasons flags
  33:				;
  34:				; Serial.
  35:     -	0010'         	IOA_SER1_CSR    equ 0x10        ; Port 1 control / status
  36:     -	0011'         	IOA_SER1_DATA   equ 0x11        ; Port 1 data
  37:     -	0012'         	IOA_SER2_CSR    equ 0x12        ; Port 2 serial control / status
  38:     -	0013'         	IOA_SER2_DATA   equ 0x13        ; Port 2 serial data
  39:				
  40:				; RTC (DS1672)
  41:				; I2C, implemented using a byte interface to the CPU. Writing to the data port
  42:				; shifts out a byte. Input puts are shifted into the “other end” of the same
  43:				; register.
  44:     -	0018'         	IOA_I2C_CSR     equ 0x18        ; Control
  45:     -	0019'         	IOA_I2C_DATA    equ 0x19        ; Data
  46:				;
  47:				; SD Card
  48:				; Uses SPI mode, with a generally similar interface to that of the I2C.
  49:     -	0020'         	IOA_SPI_CSR     equ 0x20        ; Control
  50:     -	0021'         	IOA_SPI_DATA    equ 0x21        ; Data
  51:				
  52:				; CRC16 / XMODEM and MultiMediaCard CRC16
  53:				; Write to the CRC register to set the initial value. Writing to the input
  54:				; data register updates the CRC.
  55:     -	0024'         	IOA_CRC_0       equ 0x24        ; CRC register (low)
  56:     -	0025'         	IOA_CRC_1       equ 0x25        ; CRC register (high)
  57:     -	0026'         	IOA_CRC_DATA    equ 0x26        ; Input data
  58:				
  59:				; *** Proposed features ***
  60:				; Video
  61:				;IOA_VID_CTRL    equ 0x30;       ; Control (cursor on/off ...)
  62:				;IOA_VID_DATA    equ 0x31;       ; Data
  63:				;IOA_VID_CUR_X   equ 0x32;       ; Cursor X (0 to 127)
  64:				;IOA_VID_CUR_Y   equ 0x33;       ; Cursor Y (0 to 63)
  65:				;IOA_VID_START_L equ 0x34        ; Display start address (low byte)
  66:				;IOA_VID_START_H equ 0x35        ; Display start address (high byte)
  67:				
  68:				; Video palette
  69:				; Each entry consists of 6 bits of colour data. Foreground and background
  70:				; colour pairs are selected from the above palette using eight of the 22
  71:				; control codes in the display character set. This leaves codes for
  72:				; double-height, double-width etc.
  73:				;IOA_VID_PALBG0  equ 0x40        ; Background colour 0
  74:				;IOA_VID_PALFG0  equ 0x41        ; Foreground colour 0
  75:				;IOA_VID_PALBG1  equ 0x42        ; Background colour 1
  76:				;IOA_VID_PALFG1  equ 0x43        ; Foreground colour 1
  77:				;IOA_VID_PALBG2  equ 0x44        ; Background colour 2
  78:				;IOA_VID_PALFG2  equ 0x45        ; Foreground colour 2
  79:				;IOA_VID_PALBG3  equ 0x46        ; Background colour 3
  80:				;IOA_VID_PALFG3  equ 0x47        ; Foreground colour 3
  81:				;IOA_VID_PALBG4  equ 0x48        ; Background colour 4
  82:				;IOA_VID_PALFG4  equ 0x49        ; Foreground colour 4
  83:				;IOA_VID_PALBG5  equ 0x4a        ; Background colour 5
  84:				;IOA_VID_PALFG5  equ 0x4b        ; Foreground colour 5
  85:				;IOA_VID_PALBG6  equ 0x4c        ; Background colour 6
  86:				;IOA_VID_PALFG6  equ 0x4d        ; Foreground colour 6
  87:				;IOA_VID_PALBG7  equ 0x4e        ; Background colour 7
  88:				;IOA_VID_PALFG7  equ 0x4f        ; Foreground colour 7
  89:				
  90:				; Arithmetic
  91:				; Multiply, divide … based on 68000 DIV, DIVU, MUL, MULU.
  92:				; Multiply does A[16] * B[16] => C[32].
  93:				; Divide does A[32] / B[16] => C[32] (16-bit remainder [high bits] and
  94:				; 16-bit quotient [low bits]).
  95:				; Status bits include “complete” and “overflow”.
  96:				;IOA_ARITH_A_L   equ 0x50        ; A register (low)
  97:				;IOA_ARITH_A_H   equ 0x51        ; A register (high)
  98:				;IOA_ARITH_B_L   equ 0x54        ; B register (low)
  99:				;IOA_ARITH_B_H   equ 0x57        ; B register (high)
 100:				;IOA_ARITH_C_0   equ 0x58        ; C register (low)
 101:				;IOA_ARITH_C_1   equ 0x59 
 102:				;IOA_ARITH_C_2   equ 0x5a
 103:				;IOA_ARITH_C_3   equ 0x5b        ; C register (high)
 104:				;IOA_ARITH_CSR   equ 0x5c        ; Command / status
 105:				
 106:				
 107:				; *** Register bits allocation ***
 108:				
 109:				; IOA_CONTROL register
 110:     -	        	BITDEF SYSCTRL_TRARM, 0         ; 1 arms the trace interrupt
 111:     -	        	BITDEF SYSCTRL_MMAP, 1          ; 1 enables memory mapping
 112:     -	        	BITDEF SYSCTRL_NMCLR, 2         ; NMI mapping clear
 113:     -	        	BITDEF SYSCTRL_MAPARM, 3        ; NMI out arm
 114:     -	        	BITDEF SYSCTRL_MMAPN, 4         ; State of MMAP when an NMI occurred
 115:     -	        	BITDEF SYSCTRL_TRPRE0, 5        ; Number of prefixes for trace
 116:     -	        	BITDEF SYSCTRL_TRPRE1, 6
 117:     -	        	BITDEF SYSCTRL_RESERVED, 7      ; Unused bit
 118:				;
 119:				; MMAP page registers
 120:     -	        	BITDEF MMAP_PROT, 7             ; Write protection
 121:     -	        	BITDEF MMAP_SUPER, 6            ; I/O enable
 122:     -	003F'         	MMAP_PAGE_MASK  equ 0x3f        ; RAM page number bits
 123:				;
 124:				; IOA_INT_EN and IOA_INT_PEND registers.
 125:     -	0008'         	INTS_NUM        equ 8           ; Number of possible interrupt sources
 126:     -	        	BITDEF INT_SER1_TX, 0           ; Serial port 1 transmitter buffer is half full or less
 127:     -	        	BITDEF INT_SER1_RX, 1           ; Serial port 1 receiver has data
 128:     -	        	BITDEF INT_SER2_TX, 2           ; Serial port 2 transmitter buffer is half full or less
 129:     -	        	BITDEF INT_SER2_RX, 3           ; Serial port 2 receiver has data
 130:     -	        	BITDEF INT_TICK, 4              ; Regular timekeeping
 131:				;
 132:				; IOA_NMI_REASONS register.
 133:     -	0004'         	NMI_REASONS_NUM equ 4           ; Number of reasons for an NMI
 134:     -	        	BITDEF NMI_SWITCH, 0;           ; Front panel switch
 135:     -	        	BITDEF NMI_PROT_VIOL, 1;        ; Write protection violation
 136:     -	        	BITDEF NMI_SUPER_VIOL, 2;       ; Supervisor violation
 137:     -	        	BITDEF NMI_TRACE, 3;            ; Debugger trace (single step)
 138:     -	000F'         	NMI_REASONS_ALL equ NMI_SWITCH_MASK + NMI_PROT_VIOL_MASK + NMI_SUPER_VIOL_MASK + NMI_TRACE_MASK
 139:				;
 140:				; Serial CSRs (IOA_SER1_CSR and IOA_SER2_CSR).
 141:     -	        	BITDEF SER_CSR_RX_EMPTY, 0      ; Receiver buffer is empty
 142:     -	        	BITDEF SER_CSR_RX_ALHALF, 1     ; Receiver buffer is at least half full
 143:     -	        	BITDEF SER_CSR_RX_FULL, 2       ; Receiver buffer is full
 144:     -	        	BITDEF SER_CSR_FRAME_ERR, 3     ; Framing error in last character
 145:     -	        	BITDEF SER_CSR_TX_EMPTY, 4      ; Transmitter buffer is empty
 146:     -	        	BITDEF SER_CSR_TX_ALHALF, 5     ; Transmitter buffer is at least half full
 147:     -	        	BITDEF SER_CSR_TX_FULL, 6       ; Transmitter buffer is full
 148:				; Bit 7 is not used.
 149:				;
 150:				; I2C (Inter-Integrated Circuit) master interface. Used for RTC (DS1672).
 151:				; Bits in IOA_I2C_CSR
 152:     -	        	BITDEF I2C_CSR_ACKN, 0          ; (Read / write) acknowledge from receiving device
 153:     -	        	BITDEF I2C_CSR_START, 1         ; (Write only) trigger start sequence
 154:     -	        	BITDEF I2C_CSR_STOP, 2          ; (Write only) trigger stop sequence
 155:     -	        	BITDEF I2C_CSR_BUSY, 7          ; (Read only) transceiver busy
 156:				;
 157:				; SPI (Serial Peripheral Interface) master interface. Used for memory card.
 158:				; Bits in IOA_SPI_CSR
 159:     -	        	BITDEF SPI_CSR_FAST, 0          ; (Read / write) SPI speed select
 160:     -	        	BITDEF SPI_CSR_MC_SS, 1         ; (Read / write) memory card slave select
 161:     -	        	BITDEF SPI_CSR_BUSY, 7          ; (Read only) transceiver busy
 162:				
**** diags.z80 ****
  27:				                include "terminal.i"    ; Terminal constants
**** /home/merlin/Dropbox/ZARC_Z80_Box/git_cpm3_dev/software/includes/terminal.i ****
   1:				; ***********************************
   2:				; * ZARC Terminal Definitions       *
   3:				; * Written by: Merlin Skinner      *
   4:				; * Date Started: 16/5/2020         *
   5:				; ***********************************
   6:				;
   7:				; Definitions associated with terminals connected to an RS-232 port.
   8:				;
   9:     -	0005'         	ASCII_ENQ           equ 0x05        ; Enquiry
  10:     -	0008'         	ASCII_BS            equ 0x08        ; Backspace
  11:     -	0009'         	ASCII_HT            equ 0x09
  12:     -	000A'         	ASCII_LF            equ 0x0a        ; Line feed
  13:     -	000B'         	ASCII_VT            equ 0x0b        ; Upline (ADM-3A)
  14:     -	000C'         	ASCII_FF            equ 0x0c        ; Forward space (ADM-3A)
  15:     -	000D'         	ASCII_CR            equ 0x0d        ; Carriage return
  16:     -	0016'         	ASCII_SYN           equ 0x16        ; Synchronous idle
  17:     -	001A'         	ASCII_SUB           equ 0x1a        ; Clear screen (ADM-3A)
  18:     -	001B'         	ASCII_ESC           equ 0x1b        ; Escape
  19:     -	001E'         	ASCII_RS            equ 0x1e        ; Home cursor (ADM-3A)
  20:     -	007F'         	ASCII_DEL           equ 0x7f        ; Delete
  21:				;
  22:				; ZARC CP/M terminal input key codes. Some are copied from Amstrad PCW and
  23:				; Spectrum +3, others are unique to ZARC. Delete seems very common.
  24:     -	001F'         	ZKEY_CSR_UP         equ 0x1f        ; Cursor up
  25:     -	001E'         	ZKEY_CSR_DOWN       equ 0x1e        ; Cursor down
  26:     -	0006'         	ZKEY_CSR_RIGHT      equ 0x06        ; Cursor right
  27:     -	0001'         	ZKEY_CSR_LEFT       equ 0x01        ; Cursor left
  28:     -	0002'         	ZKEY_HOME           equ 0x02
  29:     -	0016'         	ZKEY_INSERT         equ 0x16
  30:     -	007F'         	ZKEY_DELETE         equ 0x7f
  31:     -	0004'         	ZKEY_END            equ 0x04
  32:     -	001D'         	ZKEY_PAGE_UP        equ 0x1d
  33:     -	001C'         	ZKEY_PAGE_DOWN      equ 0x1c
  34:				
**** diags.z80 ****
  28:				                include "io.i"          ; I/O routines
**** /home/merlin/Dropbox/ZARC_Z80_Box/git_cpm3_dev/software/includes/io.i ****
   1:				; ***********************************
   2:				; * ZARC Basic I/O Extern Symbols   *
   3:				; * Written by: Merlin Skinner      *
   4:				; * Date Started: 16/5/2020         *
   5:				; ***********************************
   6:				;
   7:				; Note that ld80 only considers the first six characters of labels significant.
   8:				
   9:				; The following conditionals are intended to allow the same include file to be
  10:				; used in the defining module and elsewhere as required. Some includes are used
  11:				; for other applications than the monitor, such as the CP/M BIOS. In these cases,
  12:				; the extern and extern statements are not desirable.
  13:				;
  14:     -	0001'         	            ifdef monitor           ; Meaningful for monitor build only
  15:     -	0001'         	                ifndef io           ; Inhibit for this module
  16:				;
  17:				                ; Variables
  18:				                extern coport   ; Current console port (PRT_xxx)
  19:				                extern trport   ; Current data transfer port (PRT_xxx)
  20:				;
  21:				                ; Routines
  22:				                extern conwch   ; Write character to the console
  23:				                extern conrch   ; Read character from the console
  24:				                extern consta   ; Fetch console port status
  25:				                extern trawch   ; Write character to the data transfer port
  26:				                extern trarch   ; Read character from the data transfer port
  27:				                extern s1wch    ; Write character to serial port 1
  28:				                extern s1rch    ; Read character from serial port 1
  29:				                extern s1sta    ; Fetch serial port 1 status
  30:				                extern s2wch    ; Write character to serial port 2
  31:				                extern s2rch    ; Read character from serial port 2
  32:				                extern s2sta    ; Fetch serial port 2 status
  33:				                extern i2cwr    ; Write to I2C device
  34:				                extern i2crd    ; Read from I2C device
  35:				                extern spiini   ; Initialise SPI interface and set speed
  36:				                extern spiss    ; Set SPI slave select(s)
  37:				                extern spitr    ; Transfer byte to / from SPI device
  38:				;
  39:				                endif
  40:				            endif
  41:				;
  42:				;
  43:				; Port enumeration. Used for console and transfer port selection. Definitions must
  44:				; match names in prt_name_list (monitor.z80).
  45:     -	        	                ENUM_START
  46:     -	        	                ENUM PORT_SER1          ; Serial port 1
  47:     -	        	                ENUM PORT_SER2          ; Serial port 2
  48:     -	        	                ENUM_END PORT_STATES    ; Number of states
  49:				;
  50:				
**** diags.z80 ****
  29:				                include "utility.i"     ; Utility functions
**** /home/merlin/Dropbox/ZARC_Z80_Box/git_cpm3_dev/software/includes/utility.i ****
   1:				; ***********************************
   2:				; * ZARC Monitor Utility Routines   *
   3:				; * Written by: Merlin Skinner      *
   4:				; * Date Started: 16/5/2020         *
   5:				; ***********************************
   6:				;
   7:				; Note that ld80 only considers the first six characters of labels significant
   8:				;
   9:				; The following conditionals are intended to allow the same include file to be
  10:				; used in the defining module and elsewhere as required. Some includes are used
  11:				; for other applications than the monitor, such as the CP/M BIOS. In these cases,
  12:				; the extern and public statements are not desirable.
  13:				;
  14:     -	0001'         	            ifdef monitor           ; Meaningful for monitor build only
  15:     -	0001'         	                ifndef utility      ; Inhibit for this module
  16:				;
  17:				                extern cwnwln       ; Write new line characters to console.
  18:				                extern conwms       ; Print null-terminated string to the console
  19:				                extern conwmn       ; Print message <n> in a list
  20:				                extern skpspc       ; Step hl past spaces
  21:				                extern toupca       ; Convert character in A to upper case
  22:				                extern toloca       ; Convert character in A to lower case
  23:				                extern cwvich       ; Print only visible 7-bit characters
  24:				                extern cwpspc       ; Print a space
  25:				                extern mtwdli       ; Match word in a string against list of options
  26:				                extern cwphnb       ; Print least-significant nibble in A in hexadecimal
  27:				                extern cwphby       ; Print A in hexadecimal
  28:				                extern cwphwd       ; Print HL in hexadecimal
  29:				                extern cwpdby       ; Print A in decimal. Leading zeros are suppressed
  30:				                extern cwpdwd       ; Print HL in decimal. Leading zeros are suppressed
  31:				                extern cwpdlo       ; Print DEHL in decimal. Leading zeros are suppressed
  32:				                extern rdhxwd       ; Read a 16-bit hexadecimal number from a string
  33:				                extern rdduwd       ; Read a 16-bit unsigned decimal number from a string
  34:				                extern rddulo       ; Read a 32-bit unsigned decimal number from a string
  35:				;
  36:				                endif
  37:				            endif
  38:				;
  39:				;
  40:				; mtwdli (match word in a string against list of options) option bits. Each bit
  41:				; has the described effect if set.
  42:     -	        	BITDEF MTWDLI_ABBREV, 0                 ; Enable "." abbreviation
  43:     -	        	BITDEF MTWDLI_ICASE, 1                  ; Ignore case when matching
  44:     -	        	BITDEF MTWDLI_TERM, 7                   ; Terminator found (internal use only)
  45:				
**** diags.z80 ****
  30:				                include "maths.i"       ; Mathematical functions
**** /home/merlin/Dropbox/ZARC_Z80_Box/git_cpm3_dev/software/includes/maths.i ****
   1:				; *******************************************************
   2:				; * Mathematical Routines for ZARC Z80 Computer         *
   3:				; * Written by: Merlin Skinner                          *
   4:				; * Date Started: 29/5/2020                             *
   5:				; *******************************************************
   6:				;
   7:				; Note that ld80 only considers the first six characters of labels significant.
   8:				;
   9:				; The following conditionals are intended to allow the same include file to be
  10:				; used in the defining module and elsewhere as required. Some includes are used
  11:				; for other applications than the monitor, such as the CP/M BIOS. In these cases,
  12:				; the extern and public statements are not desirable.
  13:				;
  14:     -	0001'         	            ifdef monitor           ; Meaningful for monitor build only
  15:     -	0001'         	                ifndef maths        ; Inhibit for this module
  16:				;
  17:				                extern madlbu       ; 32-bit / 8-bit unsigned divide
  18:				                extern madwbu       ; 16-bit / 8-bit unsigned divide
  19:				                extern madbbu       ; 8-bit / 8-bit unsigned divide
  20:				                extern mamwwu       ; 16-bit * 16-bit unsigned multiply
  21:				                extern mamlbu       ; 32-bit * 8-bit unsigned multiply
  22:				                extern crc16x       ; Software CRC-16 (XMODEM)
  23:				;                extern malclr       ; 32-bit clear (HL)
  24:				                extern malinc       ; 32-bit increment (HL)
  25:				                extern mapcnt       ; Calculate percentage of two 32-bit values
  26:				                extern malld	    ; Load 32-bit number from memory
  27:				                extern malst        ; Store 32-bit number to memory
  28:				                extern maladd       ; 32-bit add
  29:				;
  30:				                endif
  31:				            endif
  32:				
**** diags.z80 ****
  31:				                include "memory.i"      ; Memory page allocation
**** /home/merlin/Dropbox/ZARC_Z80_Box/git_cpm3_dev/software/includes/memory.i ****
   1:				; *******************************************
   2:				; * ZARC Memory Include File                *
   3:				; * Written by: Merlin Skinner              *
   4:				; * Date Started: 24/11/2021                *
   5:				; *******************************************
   6:				;
   7:				;
   8:				; Note that ld80 only considers the first six characters of labels significant.
   9:				;
  10:				; The following conditionals are intended to allow the same include file to be
  11:				; used in the defining module and elsewhere as required. Some includes are used
  12:				; for other applications than the monitor, such as the CP/M BIOS. In these cases,
  13:				; the extern and public statements are not desirable.
  14:				;
  15:     -	0001'         	            ifdef monitor           ; Meaningful for monitor build only
  16:     -	0001'         	                ifndef memory       ; Inhibit for this module
  17:				;
  18:				                extern mpinit       ; Initialise
  19:				                extern mprpt        ; Report status to console
  20:				                extern mpall        ; Allocate new page
  21:				                extern mpfree       ; Free allocated page
  22:				                extern mpstat       ; Allocation status
  23:				                extern mppnam       ; Print entry name
  24:				;
  25:				                endif
  26:				            endif
  27:				;
  28:				; Physical memory constants are found in zarc.i
  29:				;
  30:     -	0004'         	MPA_NAME_LEN        equ 4               ; Page owner name length (bytes)
  31:				;
  32:				; Memory map
  33:     -	4000'         	MMAP_PAGE_SIZE      equ 0x4000          ; Memory mapping bank / page size
  34:     -	0004'         	MMAP_BANKS          equ 4               ; Number of 16 kB banks
  35:     -	0040'         	MMAP_PAGES          equ 0x40            ; Number of 16 kB RAM pages
  36:     -	0000'         	MMAP_BANK0_START    equ 0x0000
  37:     -	3FFF'         	MMAP_BANK0_END      equ 0x3fff
  38:     -	4000'         	MMAP_BANK1_START    equ 0x4000
  39:     -	7FFF'         	MMAP_BANK1_END      equ 0x7fff
  40:     -	8000'         	MMAP_BANK2_START    equ 0x8000
  41:     -	BFFF'         	MMAP_BANK2_END      equ 0xbfff
  42:     -	C000'         	MMAP_BANK3_START    equ 0xc000
  43:     -	FFFF'         	MMAP_BANK3_END      equ 0xffff
  44:				;
  45:				;
  46:				;
  47:				; ****************
  48:				; * Memory Usage *
  49:				; ****************
  50:				;
  51:				;
  52:				; Memory banks setup.
  53:				; 0 (0000 - 3FFF): 3f read only, supervisor - monitor program
  54:				; 1 (4000 - 7FFF): 3e writeable - monitor variables, stacks, buffers etc.
  55:				; 2 (8000 - BFFF): (not used)
  56:				; 3 (C000 - FFFF): (mapped as required)
  57:				;
  58:     -	003F'         	MMAP_MON_B0_PAGE    equ 0x3f        ; Page for bank 0
  59:     -	003E'         	MMAP_MON_B1_PAGE    equ 0x3e        ; Page for bank 1
  60:				;
  61:     -	0040'         	STACKS_SIZE     equ 64              ; Space allocated to normal stacks
  62:				;
  63:     -	7FFF'         	HEAP_TOP        equ MMAP_BANK1_END  ; Top (end) of heap space.
  64:				
**** diags.z80 ****
  32:				                include "mmc.i"         ; Memory card
**** /home/merlin/Dropbox/ZARC_Z80_Box/git_cpm3_dev/software/includes/mmc.i ****
   1:				; *******************************************
   2:				; * ZARC Monitor Memory Card Include File   *
   3:				; * Written by: Merlin Skinner              *
   4:				; * Date Started: 7/8/2020                  *
   5:				; *******************************************
   6:				;
   7:				;
   8:				; Note that ld80 only considers the first six characters of labels significant.
   9:				;
  10:				; The following conditionals are intended to allow the same include file to be
  11:				; used in the defining module and elsewhere as required. Some includes are used
  12:				; for other applications than the monitor, such as the CP/M BIOS. In these cases,
  13:				; the extern and public statements are not desirable.
  14:				;
  15:     -	0001'         	            ifdef monitor           ; Meaningful for monitor build only
  16:     -	0001'         	                ifndef mmc          ; Inhibit for this module
  17:				; Functions
  18:				                extern mccold       ; Cold start initialisation
  19:				                extern mcinit       ; Initialise memory card
  20:				                extern mcprer       ; Print memory card error text
  21:				                extern mcrvrs       ; Raw read / verify sector
  22:				                extern mcrws        ; Raw write sector
  23:				; Variables
  24:				                extern mcstat       ; Card state (MC_STAT_xxx)
  25:				                extern mcstat       ; Card state (MMC_STAT_xxx)
  26:				                extern mcprc        ; Physical read sector counter
  27:				                extern mcpwc        ; Physical write sector counter
  28:				                extern mcuwsc       ; Unchanged sector writes skipped
  29:				;
  30:				                endif
  31:				            endif
  32:				;
  33:				;
  34:     -	0200'         	MMC_SECTOR_SIZE             equ 512     ; Sector size
  35:     -	0009'         	MMC_LOG2_SEC_SIZE           equ 9       ; Save number of shifts for above
  36:     -	0040'         	MMC_CMD_START               equ 0x40    ; Command start bits (01b) shifted for
  37:				                                        ; command byte
  38:     -	0001'         	MMC_CMD_STOP                equ 0x01    ; Stop bit (in CRC byte)
  39:				;
  40:				;
  41:				; Card state (mcstat) states.
  42:     -	        	                ENUM_START
  43:     -	        	                ENUM MMC_STAT_IDLE      ; Not initialised
  44:     -	        	                ENUM MMC_STAT_INIT      ; Initialised (can do raw read / writes)
  45:				
  46:     -	        	                ENUM_END MC_STATES  ; Number of states
  47:				;
  48:				;
  49:				; Memory card command structure
  50:     -	        	                STRUCT
  51:     -	        	                STR_BYTE MMC_CMD    ; Command including start bits
  52:     -	        	                STR_BYTE MMC_ARG1   ; Arguments
  53:     -	        	                STR_BYTE MMC_ARG2   ; Arguments
  54:     -	        	                STR_BYTE MMC_ARG3   ; Arguments
  55:     -	        	                STR_BYTE MMC_ARG4   ; Arguments
  56:     -	        	                STR_BYTE MMC_CRC    ; CRC and stop bit
  57:     -	        	                STR_END MMC_SIZE
  58:				;
  59:				;
  60:				; SPI mode commands (CMDn from MMC-System-Spec-v3.31.pdf chapter 4.9).
  61:     -	0000'         	MMC_CMD_GO_IDLE_STATE       equ 0   ; Resets the memory card
  62:     -	0001'         	MMC_CMD_SEND_OP_COND        equ 1   ; Sends host capacity support information and init.
  63:     -	0009'         	MMC_CMD_SEND_CSD            equ 9   ; Read card specific data
  64:     -	000A'         	MMC_CMD_SEND_CID            equ 10  ; Read card identification
  65:     -	000D'         	MMC_CMD_SEND_STATUS         equ 13  ; Read card status register
  66:     -	0010'         	MMC_CMD_SET_BLOCKLEN        equ 16  ; Set block length (in bytes)
  67:     -	0011'         	MMC_CMD_READ_SINGLE_BLOCK   equ 17  ; Reads a block
  68:     -	0018'         	MMC_CMD_WRITE_BLOCK         equ 24  ; Writes a block
  69:     -	0037'         	MMC_CMD_APP_CMD             equ 55  ; Next command is an application specific command
  70:     -	003B'         	MMC_CMD_CRC_ON_OFF          equ 59  ; Turns the CRC option on or off
  71:				;
  72:				; The list describes all the application specific commands supported/reserved by the 
  73:				; memory card. All the following commands shall be preceded with APP_CMD (CMD55).
  74:     -	0029'         	MMC_ACMD_MC_SEND_OP_COND    equ 41  ; Sends host capacity support information and init
  75:				;
  76:				; R1 response bits
  77:     -	        	BITDEF MMC_R1_IDLE, 0           ; In idle state
  78:     -	        	BITDEF MMC_R1_ERA_RST, 1        ; Erase reset
  79:     -	        	BITDEF MMC_R1_ILL_CMD, 2        ; Illegal command
  80:     -	        	BITDEF MMC_R1_CMD_CRC_ERR, 3    ; Command CRC error
  81:     -	        	BITDEF MMC_R1_ERA_SEQ_ERR, 4    ; Erase sequence error
  82:     -	        	BITDEF MMC_R1_ADDR_ERR, 5       ; Address error
  83:     -	        	BITDEF MMC_R1_PAR_ERR, 6        ; Parameter error
  84:     -	        	BITDEF MMC_R1_START, 7          ; Zero identifies an R1 response
  85:				;
  86:				;
  87:     -	0006'         	MMC_CID_PNM_SIZE      equ 6   ; Product name length (bytes)
  88:				;
  89:				; Card IDentification (CID) register (128 bits)
  90:     -	        	                STRUCT
  91:     -	        	                STR_BYTE MMC_CID_MID    ; Manufacturer ID
  92:     -	        	                STR_WORD MMC_CID_OID    ; OEM/Application ID
  93:     -	        	                STR_BLOCK MMC_CID_PNM, MMC_CID_PNM_SIZE ; Product name
  94:     -	        	                STR_BYTE MMC_CID_PRV    ; Product revision
  95:     -	        	                STR_LONG MMC_CID_PSN    ; Product serial number
  96:     -	        	                STR_BYTE MMC_CID_MDT    ; Manufacturing date
  97:     -	        	                STR_BYTE MMC_CID_CRC    ; CRC7 checksum and "1"
  98:     -	        	                STR_END MMC_CID_SIZE
  99:				;
 100:				;
 101:				; Card-Specific Data (CSD) register (128 bits). It contains a number of bit fields
 102:				; that aren't necessarily byte aligned. In these cases, the entries simply identify
 103:				; the bit numbers contained.
 104:     -	        	                STRUCT
 105:     -	        	                STR_BYTE MMC_CSD_VERSION    ; (127-120) CSD version, spec version
 106:     -	        	                STR_BYTE MMC_CSD_TAAC       ; (119-112) data read access-time-1
 107:     -	        	                STR_BYTE MMC_CSD_NSAC       ; (111-104) data read access-time-2
 108:     -	        	                STR_BYTE MMC_CSD_TR_SPD     ; (103-96) max. data transfer rate
 109:     -	        	                STR_BYTE MMC_CSD_95_88      ; Card command classes (MS 8 bits)
 110:     -	        	                STR_BYTE MMC_CSD_87_80      ; CCC (LS bits) and max. read data length
 111:     -	        	                STR_BYTE MMC_CSD_79_72      ; Flags and C_SIZE bits 10 and 11
 112:     -	        	                STR_BYTE MMC_CSD_71_64      ; C_SIZE bits 2 to 9
 113:     -	        	                STR_BYTE MMC_CSD_63_56      ; C_SIZE bits 1 to 0 and some currents
 114:     -	        	                STR_BYTE MMC_CSD_55_48      ; Currents & C_SIZE_MULT (MS 2 bits)
 115:     -	        	                STR_BYTE MMC_CSD_47_40      ; C_SIZE_MULT (LS bit) and erase size (part)
 116:     -	        	                STR_BYTE MMC_CSD_39_32      ; Erase size (part) and WP group size
 117:     -	        	                STR_BYTE MMC_CSD_31_24      ; WP group enable, ECC and write parameters (part)
 118:     -	        	                STR_BYTE MMC_CSD_23_16      ; Write block lenth (part) and reserved
 119:     -	        	                STR_BYTE MMC_CSD_15_8       ; Flags
 120:     -	        	                STR_BYTE MMC_CSD_CRC        ; CRC7 checksum and "1"
 121:     -	        	                STR_END MMC_CSD_SIZE
 122:				
**** diags.z80 ****
  33:				                include "cache.i"       ; MMC sector cache
**** /home/merlin/Dropbox/ZARC_Z80_Box/git_cpm3_dev/software/includes/cache.i ****
   1:				; ***********************************************
   2:				; * ZARC Monitor Memory Card Cache Include File *
   3:				; * Written by: Merlin Skinner                  *
   4:				; * Date Started: 23/11/2020                    *
   5:				; ***********************************************
   6:				;
   7:				; Constants and structures associated with the MMC memory card sector cache.
   8:				;
   9:				; "Dirty" in this case indicates sector data that is in the cache, but has not yet
  10:				; been written to the MMC.
  11:				;
  12:				;
  13:				; The following conditionals are intended to allow the same include file to be
  14:				; used in the defining module and elsewhere as required. Some includes are used
  15:				; for other applications than the monitor, such as the CP/M BIOS. In these cases,
  16:				; the extern and public statements are not desirable.
  17:				;
  18:     -	0001'         	            ifdef monitor           ; Meaningful for monitor build only
  19:     -	0001'         	                ifndef cache        ; Inhibit for this module
  20:				; Functions
  21:				                extern cacold       ; Reset cache (cold start)
  22:				                extern cawarm       ; Initialise cache (warm start)
  23:				                extern carpt        ; Report status
  24:				                extern caflus       ; Flush cache
  25:				                extern cars         ; Read sector
  26:				                extern caws         ; Write sector
  27:				                extern cacrs        ; Read CP/M sector
  28:				                extern cacws        ; Write CP/M sector
  29:				; Variables
  30:				; Counters
  31:				                extern cntrs        ; Read MMC sector counter
  32:				                extern cntws        ; Write MMC sector counter
  33:				                extern cntcrs       ; Read CP/M sector counter
  34:				                extern cntcws       ; Write CP/M sector counter
  35:				                endif
  36:				            endif
  37:				;
  38:				;
  39:     -	0008'         	MCCA_PAGES          equ 8               ; RAM (16 KB) pages used for cache
  40:     -	0020'         	MCCA_BUFS_PER_PAGE  equ MMAP_PAGE_SIZE / MMC_SECTOR_SIZE
  41:     -	0100'         	MCCA_BUFFERS        equ MCCA_PAGES * MCCA_BUFS_PER_PAGE ; No. of sector buffers
  42:     -	0080'         	MCCA_DIRT_THRES     equ MCCA_BUFFERS / 2    ; Target no. of dirty buffers
  43:     -	0004'         	MMAP_CP3_BANKS      equ 4               ; Number of CP/M 3 banks
  44:				;
  45:				;
  46:				; Sector cache structure. This contains the data associated with a single cached
  47:				; sector.
  48:     -	        	                STRUCT
  49:     -	        	                STR_BYTE MCCAS_STATUS       ; Status byte
  50:     -	        	                STR_24BIT MCCAS_SECTOR      ; 24-bit sector number
  51:     -	        	                STR_WORD MCCAS_CSUM         ; Checksum of data
  52:     -	        	                STR_WORD MCCAS_ADDR         ; Address of data *1
  53:     -	        	                STR_BYTE MCCAS_PAGE         ; Page containing data
  54:     -	        	                STR_END MCCAS_SIZE
  55:				;
  56:				; *1 Address is in the range 0x8000 to 0xbfff to allow direct use when the page
  57:				; in MCCAS_PAGE is mapped to bank 2.
  58:				;
  59:				;
  60:				; MCCAS_STATUS byte is defined as follows:
  61:				; Bits 0 to 3 - set if the corresponding CP/M sector in this MMC sector is dirty.
  62:     -	        	BITDEF MCCAS_STAT_CPM0, 0       ; CP/M sector 0 (0 to 0x7f)
  63:     -	        	BITDEF MCCAS_STAT_CPM1, 1       ; CP/M sector 1 (0x80 to 0x0ff)
  64:     -	        	BITDEF MCCAS_STAT_CPM2, 2       ; CP/M sector 2 (0x100 to 0x17f)
  65:     -	        	BITDEF MCCAS_STAT_CPM3, 3       ; CP/M sector 3 (0x180 to 0x1ff)
  66:     -	        	BITDEF MCCAS_STAT_VALID, 4      ; Buffer contains valid data
  67:				;
  68:     -	000F'         	MCCAS_STAT_DIRT_MASK    equ MCCAS_STAT_CPM0_MASK + MCCAS_STAT_CPM1_MASK + MCCAS_STAT_CPM2_MASK + MCCAS_STAT_CPM3_MASK
  69:				
**** diags.z80 ****
  34:				;
  35:				;
  36:				; *************
  37:				; * Externals *
  38:				; *************
  39:				;
  40:				                public cpuspd   ; Measure approximate CPU clock speed
  41:				                public memtst   ; Test an area of memory with a range of patterns
  42:				                public memtal   ; Test entire memory
  43:				;
  44:				;
  45:				; *************
  46:				; * Constants *
  47:				; *************
  48:				;
  49:				; None
  50:				;
  51:				;
  52:				; *************
  53:				; * Main Code *
  54:				; *************
  55:				;
  56:				                cseg                ; Code segment
  57:				;
  58:				; Measure approximate CPU clock speed. This is intended by use during initialisation
  59:				; before interrupts are enabled. The tick interrupt mechanism is used as a timing
  60:				; reference (polling the relevant "pending" bit).
  61:				; Returns with:
  62:				; BC - CPU clock in KHz.
  63:    0+11	0000' D5      	cpuspd          push de
  64:   11+11	0001' E5      	                push hl
  65:   22+10	0002' 010000  	                ld bc, 0            ; Reset counter for later
  66:   32+7	0005' 2610    	                ld h, INT_TICK_MASK ; Cache value for later
  67:   39+10	0007' 110000  	                ld de, 0            ; Set timeout
  68:				; Synchronise to the tick interrupt
  69:   49+4	000A' 7C      	                ld a, h
  70:   53+11	000B' D30A    	                out (IOA_INT_PEND), a   ; Clear any pending tick interrupt
  71:     -	0000'         	                sett 0              ; Reset assembler cycle count
  72:				; Wait loop
  73:    0+11	000D' DB0A    	cspd_waittick   in IOA_INT_PEND     ; [11]
  74:   11+4	000F' A4      	                and h               ; [4]
  75:   15+7+5	0010' 2009    	                jr nz, cspd_tick    ; [7 - not taken] Jump if tick interrupt found                
  76:   22+6	0012' 13      	                inc de              ; [6]
  77:   28+4	0013' 7A      	                ld a, d             ; [4]
  78:   32+4	0014' B3      	                or e                ; [4]
  79:   36+10	0015' C20D00  	                jp nz, cspd_waittick    ; [10]
  80:				; Timed out after 0.41 s (8 MHz) or 105 s (31.25 Khz)
  81:   46+17	0018' CD0000  	                call panic          ; System panic if no tick found
  82:				;
  83:   63+4	001B' 7C      	cspd_tick       ld a, h
  84:   67+11	001C' D30A    	                out (IOA_INT_PEND), a   ; Clear pending tick interrupt
  85:     -	0000'         	                sett 0              ; Reset assembler cycle count
  86:				; The ideal period of the timing loop is 50 cycles for easy conversion  of the resulting
  87:				; count into KHz. The instructions below total 46, but allowing for I/O wait cycles then
  88:				; we are close.
  89:    0+11	001E' DB0A    	cspd_timloop    in IOA_INT_PEND     ; [11]
  90:   11+4	0020' A4      	                and h               ; [4]
  91:   15+7+5	0021' 2009    	                jr nz, cspd_tick1   ; [7 - not taken] Jump if tick interrupt found
  92:   22+6	0023' 03      	                inc bc              ; [6]
  93:   28+4	0024' 78      	                ld a, b             ; [4]
  94:   32+4	0025' B1      	                or c                ; [4]
  95:   36+10	0026' C21E00  	                jp nz, cspd_timloop ; [10]
  96:				; Timed out after 0.41 s (8 MHz) or 105 s (31.25 Khz)
  97:   46+17	0029' CD0000  	                call panic          ; System panic if no tick found
  98:				; Tick interrupt found, so we can stop counting.
  99:				; BC - count
 100:				; We need to divide by approximately 2.141.
 101:   63+10	002C' 118D77  	cspd_tick1      ld de, 30605        ; Multiplier
 102:   73+17	002F' CD0000  	                call mamwwu         ; 16-bit * 16-bit unsigned multiply
 103:				; DEHL - result
 104:				; Now divide by 65536.
 105:   90+4	0032' 42      	                ld b, d             ; Copy MSW to BC
 106:   94+4	0033' 4B      	                ld c, e
 107:   98+10	0034' E1      	                pop hl
 108:  108+10	0035' D1      	                pop de
 109:  118+10	0036' C9      	                ret
 110:				;
 111:				;
 112:				; Test an area of memory with a range of patterns. This tests memory as it is
 113:				; currently mapped.
 114:				; Call with:
 115:				; HL - start address
 116:				; BC - length
 117:				; Returns with:
 118:				; A - 0 if all went well.
 119:  128+11	0037' D5      	memtst          push de
 120:  139+4	0038' AF      	                xor a
 121:  143+13	0039' 320000  	                ld (mt_err_flag), a ; Reset error flag
 122:  156+11	003C' E5      	                push hl
 123:  167+11	003D' C5      	                push bc
 124:  178+17	003E' CDCA00  	                call mt_test_patt   ; All zeros
 125:  195+10	0041' C1      	                pop bc
 126:  205+10	0042' E1      	                pop hl
 127:  215+11	0043' E5      	                push hl
 128:  226+11	0044' C5      	                push bc
 129:  237+7	0045' 3EFF    	                ld a, 0xff
 130:  244+17	0047' CDCA00  	                call mt_test_patt   ; All ones
 131:  261+10	004A' C1      	                pop bc
 132:  271+10	004B' E1      	                pop hl
 133:				; Walking ones
 134:  281+7	004C' 1601    	                ld d, 1             ; Initial pattern
 135:  288+4	004E' 7A      	mt_walk1_lp     ld a, d
 136:  292+11	004F' E5      	                push hl
 137:  303+11	0050' C5      	                push bc
 138:  314+17	0051' CDCA00  	                call mt_test_patt   ; All ones
 139:  331+10	0054' C1      	                pop bc
 140:  341+10	0055' E1      	                pop hl
 141:  351+8	0056' CB02    	                rlc d
 142:				; Keep going unless the bit has fallen off
 143:  359+7+5	0058' 30F4    	                jr nc, mt_walk1_lp
 144:				; Walking zeroes
 145:  366+7	005A' 16FE    	                ld d, 0xfe          ; Initial pattern
 146:  373+4	005C' 7A      	mt_walk0_lp     ld a, d
 147:  377+11	005D' E5      	                push hl
 148:  388+11	005E' C5      	                push bc
 149:  399+17	005F' CDCA00  	                call mt_test_patt   ; All ones
 150:  416+10	0062' C1      	                pop bc
 151:  426+10	0063' E1      	                pop hl
 152:  436+8	0064' CB02    	                rlc d
 153:				; Keep going unless the bit has fallen off
 154:  444+7+5	0066' 38F4    	                jr c, mt_walk0_lp
 155:				; Addressing test. Write a repeating pattern of three bytes (1, 2 and 3)
 156:				; and verify it. No multiple of three is a power of two, so all address
 157:				; bits are tested.
 158:  451+7	0068' 1E01    	                ld e, 1             ; Initial pattern
 159:  458+11	006A' E5      	                push hl             ; Save address
 160:  469+11	006B' C5      	                push bc             ; Save length
 161:  480+10	006C' 218401  	                ld hl, mt_addr_msg
 162:  490+11	006F' CF      	                CON_WR_MSG   ; Print "Addressing test" message
 163:				; Restore address and length but leave a copy on the stack.
 164:  501+10	0070' C1      	                pop bc
 165:  511+10	0071' E1      	                pop hl
 166:  521+11	0072' E5      	                push hl
 167:  532+11	0073' C5      	                push bc
 168:				; Write the pattern.
 169:  543+4	0074' 78      	mt_wra_lp       ld a, b
 170:  547+4	0075' B1      	                or c
 171:  551+7+5	0076' 280D    	                jr z, mt_wra_dn     ; Exit if finished
 172:  558+7	0078' 73      	                ld (hl), e
 173:				; Adjust pattern
 174:  565+4	0079' 1C      	                inc e
 175:  569+7	007A' 3E03    	                ld a, 3
 176:  576+4	007C' BB      	                cp e
 177:  580+7+5	007D' 3002    	                jr nc, mt_wra_pok
 178:  587+7	007F' 1E01    	                ld e, 1
 179:  594+6	0081' 23      	mt_wra_pok      inc hl
 180:  600+6	0082' 0B      	                dec bc
 181:  606+12	0083' 18EF    	                jr mt_wra_lp
 182:				; Restore address and length.
 183:  618+10	0085' C1      	mt_wra_dn       pop bc
 184:  628+10	0086' E1      	                pop hl
 185:				; Verify the pattern.
 186:  638+7	0087' 1E01    	                ld e, 1             ; Initial pattern
 187:  645+4	0089' 78      	mt_vea_lp       ld a, b
 188:  649+4	008A' B1      	                or c
 189:  653+7+5	008B' 282C    	                jr z, mt_done       ; Exit if finished
 190:  660+7	008D' 7E      	                ld a, (hl)
 191:  667+4	008E' BB      	                cp e
 192:  671+7+5	008F' 281C    	                jr z, mt_vea_byte_dn ; Jump if OK
 193:				; Mismatch
 194:  678+11	0091' F5      	                push af             ; Save data read
 195:  689+11	0092' E5      	                push hl             ; Save address
 196:  700+10	0093' 219F01  	                ld hl, mt_err1_msg
 197:  710+11	0096' CF      	                CON_WR_MSG         ; Print "Error at " message
 198:  721+10	0097' E1      	                pop hl
 199:  731+11	0098' E5      	                push hl
 200:  742+17	0099' CD0000  	                call cwphwd         ; Print address in hex
 201:  759+10	009C' 21A901  	                ld hl, mt_err2_msg
 202:  769+11	009F' CF      	                CON_WR_MSG         ; Print ", read " message
 203:  780+10	00A0' E1      	                pop hl
 204:  790+10	00A1' F1      	                pop af
 205:  800+17	00A2' CD0000  	                call cwphby         ; Print data read in hex
 206:  817+17	00A5' CD0000  	                call cwnwln         ; Write new line characters to console
 207:				; Set error flag
 208:  834+7	00A8' 3E01    	                ld a, 1
 209:  841+13	00AA' 320000  	                ld (mt_err_flag), a
 210:				; Adjust pattern
 211:  854+4	00AD' 1C      	mt_vea_byte_dn  inc e
 212:  858+7	00AE' 3E03    	                ld a, 3
 213:  865+4	00B0' BB      	                cp e
 214:  869+7+5	00B1' 3002    	                jr nc, mt_vea_pok
 215:  876+7	00B3' 1E01    	                ld e, 1
 216:  883+6	00B5' 23      	mt_vea_pok      inc hl
 217:  889+6	00B6' 0B      	                dec bc
 218:  895+12	00B7' 18D0    	                jr mt_vea_lp
 219:				;
 220:  907+10	00B9' D1      	mt_done         pop de
 221:				                
 222:				; Report pass / fail state.
 223:  917+13	00BA' 3A0000  	mt_test_dn      ld a, (mt_err_flag) ; Return with error flag in A
 224:  930+4	00BD' A7      	                and a
 225:  934+7+5	00BE' 2005    	                jr nz, mt_errs
 226:				; No errors
 227:  941+10	00C0' 21CF01  	                ld hl, mt_pass_msg
 228:  951+11	00C3' CF      	                CON_WR_MSG         ; Print "Passed" message
 229:  962+10	00C4' C9      	                ret
 230:				; One or more errors occurred.
 231:  972+10	00C5' 21D801  	mt_errs         ld hl, mt_fail_msg
 232:  982+11	00C8' CF      	                CON_WR_MSG         ; Print "Failed" message
 233:  993+10	00C9' C9      	                ret 
 234:				;
 235:				; Test an area of memory with the pattern specified. This is used by memtst.
 236:				; Call with:
 237:				; A - pattern
 238:				; HL - start address
 239:				; BC - length
 240:				; mt_err_flag is set to 1 if an error is encountered.
 241:				; Note: E is not preserved.
 242: 1003+11	00CA' E5      	mt_test_patt    push hl             ; Save address
 243: 1014+11	00CB' C5      	                push bc             ; Save length
 244: 1025+4	00CC' 5F      	                ld e, a             ; Save pattern
 245: 1029+10	00CD' 219601  	                ld hl, mt_patt_msg
 246: 1039+11	00D0' CF      	                CON_WR_MSG         ; Print "Pattern " message
 247: 1050+4	00D1' 7B      	                ld a, e
 248: 1054+17	00D2' CD0000  	                call cwphby         ; Print in hex
 249: 1071+17	00D5' CD0000  	                call cwnwln         ; Write new line characters to console
 250:				; Restore address and length but leave a copy on the stack.
 251: 1088+10	00D8' C1      	                pop bc
 252: 1098+10	00D9' E1      	                pop hl
 253: 1108+11	00DA' E5      	                push hl
 254: 1119+11	00DB' C5      	                push bc
 255:				; Write the pattern.
 256: 1130+4	00DC' 78      	mt_wr_patt_lp   ld a, b
 257: 1134+4	00DD' B1      	                or c
 258: 1138+7+5	00DE' 2805    	                jr z, mt_wr_patt_dn ; Exit if finished
 259: 1145+7	00E0' 73      	                ld (hl), e
 260: 1152+6	00E1' 23      	                inc hl
 261: 1158+6	00E2' 0B      	                dec bc
 262: 1164+12	00E3' 18F7    	                jr mt_wr_patt_lp
 263:				; Now check it.
 264:				; Restore address and length.
 265: 1176+10	00E5' C1      	mt_wr_patt_dn   pop bc
 266: 1186+10	00E6' E1      	                pop hl
 267:				; Verify the pattern.
 268: 1196+4	00E7' 78      	mt_ve_patt_lp   ld a, b
 269: 1200+4	00E8' B1      	                or c
 270: 1204+5+6	00E9' C8      	                ret z               ; Exit if finished
 271: 1209+7	00EA' 7E      	                ld a, (hl)
 272: 1216+4	00EB' BB      	                cp e
 273: 1220+7+5	00EC' 281C    	                jr z, mt_ve_byte_dn ; Jump if OK
 274:				; Mismatch
 275: 1227+11	00EE' F5      	                push af             ; Save data read
 276: 1238+11	00EF' E5      	                push hl             ; Save address
 277: 1249+10	00F0' 219F01  	                ld hl, mt_err1_msg
 278: 1259+11	00F3' CF      	                CON_WR_MSG         ; Print "Error at " message
 279: 1270+10	00F4' E1      	                pop hl
 280: 1280+11	00F5' E5      	                push hl
 281: 1291+17	00F6' CD0000  	                call cwphwd         ; Print address in hex
 282: 1308+10	00F9' 21A901  	                ld hl, mt_err2_msg
 283: 1318+11	00FC' CF      	                CON_WR_MSG         ; Print ", read " message
 284: 1329+10	00FD' E1      	                pop hl
 285: 1339+10	00FE' F1      	                pop af
 286: 1349+17	00FF' CD0000  	                call cwphby         ; Print data read in hex
 287: 1366+17	0102' CD0000  	                call cwnwln         ; Write new line characters to console
 288:				; Set error flag
 289: 1383+7	0105' 3E01    	                ld a, 1
 290: 1390+13	0107' 320000  	                ld (mt_err_flag), a
 291: 1403+6	010A' 23      	mt_ve_byte_dn   inc hl
 292: 1409+6	010B' 0B      	                dec bc
 293: 1415+12	010C' 18D9    	                jr mt_ve_patt_lp
 294:				;
 295:				;
 296:				; Test the entire memory. This is not to be used lightly as it is very
 297:				; destructive. Loop through each page, testing them as we go.
 298:				; Returns with:
 299:				; A - 0 if all went well.
 300:				; Registers are not preserved.
 301: 1427+17	010E' CD0000  	memtal          call caflus         ; Flush cache
 302: 1444+4	0111' AF      	                xor a
 303: 1448+13	0112' 320000  	                ld (mt_err_flag), a ; Reset error flag
 304: 1461+7	0115' 0E00    	                ld c, 0             ; Starting page
 305: 1468+4	0117' 79      	mta_page_lp     ld a, c
 306: 1472+7	0118' FE3F    	                cp MMAP_MON_B0_PAGE
 307: 1479+7+5	011A' 2826    	                jr z, mta_next_page ; Skip pages used by monitor
 308: 1486+7	011C' FE3E    	                cp MMAP_MON_B1_PAGE
 309: 1493+7+5	011E' 2822    	                jr z, mta_next_page
 310:				; Print the current page
 311: 1500+10	0120' 21BB01  	                ld hl, mta_page_msg
 312: 1510+11	0123' CF      	                CON_WR_MSG         ; Print "Page" message
 313: 1521+4	0124' 79      	                ld a, c
 314: 1525+17	0125' CD0000  	                call cwphby         ; Print page in hex
 315: 1542+17	0128' CD0000  	                call cwnwln         ; Write new line characters to console
 316: 1559+4	012B' 79      	                ld a, c
 317:				; Set bank 3 (0xc000 to 0xffff) to the required page.
 318:				; Super and prot are not set so we can write, and there is no need for I/O.
 319: 1563+11	012C' D307    	                out (IOA_MMAP_3), a
 320: 1574+11	012E' C5      	                push bc             ; Save page
 321: 1585+10	012F' 2100C0  	                ld hl, MMAP_BANK3_START ; Start address
 322: 1595+11	0132' E5      	                push hl             ; Save address
 323: 1606+10	0133' 010040  	                ld bc, MMAP_PAGE_SIZE   ; Length
 324: 1616+17	0136' CD3700  	                call memtst
 325: 1633+4	0139' A7      	                and a
 326: 1637+7+5	013A' 2803    	                jr z, mta_pageok
 327: 1644+13	013C' 320000  	                ld (mt_err_flag), a ; Set error flag on error
 328: 1657+10	013F' E1      	mta_pageok      pop hl
 329: 1667+10	0140' C1      	                pop bc
 330: 1677+7	0141' 71      	                ld (hl), c          ; Write page number into first byte
 331: 1684+4	0142' 0C      	mta_next_page   inc c
 332: 1688+4	0143' 79      	                ld a, c
 333: 1692+7	0144' FE40    	                cp MMAP_PAGES
 334: 1699+7+5	0146' 38CF    	                jr c, mta_page_lp
 335:				; Verify the tags we left in each page to make sure the page select logic
 336:				; is really working.
 337:				; Loop through each page again
 338: 1706+10	0148' 21C101  	                ld hl, mta_pagetst_msg
 339: 1716+11	014B' CF      	                CON_WR_MSG         ; Print "Paging test" message
 340: 1727+7	014C' 0E00    	                ld c, 0             ; Starting page
 341: 1734+4	014E' 79      	mta_page_sel_lp  ld a, c
 342: 1738+7	014F' FE3F    	                cp MMAP_MON_B0_PAGE
 343: 1745+7+5	0151' 2828    	                jr z, mta_next_page1 ; Skip monitor pages
 344: 1752+7	0153' FE3E    	                cp MMAP_MON_B1_PAGE
 345: 1759+7+5	0155' 2824    	                jr z, mta_next_page1
 346:				; Set bank 3 (0xc000 to 0xffff) to the required page.
 347:				; is selected as we have no further need to write.
 348: 1766+7	0157' F680    	                or MMAP_PROT_MASK   ; Select write protect
 349: 1773+11	0159' D307    	                out (IOA_MMAP_3), a
 350: 1784+10	015B' 2100C0  	                ld hl, MMAP_BANK3_START ; Set address
 351: 1794+7	015E' 7E      	                ld a, (hl)
 352:				;            or 0x20                 ; Deliberately create errors for testing
 353: 1801+4	015F' B9      	                cp c                ; Verify tag
 354: 1805+7+5	0160' 2819    	                jr z, mta_next_page1
 355:				; Mismatch
 356:				; A - data read
 357:				; C - data expected (page number)
 358: 1812+11	0162' F5      	                push af             ; Save data read
 359: 1823+10	0163' 21B101  	                ld hl, mt_err3_msg
 360: 1833+11	0166' CF      	                CON_WR_MSG         ; Print "Expected " message
 361: 1844+4	0167' 79      	                ld a, c
 362: 1848+17	0168' CD0000  	                call cwphby         ; Print data expected in hex
 363: 1865+10	016B' 21A901  	                ld hl, mt_err2_msg
 364: 1875+11	016E' CF      	                CON_WR_MSG         ; Print ", read " message
 365: 1886+10	016F' F1      	                pop af
 366: 1896+17	0170' CD0000  	                call cwphby         ; Print data read in hex
 367: 1913+17	0173' CD0000  	                call cwnwln         ; Write new line characters to console
 368:				; Set error flag
 369: 1930+7	0176' 3E01    	                ld a, 1
 370: 1937+13	0178' 320000  	                ld (mt_err_flag), a
 371: 1950+4	017B' 0C      	mta_next_page1  inc c
 372: 1954+4	017C' 79      	                ld a, c
 373: 1958+7	017D' FE40    	                cp MMAP_PAGES
 374: 1965+7+5	017F' 38CD    	                jr c, mta_page_sel_lp
 375: 1972+10	0181' C3BA00  	                jp mt_test_dn       ; Report pass / fail state and exit
 376:				;
 377:				;
 378:				;
 379:				; *************
 380:				; * Constants *
 381:				; *************
 382:				;
 383:     -	0184' 41646472	mt_addr_msg     byte "Addressing test", 0x0d, 0x0a, 0
	              65737369
	              6E672074
	              6573740D
	              0A00
 384:     -	0196' 50617474	mt_patt_msg     byte "Pattern ", 0
	              65726E20
	              00
 385:     -	019F' 4572726F	mt_err1_msg     byte "Error at ", 0
	              72206174
	              2000
 386:     -	01A9' 2C207265	mt_err2_msg     byte ", read ", 0
	              61642000
 387:     -	01B1' 45787065	mt_err3_msg     byte "Expected ", 0
	              63746564
	              2000
 388:     -	01BB' 50616765	mta_page_msg    byte "Page ", 0
	              2000
 389:     -	01C1' 50616769	mta_pagetst_msg byte "Paging test", 0x0d, 0x0a, 0
	              6E672074
	              6573740D
	              0A00
 390:     -	01CF' 50617373	mt_pass_msg     byte "Passed", 0x0d, 0x0a, 0
	              65640D0A
	              00
 391:     -	01D8' 4661696C	mt_fail_msg     byte "Failed", 0x0d, 0x0a, 0
	              65640D0A
	              00
 392:				;
 393:				;
 394:				;
 395:				; *************
 396:				; * Variables *
 397:				; *************
 398:				;
 399:				;
 400:				; Note: linker "-c" option is used, so no data is initialised here.
 401:				                dseg                ; Data segment
 402:				;
 403:     -	0000"         	mt_err_flag     defs 1              ; Memory test error flag
 404:				;
 405:     -	0001"         	                end



Statistics:

     4	passes
     0	jr promotions
   447	symbols
   481	bytes

   190	macro calls
  2391	macro bytes
     0	invented symbols



Symbol Table:

ASCII_BS       =08        8
ASCII_CR       =0D        13
ASCII_DEL      =7F        127
ASCII_ENQ      =05        5
ASCII_ESC      =1B        27
ASCII_FF       =0C        12
ASCII_HT       =09        9
ASCII_LF       =0A        10
ASCII_RS       =1E        30
ASCII_SUB      =1A        26
ASCII_SYN      =16        22
ASCII_VT       =0B        11
HEAP_TOP       =7FFF      32767
I2C_CSR_ACKN_BIT=00        0
I2C_CSR_ACKN_MASK=01        1
I2C_CSR_BUSY_BIT=07        7
I2C_CSR_BUSY_MASK=80        128
I2C_CSR_START_BIT=01        1
I2C_CSR_START_MASK=02        2
I2C_CSR_STOP_BIT=02        2
I2C_CSR_STOP_MASK=04        4
INTS_NUM       =08        8
INT_SER1_RX_BIT=01        1
INT_SER1_RX_MASK=02        2
INT_SER1_RX_VEC=01        1
INT_SER1_TX_BIT=00        0
INT_SER1_TX_MASK=01        1
INT_SER1_TX_VEC=00        0
INT_SER2_RX_BIT=03        3
INT_SER2_RX_MASK=08        8
INT_SER2_RX_VEC=03        3
INT_SER2_TX_BIT=02        2
INT_SER2_TX_MASK=04        4
INT_SER2_TX_VEC=02        2
INT_TICK_BIT   =04        4
INT_TICK_MASK  =10        16
INT_TICK_VEC   =04        4
IOA_CONTROL    =02        2
IOA_CRC_0      =24        36
IOA_CRC_1      =25        37
IOA_CRC_DATA   =26        38
IOA_FPGA_MAJREV=00        0
IOA_FPGA_MINREV=01        1
IOA_FP_SW      =03        3
IOA_I2C_CSR    =18        24
IOA_I2C_DATA   =19        25
IOA_INT_EN     =08        8
IOA_INT_PEND   =0A        10
IOA_MMAP_0     =04        4
IOA_MMAP_1     =05        5
IOA_MMAP_2     =06        6
IOA_MMAP_3     =07        7
IOA_NMI_REASONS=0C        12
IOA_SER1_CSR   =10        16
IOA_SER1_DATA  =11        17
IOA_SER2_CSR   =12        18
IOA_SER2_DATA  =13        19
IOA_SPI_CSR    =20        32
IOA_SPI_DATA   =21        33
MCALL_CACRS    =E4        228
MCALL_CACWS    =E7        231
MCALL_CAFLUS   =F0        240
MCALL_CARS     =EA        234
MCALL_CAWS     =ED        237
MCALL_CONRCH   =72        114
MCALL_CONSTA   =75        117
MCALL_CONWCH   =6F        111
MCALL_CONWMN   =90        144
MCALL_CONWMS   =8D        141
MCALL_CRC16X   =CF        207
MCALL_CWNWLN   =8A        138
MCALL_CWPDBY   =AE        174
MCALL_CWPDLO   =B4        180
MCALL_CWPDWD   =B1        177
MCALL_CWPHBY   =A8        168
MCALL_CWPHNB   =A5        165
MCALL_CWPHWD   =AB        171
MCALL_CWPSPC   =9F        159
MCALL_CWPTM    =DE        222
MCALL_CWVICH   =9C        156
MCALL_JPTBL_NEXT=FC        252
MCALL_MADBBU   =C6        198
MCALL_MADLBU   =C0        192
MCALL_MADWBU   =C3        195
MCALL_MAMLBU   =CC        204
MCALL_MAMWWU   =C9        201
MCALL_MCPRER   =E1        225
MCALL_MON_ENTRY=69        105
MCALL_MPALL    =F3        243
MCALL_MPFREE   =F6        246
MCALL_MPSTAT   =F9        249
MCALL_MTWDLI   =A2        162
MCALL_PANIC    =6C        108
MCALL_RDDULO   =BD        189
MCALL_RDDUWD   =BA        186
MCALL_RDHXWD   =B7        183
MCALL_S1RCH    =7B        123
MCALL_S1STA    =7E        126
MCALL_S1WCH    =78        120
MCALL_S2RCH    =84        132
MCALL_S2STA    =87        135
MCALL_S2WCH    =81        129
MCALL_SKPSPC   =93        147
MCALL_TIITOS   =D8        216
MCALL_TIRD     =D2        210
MCALL_TISTOI   =DB        219
MCALL_TIWR     =D5        213
MCALL_TOLOCA   =99        153
MCALL_TOUPCA   =96        150
MCCAS_ADDR     =06        6
MCCAS_CSUM     =04        4
MCCAS_PAGE     =08        8
MCCAS_SECTOR   =01        1
MCCAS_SIZE     =09        9
MCCAS_STATUS   =00        0
MCCAS_STAT_CPM0_BIT=00        0
MCCAS_STAT_CPM0_MASK=01        1
MCCAS_STAT_CPM1_BIT=01        1
MCCAS_STAT_CPM1_MASK=02        2
MCCAS_STAT_CPM2_BIT=02        2
MCCAS_STAT_CPM2_MASK=04        4
MCCAS_STAT_CPM3_BIT=03        3
MCCAS_STAT_CPM3_MASK=08        8
MCCAS_STAT_DIRT_MASK=0F        15
MCCAS_STAT_VALID_BIT=04        4
MCCAS_STAT_VALID_MASK=10        16
MCCA_BUFFERS   = 100      256
MCCA_BUFS_PER_PAGE=20        32
MCCA_DIRT_THRES=80        128
MCCA_PAGES     =08        8
MC_STATES      =02        2
MMAP_BANK0_END =3FFF      16383
MMAP_BANK0_START=00        0
MMAP_BANK1_END =7FFF      32767
MMAP_BANK1_START=4000      16384
MMAP_BANK2_END =BFFF      49151
MMAP_BANK2_START=8000      32768
MMAP_BANK3_END =FFFF      65535
MMAP_BANK3_START=C000      49152
MMAP_BANKS     =04        4
MMAP_CP3_BANKS =04        4
MMAP_MON_B0_PAGE=3F        63
MMAP_MON_B1_PAGE=3E        62
MMAP_PAGES     =40        64
MMAP_PAGE_MASK =3F        63
MMAP_PAGE_SIZE =4000      16384
MMAP_PROT_BIT  =07        7
MMAP_PROT_MASK =80        128
MMAP_SUPER_BIT =06        6
MMAP_SUPER_MASK=40        64
MMC_ACMD_MC_SEND_OP_COND=29        41
MMC_ARG1       =01        1
MMC_ARG2       =02        2
MMC_ARG3       =03        3
MMC_ARG4       =04        4
MMC_CID_CRC    =0F        15
MMC_CID_MDT    =0E        14
MMC_CID_MID    =00        0
MMC_CID_OID    =01        1
MMC_CID_PNM    =03        3
MMC_CID_PNM_SIZE=06        6
MMC_CID_PRV    =09        9
MMC_CID_PSN    =0A        10
MMC_CID_SIZE   =10        16
MMC_CMD        =00        0
MMC_CMD_APP_CMD=37        55
MMC_CMD_CRC_ON_OFF=3B        59
MMC_CMD_GO_IDLE_STATE=00        0
MMC_CMD_READ_SINGLE_BLOCK=11        17
MMC_CMD_SEND_CID=0A        10
MMC_CMD_SEND_CSD=09        9
MMC_CMD_SEND_OP_COND=01        1
MMC_CMD_SEND_STATUS=0D        13
MMC_CMD_SET_BLOCKLEN=10        16
MMC_CMD_START  =40        64
MMC_CMD_STOP   =01        1
MMC_CMD_WRITE_BLOCK=18        24
MMC_CRC        =05        5
MMC_CSD_15_8   =0E        14
MMC_CSD_23_16  =0D        13
MMC_CSD_31_24  =0C        12
MMC_CSD_39_32  =0B        11
MMC_CSD_47_40  =0A        10
MMC_CSD_55_48  =09        9
MMC_CSD_63_56  =08        8
MMC_CSD_71_64  =07        7
MMC_CSD_79_72  =06        6
MMC_CSD_87_80  =05        5
MMC_CSD_95_88  =04        4
MMC_CSD_CRC    =0F        15
MMC_CSD_NSAC   =02        2
MMC_CSD_SIZE   =10        16
MMC_CSD_TAAC   =01        1
MMC_CSD_TR_SPD =03        3
MMC_CSD_VERSION=00        0
MMC_LOG2_SEC_SIZE=09        9
MMC_R1_ADDR_ERR_BIT=05        5
MMC_R1_ADDR_ERR_MASK=20        32
MMC_R1_CMD_CRC_ERR_BIT=03        3
MMC_R1_CMD_CRC_ERR_MASK=08        8
MMC_R1_ERA_RST_BIT=01        1
MMC_R1_ERA_RST_MASK=02        2
MMC_R1_ERA_SEQ_ERR_BIT=04        4
MMC_R1_ERA_SEQ_ERR_MASK=10        16
MMC_R1_IDLE_BIT=00        0
MMC_R1_IDLE_MASK=01        1
MMC_R1_ILL_CMD_BIT=02        2
MMC_R1_ILL_CMD_MASK=04        4
MMC_R1_PAR_ERR_BIT=06        6
MMC_R1_PAR_ERR_MASK=40        64
MMC_R1_START_BIT=07        7
MMC_R1_START_MASK=80        128
MMC_SECTOR_SIZE= 200      512
MMC_SIZE       =06        6
MMC_STAT_IDLE  =00        0
MMC_STAT_INIT  =01        1
MPA_NAME_LEN   =04        4
MST_AF         =1C        28
MST_AF_P       =14        20
MST_BC         =1A        26
MST_BC_P       =12        18
MST_DE         =18        24
MST_DE_P       =10        16
MST_HL         =16        22
MST_HL_P       =0E        14
MST_I          =1E        30
MST_IEN        =00        0
MST_IX         =0C        12
MST_IY         =0A        10
MST_MMAP0      =02        2
MST_MMAP1      =03        3
MST_MMAP2      =04        4
MST_MMAP3      =05        5
MST_MMAP_EN    =01        1
MST_PC         =08        8
MST_R          =1F        31
MST_SIZE       =20        32
MST_SP         =06        6
MS_PER_TICK    =64        100
MTWDLI_ABBREV_BIT=00        0
MTWDLI_ABBREV_MASK=01        1
MTWDLI_ICASE_BIT=01        1
MTWDLI_ICASE_MASK=02        2
MTWDLI_TERM_BIT=07        7
MTWDLI_TERM_MASK=80        128
NMI_PROT_VIOL_BIT=01        1
NMI_PROT_VIOL_MASK=02        2
NMI_REASONS_ALL=0F        15
NMI_REASONS_NUM=04        4
NMI_SUPER_VIOL_BIT=02        2
NMI_SUPER_VIOL_MASK=04        4
NMI_SWITCH_BIT =00        0
NMI_SWITCH_MASK=01        1
NMI_TRACE_BIT  =03        3
NMI_TRACE_MASK =08        8
PORT_SER1      =00        0
PORT_SER2      =01        1
PORT_STATES    =02        2
SER_CSR_FRAME_ERR_BIT=03        3
SER_CSR_FRAME_ERR_MASK=08        8
SER_CSR_RX_ALHALF_BIT=01        1
SER_CSR_RX_ALHALF_MASK=02        2
SER_CSR_RX_EMPTY_BIT=00        0
SER_CSR_RX_EMPTY_MASK=01        1
SER_CSR_RX_FULL_BIT=02        2
SER_CSR_RX_FULL_MASK=04        4
SER_CSR_TX_ALHALF_BIT=05        5
SER_CSR_TX_ALHALF_MASK=20        32
SER_CSR_TX_EMPTY_BIT=04        4
SER_CSR_TX_EMPTY_MASK=10        16
SER_CSR_TX_FULL_BIT=06        6
SER_CSR_TX_FULL_MASK=40        64
SPI_CSR_BUSY_BIT=07        7
SPI_CSR_BUSY_MASK=80        128
SPI_CSR_FAST_BIT=00        0
SPI_CSR_FAST_MASK=01        1
SPI_CSR_MC_SS_BIT=01        1
SPI_CSR_MC_SS_MASK=02        2
STACKS_SIZE    =40        64
SYSCTRL_MAPARM_BIT=03        3
SYSCTRL_MAPARM_MASK=08        8
SYSCTRL_MMAPN_BIT=04        4
SYSCTRL_MMAPN_MASK=10        16
SYSCTRL_MMAP_BIT=01        1
SYSCTRL_MMAP_MASK=02        2
SYSCTRL_NMCLR_BIT=02        2
SYSCTRL_NMCLR_MASK=04        4
SYSCTRL_RESERVED_BIT=07        7
SYSCTRL_RESERVED_MASK=80        128
SYSCTRL_TRARM_BIT=00        0
SYSCTRL_TRARM_MASK=01        1
SYSCTRL_TRPRE0_BIT=05        5
SYSCTRL_TRPRE0_MASK=20        32
SYSCTRL_TRPRE1_BIT=06        6
SYSCTRL_TRPRE1_MASK=40        64
TICK_FREQ      =0A        10
TRM_NONE       =00        0
TRM_SINGLE     =01        1
TRM_STATES     =04        4
TRM_TO_ADDR    =02        2
TRM_XPT        =03        3
Z80_NMI_VEC    =66        102
Z80_RST00_VEC  =00        0
Z80_RST08_VEC  =08        8
Z80_RST10_VEC  =10        16
Z80_RST18_VEC  =18        24
Z80_RST20_VEC  =20        32
Z80_RST28_VEC  =28        40
Z80_RST30_VEC  =30        48
Z80_RST38_VEC  =38        56
ZKEY_CSR_DOWN  =1E        30
ZKEY_CSR_LEFT  =01        1
ZKEY_CSR_RIGHT =06        6
ZKEY_CSR_UP    =1F        31
ZKEY_DELETE    =7F        127
ZKEY_END       =04        4
ZKEY_HOME      =02        2
ZKEY_INSERT    =16        22
ZKEY_PAGE_DOWN =1C        28
ZKEY_PAGE_UP   =1D        29
cacold          00        0 (extern)
cacrs           00        0 (extern)
cacws           00        0 (extern)
caflus          00        0 (extern)
carpt           00        0 (extern)
cars            00        0 (extern)
cawarm          00        0 (extern)
caws            00        0 (extern)
cntcrs          00        0 (extern)
cntcws          00        0 (extern)
cntrs           00        0 (extern)
cntws           00        0 (extern)
conrch          00        0 (extern)
consta          00        0 (extern)
conwch          00        0 (extern)
conwmn          00        0 (extern)
conwms          00        0 (extern)
coport          00        0 (extern)
cpuspd          00'       0 (public)
crc16x          00        0 (extern)
cspd_tick       1B'       27
cspd_tick1      2C'       44
cspd_timloop    1E'       30
cspd_waittick   0D'       13
cwnwln          00        0 (extern)
cwpdby          00        0 (extern)
cwpdlo          00        0 (extern)
cwpdwd          00        0 (extern)
cwphby          00        0 (extern)
cwphnb          00        0 (extern)
cwphwd          00        0 (extern)
cwpspc          00        0 (extern)
cwvich          00        0 (extern)
diags          =01        1
enum_counter   =02        2
i2crd           00        0 (extern)
i2cwr           00        0 (extern)
jptbl_addr     =FC        252
madbbu          00        0 (extern)
madlbu          00        0 (extern)
madwbu          00        0 (extern)
maladd          00        0 (extern)
malinc          00        0 (extern)
malld           00        0 (extern)
malst           00        0 (extern)
mamlbu          00        0 (extern)
mamwwu          00        0 (extern)
mapcnt          00        0 (extern)
mccold          00        0 (extern)
mcinit          00        0 (extern)
mcprc           00        0 (extern)
mcprer          00        0 (extern)
mcpwc           00        0 (extern)
mcrun           00        0 (extern)
mcrvrs          00        0 (extern)
mcrws           00        0 (extern)
mcspd           00        0 (extern)
mcstat          00        0 (extern)
mcuwsc          00        0 (extern)
mdisrg          00        0 (extern)
memtal           10E'     270 (public)
memtst          37'       55 (public)
monitor        =01        1
mpall           00        0 (extern)
mpfree          00        0 (extern)
mpinit          00        0 (extern)
mppnam          00        0 (extern)
mprpt           00        0 (extern)
mpstat          00        0 (extern)
mscnt           00        0 (extern)
mstate          00        0 (extern)
mt_addr_msg      184'     388
mt_done         B9'       185
mt_err1_msg      19F'     415
mt_err2_msg      1A9'     425
mt_err3_msg      1B1'     433
mt_err_flag     00"       0
mt_errs         C5'       197
mt_fail_msg      1D8'     472
mt_pass_msg      1CF'     463
mt_patt_msg      196'     406
mt_test_dn      BA'       186
mt_test_patt    CA'       202
mt_ve_byte_dn    10A'     266
mt_ve_patt_lp   E7'       231
mt_vea_byte_dn  AD'       173
mt_vea_lp       89'       137
mt_vea_pok      B5'       181
mt_walk0_lp     5C'       92
mt_walk1_lp     4E'       78
mt_wr_patt_dn   E5'       229
mt_wr_patt_lp   DC'       220
mt_wra_dn       85'       133
mt_wra_lp       74'       116
mt_wra_pok      81'       129
mta_next_page    142'     322
mta_next_page1   17B'     379
mta_page_lp      117'     279
mta_page_msg     1BB'     443
mta_page_sel_lp  14E'     334
mta_pageok       13F'     319
mta_pagetst_msg  1C1'     449
mtwdli          00        0 (extern)
panic           00        0 (extern)
rddulo          00        0 (extern)
rdduwd          00        0 (extern)
rdhxwd          00        0 (extern)
rusby           00        0 (extern)
ruswd           00        0 (extern)
s1rch           00        0 (extern)
s1sta           00        0 (extern)
s1wch           00        0 (extern)
s2rch           00        0 (extern)
s2sta           00        0 (extern)
s2wch           00        0 (extern)
skpspc          00        0 (extern)
spiini          00        0 (extern)
spiss           00        0 (extern)
spitr           00        0 (extern)
str_offset     =09        9
toloca          00        0 (extern)
toupca          00        0 (extern)
trarch          00        0 (extern)
trawch          00        0 (extern)
trport          00        0 (extern)
wusby           00        0 (extern)
wuswd           00        0 (extern)
