   1:				; *******************************************************
   2:				; * Mathematical routines for ZARC Z80 Computer         *
   3:				; * Written by: Merlin Skinner                          *
   4:				; * Date Started: 29/5/2020                             *
   5:				; *******************************************************
   6:				;
   7:				; Simple support routines for use with the monitor program or other
   8:				; programmes.
   9:				;
  10:				; Routines preserve all registers not required as operands or return
  11:				; values except AF unless otherwise stated below.
  12:				;
  13:				;
  14:     -	0001'         	monitor         equ 1                   ; Flag part of monitor build
  15:     -	0001'         	maths           equ 1                   ; Flag module for includes
  16:				;
  17:				;
  18:				;
  19:				; ************
  20:				; * Includes *
  21:				; ************
  22:				;
  23:				                include "macros.i"
**** /home/merlin/Dropbox/ZARC_Z80_Box/git_cpm3_dev/software/includes/macros.i ****
   1:				; ***********************************
   2:				; * ZARC Macro Definitions          *
   3:				; * Written by: Merlin Skinner      *
   4:				; * Date Started: 30/7/2020         *
   5:				; ***********************************
   6:				;
   7:				;
   8:				;
   9:				; **********
  10:				; * Macros *
  11:				; **********
  12:				;
  13:				;
  14:				; Initialise enumeration.
  15:				; The absolute segment is used so the offsets are not marked as relocatable. This
  16:				; avoids "Not relocatable" errors.
  17:				ENUM_START      macro
  18:				                .aseg
  19:				enum_counter    set 0
  20:				                endm
  21:				;
  22:				; Invoke for each item.
  23:				ENUM            macro x
  24:				x               equ enum_counter
  25:				enum_counter    set enum_counter + 1
  26:				                endm
  27:				;
  28:				ENUM_END        macro x
  29:				x               set enum_counter    ; Set label to count of items
  30:				                .cseg
  31:				                endm
  32:				;
  33:				;
  34:				; Initialise a structure. This is used to generate offsets for data structures.
  35:				; The absolute segment is used so the offsets are not marked as relocatable. This
  36:				; avoids "Not relocatable" errors.
  37:				STRUCT          macro
  38:				                .aseg
  39:				str_offset      set 0
  40:				                endm
  41:				;
  42:				; Add a byte entry.
  43:				STR_BYTE        macro x
  44:				x               equ str_offset
  45:				str_offset      set str_offset + 1
  46:				                endm
  47:				;
  48:				; Add a word (16-bit) entry.
  49:				STR_WORD        macro x
  50:				x               equ str_offset
  51:				str_offset      set str_offset + 2
  52:				                endm
  53:				;
  54:				; Add a 3 byte (24-bit) entry.
  55:				STR_24BIT       macro x
  56:				x               equ str_offset
  57:				str_offset      set str_offset + 3
  58:				                endm
  59:				;
  60:				; Add a long (32-bit) entry.
  61:				STR_LONG        macro x
  62:				x               equ str_offset
  63:				str_offset      set str_offset + 4
  64:				                endm
  65:				;
  66:				; Add an arbitrary length entry.
  67:				STR_BLOCK       macro x, size   ; <name>, <size>
  68:				x               equ str_offset
  69:				str_offset      set str_offset + size
  70:				                endm
  71:				;
  72:				; End of structure (used to set size)
  73:				STR_END         macro x
  74:				x               equ str_offset
  75:				                .cseg
  76:				                endm
  77:				;
  78:				;
  79:				; Allocate space. This is used to generate variable addresses, affectively
  80:				; providing a new variables segment. Allocated size is kept track of separately
  81:				; to the address as the latter may overflow in certain error cases.
  82:				ALLOC           macro x
  83:				                .aseg
  84:				all_addr        set x
  85:				all_size        set 0
  86:				                endm
  87:				;
  88:				; Add a byte entry.
  89:				ALL_BYTE        macro x
  90:				x               equ all_addr
  91:				all_addr        set all_addr + 1
  92:				all_size        set all_size + 1
  93:				                endm
  94:				;
  95:				; Add a word (16-bit) entry.
  96:				ALL_WORD        macro x
  97:				x               equ all_addr
  98:				all_addr        set all_addr + 2
  99:				all_size        set all_size + 2
 100:				                endm
 101:				;
 102:				; Add a 3 byte (24-bit) entry.
 103:				ALL_24BIT       macro x
 104:				x               equ all_addr
 105:				all_addr        set all_addr + 3
 106:				all_size        set all_size + 3
 107:				                endm
 108:				;
 109:				; Add a long (32-bit) entry.
 110:				ALL_LONG        macro x
 111:				x               equ all_addr
 112:				all_addr        set all_addr + 4
 113:				all_size        set all_size + 4
 114:				                endm
 115:				;
 116:				; Add an arbitrary length entry.
 117:				ALL_BLOCK       macro x, size   ; <name>, <size>
 118:				x               equ all_addr
 119:				all_addr        set all_addr + size
 120:				all_size        set all_size + size
 121:				                endm
 122:				;
 123:				; End of allocated space. Returns size of block.
 124:				ALL_END         macro x
 125:				x               equ all_size
 126:				                .cseg
 127:				                endm
 128:				;
 129:				;
 130:				; Calculate offsets into jump tables.
 131:				; The absolute segment is used so the offsets are not marked as relocatable. This
 132:				; avoids "Not relocatable" errors.
 133:				JPTBL_START     macro x
 134:				                .aseg
 135:				jptbl_addr      set x               ; Set start address
 136:				                endm
 137:				;
 138:				; Invoke for each item.
 139:				JPTBL_ENTRY     macro x
 140:				x               equ jptbl_addr
 141:				jptbl_addr      set jptbl_addr + 3
 142:				                endm
 143:				;
 144:				; Invoke for a data block in the jump table
 145:				JPTBL_BLOCK     macro x, size   ; <name>, <size>
 146:				x               equ jptbl_addr
 147:				jptbl_addr      set jptbl_addr + size
 148:				                endm
 149:				;
 150:				JPTBL_END       macro x
 151:				x               set jptbl_addr      ; Set label to next address
 152:				                .cseg
 153:				                endm
 154:				;
 155:				;
 156:				; Define bits and masks. This is inspired by the Commodore Amiga BITDEF mechanism.
 157:				; Given:
 158:				; BITDEF I2C_CSR_STOP, 2
 159:				; Yields:
 160:				; I2C_CSR_STOP_BIT  EQU 2       ; Bit number
 161:				; I2C_CSR_STOP_MASK EQU 1<<2    ; Bit mask
 162:				BITDEF          macro n, b      ; <Name>, <bit>
 163:				n`_BIT          equ b
 164:				n`_MASK         equ 1 << b
 165:				                endm
 166:				;
 167:				;
 168:				; Force alignment. This asserts an appropriate number of zero bytes to achieve
 169:				; the required alignment. Note that these macros cannot work for relocatable
 170:				; files.
 171:				; 16-bit
 172:				ALIGN_WORD      macro
 173:				                if $ and 1
 174:				                    byte 0
 175:				                endif
 176:				                endm
 177:				;
 178:				; 32-bit
 179:				ALIGN_LONG      macro
 180:				                ALIGN_WORD
 181:				                if $ and 2
 182:				                    byte 0, 0
 183:				                endif
 184:				                endm
 185:				;
 186:				;
 187:				; Write message to console (short for "call conwms").
 188:				CON_WR_MSG      macro
 189:				                rst 08
 190:				                endm
 191:				;
 192:				;
 193:				; Write character to console (short for "call conwch").
 194:				CON_WR_CHAR     macro
 195:				                rst 16
 196:				                endm
 197:				
**** maths.z80 ****
  24:				                include "z80.i"
**** /home/merlin/Dropbox/ZARC_Z80_Box/git_cpm3_dev/software/includes/z80.i ****
   1:				; ***********************************
   2:				; * ZARC Z80 Definitions            *
   3:				; * Written by: Merlin Skinner      *
   4:				; * Date Started: 28/5/2020         *
   5:				; ***********************************
   6:				;
   7:				; Definitions related to the Z80 itself.
   8:				;
   9:				; Z80 Vectors
  10:     -	0000'         	Z80_RST00_VEC   equ 0x0000      ; RST instruction vectors
  11:     -	0008'         	Z80_RST08_VEC   equ 0x0008
  12:     -	0010'         	Z80_RST10_VEC   equ 0x0010
  13:     -	0018'         	Z80_RST18_VEC   equ 0x0018
  14:     -	0020'         	Z80_RST20_VEC   equ 0x0020
  15:     -	0028'         	Z80_RST28_VEC   equ 0x0028
  16:     -	0030'         	Z80_RST30_VEC   equ 0x0030
  17:     -	0038'         	Z80_RST38_VEC   equ 0x0038
  18:     -	0066'         	Z80_NMI_VEC     equ 0x0066      ; NMI vectors
  19:				
**** maths.z80 ****
  25:				                include "monitor.i"
**** /home/merlin/Dropbox/ZARC_Z80_Box/git_cpm3_dev/software/includes/monitor.i ****
   1:				; *******************************************************
   2:				; * ZARC Monitor Definitions                            *
   3:				; * Written by: Merlin Skinner                          *
   4:				; * Date Started: 26/5/2020                             *
   5:				; *******************************************************
   6:				;
   7:				; Definitions related to the monitor programme.
   8:				;
   9:				; Note that ld80 only considers the first six characters of labels significant.
  10:				;
  11:				;
  12:				; The following conditionals are intended to allow the same include file to be
  13:				; used in the defining module and elsewhere as required. Some includes are used
  14:				; for other applications than the monitor, such as the CP/M BIOS. In these
  15:				; cases, the extern and public statements are not desirable.
  16:				;
  17:     -	0001'         	            ifdef monitor           ; Meaningful for monitor build only
  18:     -	0001'         	                ifndef main         ; Inhibit for this module
  19:				; Constants
  20:				;
  21:				; Variables
  22:				                extern mscnt            ; Monitor start count
  23:				                extern mcspd            ; Approximate CPU speed in KHz
  24:				                extern mstate           ; Machine state structure
  25:				;
  26:				; Functions
  27:				                extern panic            ; System error exception
  28:				                extern rusby            ; Read byte from user space
  29:				                extern ruswd            ; Read 16-bit word from user space
  30:				                extern wusby            ; Write byte to user space
  31:				                extern wuswd            ; Write 16-bit word to user space
  32:				                extern mcrun            ; Switch context to user code
  33:				                extern mdisrg           ; Display registers
  34:				;
  35:				                endif
  36:				            endif
  37:				;
  38:				;
  39:				;
  40:				; *****************
  41:				; * Monitor Calls *
  42:				; *****************
  43:				;
  44:				;
  45:				; Calculate offsets into jump tables. Entries here must match the jump table in
  46:				; monitor.z80.
  47:     -	        	    JPTBL_START %(Z80_NMI_VEC + 3)   ; Start after NMI vector
  48:				;
  49:				; From monitor.z80
  50:     -	        	    JPTBL_ENTRY MCALL_MON_ENTRY     ; Normal monitor entry
  51:     -	        	    JPTBL_ENTRY MCALL_PANIC         ; System error monitor entry
  52:				; From io.z80
  53:     -	        	    JPTBL_ENTRY MCALL_CONWCH        ; Write character to the console port
  54:     -	        	    JPTBL_ENTRY MCALL_CONRCH        ; Read character from the console port
  55:     -	        	    JPTBL_ENTRY MCALL_CONSTA        ; Fetch console port status
  56:     -	        	    JPTBL_ENTRY MCALL_S1WCH         ; Write character to serial port 1
  57:     -	        	    JPTBL_ENTRY MCALL_S1RCH         ; Read character from serial port 1
  58:     -	        	    JPTBL_ENTRY MCALL_S1STA         ; Fetch serial port 1 status
  59:     -	        	    JPTBL_ENTRY MCALL_S2WCH         ; Write character to serial port 2
  60:     -	        	    JPTBL_ENTRY MCALL_S2RCH         ; Read character from serial port 2
  61:     -	        	    JPTBL_ENTRY MCALL_S2STA         ; Fetch serial port 2 status
  62:				; From utility.z80
  63:     -	        	    JPTBL_ENTRY MCALL_CWNWLN        ; Write new line characters to console
  64:     -	        	    JPTBL_ENTRY MCALL_CONWMS        ; Print null-terminated string to the console
  65:     -	        	    JPTBL_ENTRY MCALL_CONWMN        ; Print message <n> in a list
  66:     -	        	    JPTBL_ENTRY MCALL_SKPSPC        ; Step hl past spaces
  67:     -	        	    JPTBL_ENTRY MCALL_TOUPCA        ; Convert character in A to upper case
  68:     -	        	    JPTBL_ENTRY MCALL_TOLOCA        ; Convert character in A to lower case
  69:     -	        	    JPTBL_ENTRY MCALL_CWVICH        ; Print only visible 7-bit characters
  70:     -	        	    JPTBL_ENTRY MCALL_CWPSPC        ; Print a space
  71:     -	        	    JPTBL_ENTRY MCALL_MTWDLI        ; Match word in a string against list of options
  72:     -	        	    JPTBL_ENTRY MCALL_CWPHNB        ; Print least-significant nibble in A in hexadecimal
  73:     -	        	    JPTBL_ENTRY MCALL_CWPHBY        ; Print A in hexadecimal
  74:     -	        	    JPTBL_ENTRY MCALL_CWPHWD        ; Print HL in hexadecimal
  75:     -	        	    JPTBL_ENTRY MCALL_CWPDBY        ; Print A in decimal. Leading zeros are suppressed.
  76:     -	        	    JPTBL_ENTRY MCALL_CWPDWD        ; Print HL in decimal. Leading zeros are suppressed.
  77:     -	        	    JPTBL_ENTRY MCALL_CWPDLO        ; Print DEHL in decimal. Leading zeros are suppressed
  78:     -	        	    JPTBL_ENTRY MCALL_RDHXWD        ; Read a 16-bit hexadecimal number from a string
  79:     -	        	    JPTBL_ENTRY MCALL_RDDUWD        ; Read a 16-bit unsigned decimal number from a string
  80:     -	        	    JPTBL_ENTRY MCALL_RDDULO        ; Read a 32-bit unsigned decimal number from a string
  81:				; From maths.z80
  82:     -	        	    JPTBL_ENTRY MCALL_MADLBU        ; 32-bit / 8-bit unsigned divide
  83:     -	        	    JPTBL_ENTRY MCALL_MADWBU        ; 16-bit / 8-bit unsigned divide
  84:     -	        	    JPTBL_ENTRY MCALL_MADBBU        ; 8-bit / 8-bit unsigned divide
  85:     -	        	    JPTBL_ENTRY MCALL_MAMWWU        ; 16-bit * 16-bit unsigned multiply
  86:     -	        	    JPTBL_ENTRY MCALL_MAMLBU        ; 32-bit * 8-bit unsigned multiply
  87:     -	        	    JPTBL_ENTRY MCALL_CRC16X        ; CRC-16 (XMODEM)
  88:				; From time.z80
  89:     -	        	    JPTBL_ENTRY MCALL_TIRD          ; Read current time and date
  90:     -	        	    JPTBL_ENTRY MCALL_TIWR          ; Set time and date
  91:     -	        	    JPTBL_ENTRY MCALL_TIITOS        ; Convert integer time to structure
  92:     -	        	    JPTBL_ENTRY MCALL_TISTOI        ; Convert structure time to integer
  93:     -	        	    JPTBL_ENTRY MCALL_CWPTM         ; Print time structure to console
  94:				; From mmc.z80
  95:     -	        	    JPTBL_ENTRY MCALL_MCPRER        ; Print memory card error text
  96:				; From cache.z80
  97:     -	        	    JPTBL_ENTRY MCALL_CACRS         ; CP/M read sector
  98:     -	        	    JPTBL_ENTRY MCALL_CACWS         ; CP/M write sector
  99:     -	        	    JPTBL_ENTRY MCALL_CARS          ; MMC read sector
 100:     -	        	    JPTBL_ENTRY MCALL_CAWS          ; MMC write sector
 101:     -	        	    JPTBL_ENTRY MCALL_CAFLUS        ; Flush cache (write dirty buffers)
 102:				; From memory.z80
 103:     -	        	    JPTBL_ENTRY MCALL_MPALL         ; Allocate new page
 104:     -	        	    JPTBL_ENTRY MCALL_MPFREE        ; Free allocated page
 105:     -	        	    JPTBL_ENTRY MCALL_MPSTAT        ; Allocation status
 106:				;
 107:     -	        	    JPTBL_END MCALL_JPTBL_NEXT
 108:				;
 109:				;
 110:				;
 111:				; **************
 112:				; * Structures *
 113:				; **************
 114:				;
 115:				;
 116:				; Machine state structure.
 117:     -	        	                STRUCT
 118:     -	        	                STR_BYTE MST_IEN        ; Non-zero if interrupts enabled
 119:     -	        	                STR_BYTE MST_MMAP_EN    ; Non-zero if memory mapping enabled
 120:     -	        	                STR_BYTE MST_MMAP0      ; Memory mapping registers
 121:     -	        	                STR_BYTE MST_MMAP1
 122:     -	        	                STR_BYTE MST_MMAP2
 123:     -	        	                STR_BYTE MST_MMAP3
 124:     -	        	                STR_WORD MST_SP
 125:     -	        	                STR_WORD MST_PC
 126:				; The sequence of the following entries must match those in the state save and
 127:				; load routines.
 128:     -	        	                STR_WORD MST_IY
 129:     -	        	                STR_WORD MST_IX
 130:     -	        	                STR_WORD MST_HL_P
 131:     -	        	                STR_WORD MST_DE_P
 132:     -	        	                STR_WORD MST_BC_P
 133:     -	        	                STR_WORD MST_AF_P       ; Alternate ("prime") registers
 134:     -	        	                STR_WORD MST_HL
 135:     -	        	                STR_WORD MST_DE
 136:     -	        	                STR_WORD MST_BC
 137:     -	        	                STR_WORD MST_AF
 138:				; End of sequence critical entries.
 139:     -	        	                STR_BYTE MST_I
 140:     -	        	                STR_BYTE MST_R
 141:     -	        	                STR_END MST_SIZE
 142:				;
 143:				;
 144:				;
 145:				; *************
 146:				; * Constants *
 147:				; *************
 148:				;
 149:				;
 150:				; Trace mode states for trace_mode.
 151:     -	        	                ENUM_START
 152:     -	        	                ENUM TRM_NONE
 153:     -	        	                ENUM TRM_SINGLE
 154:     -	        	                ENUM TRM_TO_ADDR        ; Trace to address
 155:     -	        	                ENUM TRM_XPT            ; Exception - start running normally
 156:     -	        	                ENUM_END TRM_STATES     ; Number of states
 157:				
**** maths.z80 ****
  26:				                include "zarc.i"        ; Hardware definitions
**** /home/merlin/Dropbox/ZARC_Z80_Box/git_cpm3_dev/software/includes/zarc.i ****
   1:				; ***********************************
   2:				; * ZARC Definitions                *
   3:				; * Written by: Merlin Skinner      *
   4:				; * Date Started: 26/5/2020         *
   5:				; ***********************************
   6:				;
   7:				; Definitions related to the ZARC system.
   8:				;
   9:				;
  10:				; ************
  11:				; * Hardware *
  12:				; ************
  13:				;
  14:				; Interrupt vector numbers in INT_VEC_TABLE.
  15:				; Address is INT_VEC_TABLE + 2 * vector number).
  16:     -	0000'         	INT_SER1_TX_VEC     equ INT_SER1_TX_BIT ; Serial port 1 transmitter buffer is half full or less
  17:     -	0001'         	INT_SER1_RX_VEC     equ INT_SER1_RX_BIT ; Serial port 1 receiver has data
  18:     -	0002'         	INT_SER2_TX_VEC     equ INT_SER2_TX_BIT ; Serial port 2 transmitter buffer is half full or less
  19:     -	0003'         	INT_SER2_RX_VEC     equ INT_SER2_RX_BIT ; Serial port 2 receiver has data
  20:     -	0004'         	INT_TICK_VEC        equ INT_TICK_BIT    ; Regular timekeeping
  21:				;
  22:     -	0064'         	MS_PER_TICK         equ 100             ; ms per tick
  23:     -	000A'         	TICK_FREQ           equ 10              ; Tick rate in Hz
  24:				;
  25:				
**** maths.z80 ****
  27:				                include "io_map.i"      ; I/O addresses mapping
**** /home/merlin/Dropbox/ZARC_Z80_Box/git_cpm3_dev/software/includes/io_map.i ****
   1:				; ***********************************
   2:				; * ZARC I/O Definitions            *
   3:				; * Written by: Merlin Skinner      *
   4:				; * Date Started: 3/9/2019          *
   5:				; ***********************************
   6:				
   7:				; *** I/O register address mapping ***
   8:				
   9:				; This should be kept in sync with the Definitions.vhd package file.
  10:     -	0000'         	IOA_FPGA_MAJREV equ 0x00        ; FPGA major revision
  11:     -	0001'         	IOA_FPGA_MINREV equ 0x01        ; FPGA minor revision
  12:     -	0002'         	IOA_CONTROL     equ 0x02        ; System control register
  13:     -	0003'         	IOA_FP_SW       equ 0x03        ; Front panel data switches
  14:				
  15:				; Paging
  16:     -	0004'         	IOA_MMAP_0      equ 0x04        ; Page, supervisor and protection for bank 0 (0x0000 to 0x3fff)
  17:     -	0005'         	IOA_MMAP_1      equ 0x05        ; Page, supervisor and protection for bank 1 (0x4000 to 0x7fff)
  18:     -	0006'         	IOA_MMAP_2      equ 0x06        ; Page, supervisor and protection for bank 2 (0x8000 to 0xbfff)
  19:     -	0007'         	IOA_MMAP_3      equ 0x07        ; Page, supervisor and protection for bank 3 (0xc000 to 0xffff)
  20:				
  21:				; Interrupts
  22:				; Note: Up to eight interrupts are supported. IM 2 is anticipated, and the
  23:				; fixed vector associated with each interrupt is supplied when the interrupt
  24:				; is serviced. Routine address is “I*256+databus”. Vector supplied is
  25:				; 0xe0 + 2 * interrupt number (0 to 7).
  26:				; Note: addresses 0x09 and 0x0b reserved for use if more than eight interrupt
  27:				; sources are required.
  28:     -	0008'         	IOA_INT_EN      equ 0x08        ; Enables
  29:     -	000A'         	IOA_INT_PEND    equ 0x0a        ; Pending interrupts
  30:				;
  31:				;NMI
  32:     -	000C'         	IOA_NMI_REASONS equ 0x0c        ; NMI reasons flags
  33:				;
  34:				; Serial.
  35:     -	0010'         	IOA_SER1_CSR    equ 0x10        ; Port 1 control / status
  36:     -	0011'         	IOA_SER1_DATA   equ 0x11        ; Port 1 data
  37:     -	0012'         	IOA_SER2_CSR    equ 0x12        ; Port 2 serial control / status
  38:     -	0013'         	IOA_SER2_DATA   equ 0x13        ; Port 2 serial data
  39:				
  40:				; RTC (DS1672)
  41:				; I2C, implemented using a byte interface to the CPU. Writing to the data port
  42:				; shifts out a byte. Input puts are shifted into the “other end” of the same
  43:				; register.
  44:     -	0018'         	IOA_I2C_CSR     equ 0x18        ; Control
  45:     -	0019'         	IOA_I2C_DATA    equ 0x19        ; Data
  46:				;
  47:				; SD Card
  48:				; Uses SPI mode, with a generally similar interface to that of the I2C.
  49:     -	0020'         	IOA_SPI_CSR     equ 0x20        ; Control
  50:     -	0021'         	IOA_SPI_DATA    equ 0x21        ; Data
  51:				
  52:				; CRC16 / XMODEM and MultiMediaCard CRC16
  53:				; Write to the CRC register to set the initial value. Writing to the input
  54:				; data register updates the CRC.
  55:     -	0024'         	IOA_CRC_0       equ 0x24        ; CRC register (low)
  56:     -	0025'         	IOA_CRC_1       equ 0x25        ; CRC register (high)
  57:     -	0026'         	IOA_CRC_DATA    equ 0x26        ; Input data
  58:				
  59:				; *** Proposed features ***
  60:				; Video
  61:				;IOA_VID_CTRL    equ 0x30;       ; Control (cursor on/off ...)
  62:				;IOA_VID_DATA    equ 0x31;       ; Data
  63:				;IOA_VID_CUR_X   equ 0x32;       ; Cursor X (0 to 127)
  64:				;IOA_VID_CUR_Y   equ 0x33;       ; Cursor Y (0 to 63)
  65:				;IOA_VID_START_L equ 0x34        ; Display start address (low byte)
  66:				;IOA_VID_START_H equ 0x35        ; Display start address (high byte)
  67:				
  68:				; Video palette
  69:				; Each entry consists of 6 bits of colour data. Foreground and background
  70:				; colour pairs are selected from the above palette using eight of the 22
  71:				; control codes in the display character set. This leaves codes for
  72:				; double-height, double-width etc.
  73:				;IOA_VID_PALBG0  equ 0x40        ; Background colour 0
  74:				;IOA_VID_PALFG0  equ 0x41        ; Foreground colour 0
  75:				;IOA_VID_PALBG1  equ 0x42        ; Background colour 1
  76:				;IOA_VID_PALFG1  equ 0x43        ; Foreground colour 1
  77:				;IOA_VID_PALBG2  equ 0x44        ; Background colour 2
  78:				;IOA_VID_PALFG2  equ 0x45        ; Foreground colour 2
  79:				;IOA_VID_PALBG3  equ 0x46        ; Background colour 3
  80:				;IOA_VID_PALFG3  equ 0x47        ; Foreground colour 3
  81:				;IOA_VID_PALBG4  equ 0x48        ; Background colour 4
  82:				;IOA_VID_PALFG4  equ 0x49        ; Foreground colour 4
  83:				;IOA_VID_PALBG5  equ 0x4a        ; Background colour 5
  84:				;IOA_VID_PALFG5  equ 0x4b        ; Foreground colour 5
  85:				;IOA_VID_PALBG6  equ 0x4c        ; Background colour 6
  86:				;IOA_VID_PALFG6  equ 0x4d        ; Foreground colour 6
  87:				;IOA_VID_PALBG7  equ 0x4e        ; Background colour 7
  88:				;IOA_VID_PALFG7  equ 0x4f        ; Foreground colour 7
  89:				
  90:				; Arithmetic
  91:				; Multiply, divide … based on 68000 DIV, DIVU, MUL, MULU.
  92:				; Multiply does A[16] * B[16] => C[32].
  93:				; Divide does A[32] / B[16] => C[32] (16-bit remainder [high bits] and
  94:				; 16-bit quotient [low bits]).
  95:				; Status bits include “complete” and “overflow”.
  96:				;IOA_ARITH_A_L   equ 0x50        ; A register (low)
  97:				;IOA_ARITH_A_H   equ 0x51        ; A register (high)
  98:				;IOA_ARITH_B_L   equ 0x54        ; B register (low)
  99:				;IOA_ARITH_B_H   equ 0x57        ; B register (high)
 100:				;IOA_ARITH_C_0   equ 0x58        ; C register (low)
 101:				;IOA_ARITH_C_1   equ 0x59 
 102:				;IOA_ARITH_C_2   equ 0x5a
 103:				;IOA_ARITH_C_3   equ 0x5b        ; C register (high)
 104:				;IOA_ARITH_CSR   equ 0x5c        ; Command / status
 105:				
 106:				
 107:				; *** Register bits allocation ***
 108:				
 109:				; IOA_CONTROL register
 110:     -	        	BITDEF SYSCTRL_TRARM, 0         ; 1 arms the trace interrupt
 111:     -	        	BITDEF SYSCTRL_MMAP, 1          ; 1 enables memory mapping
 112:     -	        	BITDEF SYSCTRL_NMCLR, 2         ; NMI mapping clear
 113:     -	        	BITDEF SYSCTRL_MAPARM, 3        ; NMI out arm
 114:     -	        	BITDEF SYSCTRL_MMAPN, 4         ; State of MMAP when an NMI occurred
 115:     -	        	BITDEF SYSCTRL_TRPRE0, 5        ; Number of prefixes for trace
 116:     -	        	BITDEF SYSCTRL_TRPRE1, 6
 117:     -	        	BITDEF SYSCTRL_RESERVED, 7      ; Unused bit
 118:				;
 119:				; MMAP page registers
 120:     -	        	BITDEF MMAP_PROT, 7             ; Write protection
 121:     -	        	BITDEF MMAP_SUPER, 6            ; I/O enable
 122:     -	003F'         	MMAP_PAGE_MASK  equ 0x3f        ; RAM page number bits
 123:				;
 124:				; IOA_INT_EN and IOA_INT_PEND registers.
 125:     -	0008'         	INTS_NUM        equ 8           ; Number of possible interrupt sources
 126:     -	        	BITDEF INT_SER1_TX, 0           ; Serial port 1 transmitter buffer is half full or less
 127:     -	        	BITDEF INT_SER1_RX, 1           ; Serial port 1 receiver has data
 128:     -	        	BITDEF INT_SER2_TX, 2           ; Serial port 2 transmitter buffer is half full or less
 129:     -	        	BITDEF INT_SER2_RX, 3           ; Serial port 2 receiver has data
 130:     -	        	BITDEF INT_TICK, 4              ; Regular timekeeping
 131:				;
 132:				; IOA_NMI_REASONS register.
 133:     -	0004'         	NMI_REASONS_NUM equ 4           ; Number of reasons for an NMI
 134:     -	        	BITDEF NMI_SWITCH, 0;           ; Front panel switch
 135:     -	        	BITDEF NMI_PROT_VIOL, 1;        ; Write protection violation
 136:     -	        	BITDEF NMI_SUPER_VIOL, 2;       ; Supervisor violation
 137:     -	        	BITDEF NMI_TRACE, 3;            ; Debugger trace (single step)
 138:     -	000F'         	NMI_REASONS_ALL equ NMI_SWITCH_MASK + NMI_PROT_VIOL_MASK + NMI_SUPER_VIOL_MASK + NMI_TRACE_MASK
 139:				;
 140:				; Serial CSRs (IOA_SER1_CSR and IOA_SER2_CSR).
 141:     -	        	BITDEF SER_CSR_RX_EMPTY, 0      ; Receiver buffer is empty
 142:     -	        	BITDEF SER_CSR_RX_ALHALF, 1     ; Receiver buffer is at least half full
 143:     -	        	BITDEF SER_CSR_RX_FULL, 2       ; Receiver buffer is full
 144:     -	        	BITDEF SER_CSR_FRAME_ERR, 3     ; Framing error in last character
 145:     -	        	BITDEF SER_CSR_TX_EMPTY, 4      ; Transmitter buffer is empty
 146:     -	        	BITDEF SER_CSR_TX_ALHALF, 5     ; Transmitter buffer is at least half full
 147:     -	        	BITDEF SER_CSR_TX_FULL, 6       ; Transmitter buffer is full
 148:				; Bit 7 is not used.
 149:				;
 150:				; I2C (Inter-Integrated Circuit) master interface. Used for RTC (DS1672).
 151:				; Bits in IOA_I2C_CSR
 152:     -	        	BITDEF I2C_CSR_ACKN, 0          ; (Read / write) acknowledge from receiving device
 153:     -	        	BITDEF I2C_CSR_START, 1         ; (Write only) trigger start sequence
 154:     -	        	BITDEF I2C_CSR_STOP, 2          ; (Write only) trigger stop sequence
 155:     -	        	BITDEF I2C_CSR_BUSY, 7          ; (Read only) transceiver busy
 156:				;
 157:				; SPI (Serial Peripheral Interface) master interface. Used for memory card.
 158:				; Bits in IOA_SPI_CSR
 159:     -	        	BITDEF SPI_CSR_FAST, 0          ; (Read / write) SPI speed select
 160:     -	        	BITDEF SPI_CSR_MC_SS, 1         ; (Read / write) memory card slave select
 161:     -	        	BITDEF SPI_CSR_BUSY, 7          ; (Read only) transceiver busy
 162:				
**** maths.z80 ****
  28:				                include "terminal.i"    ; Terminal constants
**** /home/merlin/Dropbox/ZARC_Z80_Box/git_cpm3_dev/software/includes/terminal.i ****
   1:				; ***********************************
   2:				; * ZARC Terminal Definitions       *
   3:				; * Written by: Merlin Skinner      *
   4:				; * Date Started: 16/5/2020         *
   5:				; ***********************************
   6:				;
   7:				; Definitions associated with terminals connected to an RS-232 port.
   8:				;
   9:     -	0005'         	ASCII_ENQ           equ 0x05        ; Enquiry
  10:     -	0008'         	ASCII_BS            equ 0x08        ; Backspace
  11:     -	0009'         	ASCII_HT            equ 0x09
  12:     -	000A'         	ASCII_LF            equ 0x0a        ; Line feed
  13:     -	000B'         	ASCII_VT            equ 0x0b        ; Upline (ADM-3A)
  14:     -	000C'         	ASCII_FF            equ 0x0c        ; Forward space (ADM-3A)
  15:     -	000D'         	ASCII_CR            equ 0x0d        ; Carriage return
  16:     -	0016'         	ASCII_SYN           equ 0x16        ; Synchronous idle
  17:     -	001A'         	ASCII_SUB           equ 0x1a        ; Clear screen (ADM-3A)
  18:     -	001B'         	ASCII_ESC           equ 0x1b        ; Escape
  19:     -	001E'         	ASCII_RS            equ 0x1e        ; Home cursor (ADM-3A)
  20:     -	007F'         	ASCII_DEL           equ 0x7f        ; Delete
  21:				;
  22:				; ZARC CP/M terminal input key codes. Some are copied from Amstrad PCW and
  23:				; Spectrum +3, others are unique to ZARC. Delete seems very common.
  24:     -	001F'         	ZKEY_CSR_UP         equ 0x1f        ; Cursor up
  25:     -	001E'         	ZKEY_CSR_DOWN       equ 0x1e        ; Cursor down
  26:     -	0006'         	ZKEY_CSR_RIGHT      equ 0x06        ; Cursor right
  27:     -	0001'         	ZKEY_CSR_LEFT       equ 0x01        ; Cursor left
  28:     -	0002'         	ZKEY_HOME           equ 0x02
  29:     -	0016'         	ZKEY_INSERT         equ 0x16
  30:     -	007F'         	ZKEY_DELETE         equ 0x7f
  31:     -	0004'         	ZKEY_END            equ 0x04
  32:     -	001D'         	ZKEY_PAGE_UP        equ 0x1d
  33:     -	001C'         	ZKEY_PAGE_DOWN      equ 0x1c
  34:				
**** maths.z80 ****
  29:				                include "io.i"          ; I/O routines
**** /home/merlin/Dropbox/ZARC_Z80_Box/git_cpm3_dev/software/includes/io.i ****
   1:				; ***********************************
   2:				; * ZARC Basic I/O Extern Symbols   *
   3:				; * Written by: Merlin Skinner      *
   4:				; * Date Started: 16/5/2020         *
   5:				; ***********************************
   6:				;
   7:				; Note that ld80 only considers the first six characters of labels significant.
   8:				
   9:				; The following conditionals are intended to allow the same include file to be
  10:				; used in the defining module and elsewhere as required. Some includes are used
  11:				; for other applications than the monitor, such as the CP/M BIOS. In these cases,
  12:				; the extern and extern statements are not desirable.
  13:				;
  14:     -	0001'         	            ifdef monitor           ; Meaningful for monitor build only
  15:     -	0001'         	                ifndef io           ; Inhibit for this module
  16:				;
  17:				                ; Variables
  18:				                extern coport   ; Current console port (PRT_xxx)
  19:				                extern trport   ; Current data transfer port (PRT_xxx)
  20:				;
  21:				                ; Routines
  22:				                extern conwch   ; Write character to the console
  23:				                extern conrch   ; Read character from the console
  24:				                extern consta   ; Fetch console port status
  25:				                extern trawch   ; Write character to the data transfer port
  26:				                extern trarch   ; Read character from the data transfer port
  27:				                extern s1wch    ; Write character to serial port 1
  28:				                extern s1rch    ; Read character from serial port 1
  29:				                extern s1sta    ; Fetch serial port 1 status
  30:				                extern s2wch    ; Write character to serial port 2
  31:				                extern s2rch    ; Read character from serial port 2
  32:				                extern s2sta    ; Fetch serial port 2 status
  33:				                extern i2cwr    ; Write to I2C device
  34:				                extern i2crd    ; Read from I2C device
  35:				                extern spiini   ; Initialise SPI interface and set speed
  36:				                extern spiss    ; Set SPI slave select(s)
  37:				                extern spitr    ; Transfer byte to / from SPI device
  38:				;
  39:				                endif
  40:				            endif
  41:				;
  42:				;
  43:				; Port enumeration. Used for console and transfer port selection. Definitions must
  44:				; match names in prt_name_list (monitor.z80).
  45:     -	        	                ENUM_START
  46:     -	        	                ENUM PORT_SER1          ; Serial port 1
  47:     -	        	                ENUM PORT_SER2          ; Serial port 2
  48:     -	        	                ENUM_END PORT_STATES    ; Number of states
  49:				;
  50:				
**** maths.z80 ****
  30:				                include "utility.i"     ; Utility functions
**** /home/merlin/Dropbox/ZARC_Z80_Box/git_cpm3_dev/software/includes/utility.i ****
   1:				; ***********************************
   2:				; * ZARC Monitor Utility Routines   *
   3:				; * Written by: Merlin Skinner      *
   4:				; * Date Started: 16/5/2020         *
   5:				; ***********************************
   6:				;
   7:				; Note that ld80 only considers the first six characters of labels significant
   8:				;
   9:				; The following conditionals are intended to allow the same include file to be
  10:				; used in the defining module and elsewhere as required. Some includes are used
  11:				; for other applications than the monitor, such as the CP/M BIOS. In these cases,
  12:				; the extern and public statements are not desirable.
  13:				;
  14:     -	0001'         	            ifdef monitor           ; Meaningful for monitor build only
  15:     -	0001'         	                ifndef utility      ; Inhibit for this module
  16:				;
  17:				                extern cwnwln       ; Write new line characters to console.
  18:				                extern conwms       ; Print null-terminated string to the console
  19:				                extern conwmn       ; Print message <n> in a list
  20:				                extern skpspc       ; Step hl past spaces
  21:				                extern toupca       ; Convert character in A to upper case
  22:				                extern toloca       ; Convert character in A to lower case
  23:				                extern cwvich       ; Print only visible 7-bit characters
  24:				                extern cwpspc       ; Print a space
  25:				                extern mtwdli       ; Match word in a string against list of options
  26:				                extern cwphnb       ; Print least-significant nibble in A in hexadecimal
  27:				                extern cwphby       ; Print A in hexadecimal
  28:				                extern cwphwd       ; Print HL in hexadecimal
  29:				                extern cwpdby       ; Print A in decimal. Leading zeros are suppressed
  30:				                extern cwpdwd       ; Print HL in decimal. Leading zeros are suppressed
  31:				                extern cwpdlo       ; Print DEHL in decimal. Leading zeros are suppressed
  32:				                extern rdhxwd       ; Read a 16-bit hexadecimal number from a string
  33:				                extern rdduwd       ; Read a 16-bit unsigned decimal number from a string
  34:				                extern rddulo       ; Read a 32-bit unsigned decimal number from a string
  35:				;
  36:				                endif
  37:				            endif
  38:				;
  39:				;
  40:				; mtwdli (match word in a string against list of options) option bits. Each bit
  41:				; has the described effect if set.
  42:     -	        	BITDEF MTWDLI_ABBREV, 0                 ; Enable "." abbreviation
  43:     -	        	BITDEF MTWDLI_ICASE, 1                  ; Ignore case when matching
  44:     -	        	BITDEF MTWDLI_TERM, 7                   ; Terminator found (internal use only)
  45:				
**** maths.z80 ****
  31:				;
  32:				;
  33:				; *************
  34:				; * Externals *
  35:				; *************
  36:				;
  37:				                public madlbu   ; 32-bit / 8-bit unsigned divide
  38:				                public madwbu   ; 16-bit / 8-bit unsigned divide
  39:				                public madbbu   ; 8-bit / 8-bit unsigned divide
  40:				                public mamwwu   ; 16-bit * 16-bit unsigned multiply
  41:				                public mamlbu   ; 32-bit * 8-bit unsigned multiply
  42:				                public crc16x   ; Software CRC-16 (XMODEM)
  43:				;                public malclr   ; 32-bit clear (HL)
  44:				                public malinc   ; 32-bit increment (HL)
  45:				                public mapcnt   ; Calculate percentage of two 32-bit values
  46:				                public malld	    ; Load a 32-bit number from memory
  47:				                public malst    ; Store 32-bit number to memory
  48:				                public maladd   ; 32-bit add
  49:				;
  50:				;
  51:				; *************
  52:				; * Constants *
  53:				; *************
  54:				;
  55:				; None
  56:				;
  57:				;
  58:				; *************
  59:				; * Main Code *
  60:				; *************
  61:				;
  62:				                cseg                    ; Code segment
  63:				;
  64:				; 32-bit / 8-bit unsigned divide. Uses restoring algorithm. Derived from code at
  65:				; https://wikiti.brandonw.net/index.php?title=Z80_Routines:Math:Division
  66:				; Call with:
  67:				; DEHL - dividend
  68:				; C - divisor
  69:				; Returns with:
  70:				; DEHL - quotient
  71:				; A - remainder
  72:    0+11	0000' C5      	madlbu          push bc
  73:   11+7	0001' 0620    	                ld b, 32                ; Loop counter
  74:   18+4	0003' AF      	                xor a
  75:   22+11	0004' 29      	dulb_bitloop    add	hl, hl              ; Shift MS bit of dividend into carry
  76:   33+8	0005' CB13    	                rl e
  77:   41+8	0007' CB12    	                rl d
  78:   49+4	0009' 17      	                rla                     ; Collect bit in LS of A
  79:   53+7+5	000A' 3803    	                jr c, dulb_dosub
  80:   60+4	000C' B9      	                cp c
  81:   64+7+5	000D' 3802    	                jr c, dulb_nextbit
  82:   71+4	000F' 91      	dulb_dosub      sub	a, c
  83:   75+4	0010' 2C      	                inc	l
  84:   79+8+5	0011' 10F1    	dulb_nextbit    djnz	dulb_bitloop
  85:   87+10	0013' C1      	                pop bc
  86:   97+10	0014' C9      	                ret
  87:				;
  88:				;
  89:				; 16-bit / 8-bit unsigned divide. Uses restoring algorithm. Derived from code at
  90:				; https://wikiti.brandonw.net/index.php?title=Z80_Routines:Math:Division
  91:				; Call with:
  92:				; HL - dividend
  93:				; C - divisor
  94:				; Returns with:
  95:				; HL - quotient
  96:				; A - remainder
  97:  107+11	0015' C5      	madwbu          push bc
  98:  118+7	0016' 0610    	                ld b, 16                ; Loop counter
  99:  125+4	0018' AF      	                xor a
 100:  129+11	0019' 29      	duwb_bitloop    add hl, hl              ; Shift MS bit of dividend into carry
 101:  140+4	001A' 17      	                rla                     ; Collect bit in LS of A
 102:  144+7+5	001B' 3803    	                jr c, duwb_dosub
 103:  151+4	001D' B9      	                cp c
 104:  155+7+5	001E' 3802    	                jr c, duwb_nextbit
 105:  162+4	0020' 91      	duwb_dosub      sub	a, c
 106:  166+4	0021' 2C      	                inc	l
 107:  170+8+5	0022' 10F5    	duwb_nextbit    djnz duwb_bitloop
 108:  178+10	0024' C1      	                pop bc
 109:  188+10	0025' C9      	                ret
 110:				;
 111:				;
 112:				; 8-bit / 8-bit unsigned divide. Uses restoring algorithm. Derived from code at
 113:				; https://wikiti.brandonw.net/index.php?title=Z80_Routines:Math:Division
 114:				; Call with:
 115:				; L - dividend
 116:				; C - divisor
 117:				; Returns with:
 118:				; L - quotient
 119:				; A - remainder
 120:  198+11	0026' C5      	madbbu          push bc
 121:  209+7	0027' 0608    	                ld b, 8                 ; Loop counter
 122:  216+4	0029' AF      	                xor a
 123:  220+8	002A' CB25    	dubb_bitloop    sla l                   ; Shift MS bit of dividend into carry
 124:  228+4	002C' 17      	                rla                     ; Collect bit in LS of A
 125:  232+4	002D' B9      	                cp c
 126:  236+7+5	002E' 3802    	                jr c, dubb_nextbit
 127:  243+4	0030' 91      	dubb_dosub      sub c
 128:  247+4	0031' 2C      	                inc l
 129:  251+8+5	0032' 10F6    	dubb_nextbit    djnz dubb_bitloop
 130:  259+10	0034' C1      	                pop bc
 131:  269+10	0035' C9      	                ret
 132:				;
 133:				;
 134:				; 16-bit * 16-bit unsigned multiply. Uses restoring algorithm. Derived from code at
 135:				; https://wikiti.brandonw.net/index.php?title=Z80_Routines:Math:Multiplication
 136:				; Call with:
 137:				; BC - multiplicand
 138:				; DE - multiplier
 139:				; Returns with:
 140:				; DEHL - result
 141:  279+10	0036' 210000  	mamwwu          ld hl, 0                ; Zero LSW of result
 142:				; Optimised 1st iteration
 143:  289+8	0039' CB23    	                sla	e                   ; Shift multiplier
 144:  297+8	003B' CB12    	                rl d
 145:  305+7+5	003D' 3002    	                jr nc, muww_sk_ld
 146:				; Set result to multiplicand if the MS bit of the multiplier was set.
 147:  312+4	003F' 60      	                ld h, b
 148:  316+4	0040' 69      	                ld l, c
 149:  320+7	0041' 3E0F    	muww_sk_ld      ld a, 15
 150:				; A - loop counter
 151:				; BC - multiplicand
 152:				; DE - multiplier (MS bits) and result (LS bits).
 153:				; HL - LSW of result
 154:  327+11	0043' 29      	muww_loop       add hl, hl              ; Shift result (DEHL) left
 155:  338+8	0044' CB13    	                rl e
 156:  346+8	0046' CB12    	                rl d
 157:  354+7+5	0048' 3004    	                jr nc, muww_nc          ; Jump if multiplier bit is zero
 158:  361+11	004A' 09      	                add hl, bc              ; Add multiplicand to result
 159:  372+7+5	004B' 3001    	                jr nc, muww_nc
 160:  379+6	004D' 13      	                inc de                  ; Propagate the carry into DE
 161:  385+4	004E' 3D      	muww_nc         dec a
 162:  389+7+5	004F' 20F2    	                jr nz, muww_loop
 163:  396+10	0051' C9      	                ret
 164:				;
 165:				;
 166:				; 32-bit * 8-bit unsigned multiply. Uses restoring algorithm. Derived from mamwwu
 167:				; above.
 168:				; Call with:
 169:				; DEHL - multiplicand
 170:				; C - multiplier
 171:				; Returns with:
 172:				; CDEHL - result
 173:  406+4	0052' 79      	mamlbu          ld a, c
 174:				; Save some registers.
 175:  410+11	0053' C5      	                push bc
 176:  421+4	0054' D9      	                exx
 177:  425+11	0055' C5      	                push bc
 178:  436+11	0056' E5      	                push hl
 179:  447+4	0057' D9      	                exx
 180:				; Setup registers for the multiply.
 181:  451+11	0058' D5      	                push de
 182:  462+11	0059' E5      	                push hl
 183:  473+10	005A' C1      	                pop bc                  ; LSW of multiplicand
 184:  483+4	005B' A7      	                and a                   ; Reset carry
 185:  487+15	005C' ED62    	                sbc hl, hl              ; Zero LS 32-bits of result
 186:  502+4	005E' D9      	                exx
 187:  506+10	005F' C1      	                pop bc                  ; MSW of multiplicand
 188:  516+15	0060' ED62    	                sbc hl, hl              ; Zero MS 32-bits of result
 189:  531+4	0062' D9      	                exx
 190:  535+4	0063' 5F      	                ld e, a                 ; Multiplier
 191:				; B'C'BC - multiplicand
 192:				; E - multiplier
 193:				; H'L'HL - result
 194:				; Optimised 1st iteration
 195:  539+8	0064' CB23    	                sla	e                            ; Shift multiplier
 196:  547+7+5	0066' 3006    	                jr nc, mulb_sk_ld
 197:				; Set result to multiplicand if the MS bit of the multiplier was set.
 198:  554+4	0068' 69      	                ld l, c
 199:  558+4	0069' 60      	                ld h, b
 200:  562+4	006A' D9      	                exx
 201:  566+4	006B' 69      	                ld l, c
 202:  570+4	006C' 60      	                ld h, b
 203:  574+4	006D' D9      	                exx
 204:  578+7	006E' 3E07    	mulb_sk_ld      ld a, 7
 205:				; A - loop counter
 206:				; B'C'BC - multiplicand
 207:				; E - multiplier (MS bits) and result (LS bits).
 208:				; H'L'HL - result
 209:  585+11	0070' 29      	mulb_loop       add hl, hl              ; Shift result (CH'L'HL) left
 210:  596+4	0071' D9      	                exx
 211:  600+15	0072' ED6A    	                adc hl, hl
 212:  615+4	0074' D9      	                exx
 213:  619+8	0075' CB13    	                rl e
 214:  627+7+5	0077' 3008    	                jr nc, mulb_nc          ; Jump if multiplier bit is zero
 215:  634+11	0079' 09      	                add hl, bc              ; Add multiplicand to result
 216:  645+4	007A' D9      	                exx
 217:  649+15	007B' ED4A    	                adc hl, bc
 218:  664+4	007D' D9      	                exx
 219:  668+7+5	007E' 3001    	                jr nc, mulb_nc
 220:  675+4	0080' 1C      	                inc e                   ; Propagate the carry into result
 221:  679+4	0081' 3D      	mulb_nc         dec a
 222:  683+7+5	0082' 20EC    	                jr nz, mulb_loop
 223:  690+4	0084' 7B      	                ld a, e                 ; Top bits of result
 224:  694+4	0085' D9      	                exx
 225:  698+11	0086' E5      	                push hl                 ; MSW of result
 226:  709+4	0087' D9      	                exx
 227:  713+10	0088' D1      	                pop de
 228:				; Restore registers
 229:  723+4	0089' D9      	                exx
 230:  727+10	008A' E1      	                pop hl
 231:  737+10	008B' C1      	                pop bc
 232:  747+4	008C' D9      	                exx
 233:  751+10	008D' C1      	                pop bc
 234:  761+4	008E' 4F      	                ld c, a
 235:				; CDEHL - result
 236:  765+10	008F' C9      	                ret
 237:				;
 238:				;
 239:				; Update CRC according to the CRC16 / XMODEM and MultiMediaCard CRC16 algorithm.
 240:				; Adapted from http://regregex.bbcmicro.net/crc-code.htm#crc-code.16.8080
 241:				; Note: this has now be replaced by the hardware CRC, but the code remains as it
 242:				; may be useful in other applications.
 243:				; Call with:
 244:				; A - byte to be included
 245:				; HL - CRC
 246:				; Returns with:
 247:				; HL - updated CRC;
 248:  775+11	0090' C5      	crc16x          push bc
 249:				;
 250:  786+4	0091' AC      	                xor h
 251:  790+4	0092' 47      	                ld b, a
 252:  794+4	0093' 4D      	                ld c, l
 253:  798+4	0094' 0F      	                rrca
 254:  802+4	0095' 0F      	                rrca
 255:  806+4	0096' 0F      	                rrca
 256:  810+4	0097' 0F      	                rrca
 257:  814+4	0098' 6F      	                ld l, a
 258:  818+7	0099' E60F    	                and 0x0f
 259:  825+4	009B' 67      	                ld h, a
 260:  829+4	009C' A8      	                xor b
 261:  833+4	009D' 47      	                ld b, a
 262:  837+4	009E' AD      	                xor l
 263:  841+7	009F' E6F0    	                and 0xf0
 264:  848+4	00A1' 6F      	                ld l, a
 265:  852+4	00A2' A9      	                xor c
 266:  856+11	00A3' 29      	                add hl, hl
 267:  867+4	00A4' AC      	                xor h
 268:  871+4	00A5' 67      	                ld h, a
 269:  875+4	00A6' 7D      	                ld a, l
 270:  879+4	00A7' A8      	                xor b
 271:  883+4	00A8' 6F      	                ld l, a
 272:				;
 273:  887+10	00A9' C1      	                pop bc
 274:  897+10	00AA' C9      	                ret
 275:				;
 276:				;
 277:				; 32-bit clear (HL). Call with:
 278:				; HL - address of first byte
 279:				;malclr          xor a
 280:				;                ld (hl), a
 281:				;                inc hl
 282:				;                ld (hl), a
 283:				;                inc hl
 284:				;                ld (hl), a
 285:				;                inc hl
 286:				;                ld (hl), a
 287:				;                ret
 288:				;
 289:				;
 290:				; 32-bit increment (HL). Call with:
 291:				; HL - address of first byte
 292:  907+11	00AB' 34      	malinc          inc (hl)
 293:  918+5+6	00AC' C0      	                ret nz
 294:  923+6	00AD' 23      	                inc hl
 295:  929+11	00AE' 34      	                inc (hl)
 296:  940+5+6	00AF' C0      	                ret nz
 297:  945+6	00B0' 23      	                inc hl
 298:  951+11	00B1' 34      	                inc (hl)
 299:  962+5+6	00B2' C0      	                ret nz
 300:  967+6	00B3' 23      	                inc hl
 301:  973+11	00B4' 34      	                inc (hl)
 302:  984+10	00B5' C9      	                ret
 303:				;
 304:				;
 305:				; Calculate percentage of two 32-bit values. Call with:
 306:				; HL - points to 32-bit total count
 307:				; DE - points to 32-bit fraction count
 308:				; Returns with:
 309:				; A - 8-bit integer result or 0xff on error.
 310:				; Assumes total >= fraction.
 311:  994+11	00B6' C5      	mapcnt          push bc
 312: 1005+11	00B7' D5      	                push de
 313:				;
 314:				; Copy total to working area.
 315: 1016+10	00B8' 110000  	                ld de, pcnt_sc_tot
 316: 1026+10	00BB' 010400  	                ld bc, 4
 317: 1036+16+5	00BE' EDB0    	                ldir
 318:				;
 319:				; Find fraction * 100.
 320: 1052+10	00C0' E1      	                pop hl
 321: 1062+17	00C1' CD2601  	                call malld              ; Load 32-bit number from memory
 322:				; DEHL - fraction
 323: 1079+7	00C4' 0E64    	                ld c, 100
 324:				; DEHL - multiplicand (fraction)
 325:				; C - multiplier
 326: 1086+17	00C6' CD5200  	                call mamlbu             ; 32-bit * 8-bit unsigned multiply
 327:				; CDEHL - result
 328: 1103+11	00C9' C5      	                push bc                 ; Save bits 32 to 39
 329:				; Store result.
 330: 1114+10	00CA' 010400  	                ld bc, pcnt_sc_frac     ; Address
 331: 1124+17	00CD' CD3201  	                call malst	            ; Store 32-bit number to memory
 332: 1141+10	00D0' C1      	                pop bc
 333: 1151+7	00D1' 71      	                ld (hl), c              ; Store bits 32 to 39
 334:				;
 335:				; Scale to make sure that fraction * 100 fits in 32 bits AND the total fits in
 336:				; 8 bits so we can use the 32 bit by 8 bit divide routine later.
 337: 1158+13	00D2' 3A0800  	pcnt_sc_lp      ld a, (pcnt_sc_frac + 4) ; Bits 32 to 39 of fraction * 100
 338: 1171+4	00D5' A7      	                and a
 339: 1175+7+5	00D6' 2011    	                jr nz, pcnt_scale       ; Scale if fraction * 100 > 32 bits
 340:				;
 341:				; We need to scale if any of bits 8 to 31 are non-zero.
 342: 1182+10	00D8' 210100  	                ld hl, pcnt_sc_tot + 1  ; Scaled total
 343: 1192+7	00DB' 7E      	                ld a, (hl)
 344: 1199+4	00DC' A7      	                and a
 345: 1203+7+5	00DD' 200A    	                jr nz, pcnt_scale
 346: 1210+6	00DF' 23      	                inc hl
 347: 1216+7	00E0' 7E      	                ld a, (hl)
 348: 1223+4	00E1' A7      	                and a
 349: 1227+7+5	00E2' 2005    	                jr nz, pcnt_scale
 350: 1234+6	00E4' 23      	                inc hl
 351: 1240+7	00E5' 7E      	                ld a, (hl)
 352: 1247+4	00E6' A7      	                and a
 353: 1251+7+5	00E7' 2812    	                jr z, pcnt_fr_sc_dn     ; Jump if all is scaled appropriately
 354:				;
 355:				; Divide both total and fraction by two.
 356: 1258+10	00E9' 210000  	pcnt_scale      ld hl, pcnt_sc_tot      ; Start
 357: 1268+7	00EC' 0604    	                ld b, 4                 ; Length
 358: 1275+17	00EE' CD1801  	                call shr_mb_value       ; Shift right multi-byte value
 359: 1292+10	00F1' 210400  	                ld hl, pcnt_sc_frac     ; Start
 360: 1302+7	00F4' 0605    	                ld b, 5                 ; Length
 361: 1309+17	00F6' CD1801  	                call shr_mb_value       ; Shift right multi-byte value
 362: 1326+12	00F9' 18D7    	                jr pcnt_sc_lp           ; Keep going
 363:				;
 364:				; Scaling complete.
 365: 1338+10	00FB' 210400  	pcnt_fr_sc_dn   ld hl, pcnt_sc_frac
 366: 1348+17	00FE' CD2601  	                call malld              ; Load 32-bit number from memory
 367:				; DEHL - dividend (scaled fraction)
 368: 1365+13	0101' 3A0000  	                ld a, (pcnt_sc_tot)
 369: 1378+4	0104' 4F      	                ld c, a
 370:				; C - divisor (scaled total)
 371: 1382+17	0105' CD0000  	                call madlbu             ; 32-bit / 8-bit unsigned divide
 372:				; DEHL - quotient
 373:				; A - remainder
 374:				; Error if result > 100
 375: 1399+4	0108' 7A      	                ld a, d
 376: 1403+4	0109' B3      	                or e
 377: 1407+4	010A' B4      	                or h
 378: 1411+7+5	010B' 2007    	                jr nz, pcnt_err
 379: 1418+4	010D' 7D      	                ld a, l
 380: 1422+7	010E' FE65    	                cp 101
 381: 1429+7+5	0110' 3002    	                jr nc, pcnt_err
 382:				;
 383: 1436+10	0112' C1      	pcnt_exit       pop bc
 384:				;
 385: 1446+10	0113' C9      	                ret
 386:				;
 387: 1456+7	0114' 3EFF    	pcnt_err        ld a, 0xff              ; Error code
 388: 1463+12	0116' 18FA    	                jr pcnt_exit
 389:				;
 390:				;
 391:				; Shift right a multi-byte value in memory. Call with:
 392:				; HL - points to value
 393:				; B - length of value in bytes
 394:				; Returns with:
 395:				; Carry flag - set to bit that "falls off" the end of the value.
 396: 1475+11	0118' C5      	shr_mb_value    push bc
 397: 1486+4	0119' 48      	                ld c, b
 398: 1490+7	011A' 0600    	                ld b, 0
 399: 1497+11	011C' 09      	                add hl, bc
 400: 1508+6	011D' 2B      	                dec hl
 401: 1514+10	011E' C1      	                pop bc
 402:				; HL - points to last byte of value.
 403: 1524+4	011F' A7      	                and a                   ; Shift in a zero
 404: 1528+15	0120' CB1E    	shrmb_loop      rr (hl)
 405: 1543+6	0122' 2B      	                dec hl
 406: 1549+8+5	0123' 10FB    	                djnz shrmb_loop
 407: 1557+10	0125' C9      	                ret
 408:				;
 409:				;
 410:				; Load a 32-bit number from memory into registers. Call with:
 411:				; HL - pointer to number
 412:				; Returns with:
 413:				; DEHL - 32-bit number
 414: 1567+11	0126' C5      	malld           push bc
 415:				;
 416: 1578+7	0127' 4E      	                ld c, (hl)
 417: 1585+6	0128' 23      	                inc hl
 418: 1591+7	0129' 46      	                ld b, (hl)
 419: 1598+6	012A' 23      	                inc hl
 420: 1604+7	012B' 5E      	                ld e, (hl)
 421: 1611+6	012C' 23      	                inc hl
 422: 1617+7	012D' 56      	                ld d, (hl)
 423: 1624+4	012E' 69      	                ld l, c
 424: 1628+4	012F' 60      	                ld h, b
 425:				;
 426: 1632+10	0130' C1      	                pop bc
 427: 1642+10	0131' C9      	                ret
 428:				;
 429:				;
 430:				; Store a 32-bit number from register into memory. Call with:
 431:				; BC - pointer to store
 432:				; DEHL - 32-bit number
 433:				; Returns with:
 434:				; HL - points to location after last memory address used.
 435: 1652+11	0132' E5      	malst           push hl
 436:				;
 437: 1663+4	0133' 69      	                ld l, c
 438: 1667+4	0134' 60      	                ld h, b
 439: 1671+10	0135' C1      	                pop bc
 440:				; DEBC - number
 441:				; HL - pointer
 442: 1681+7	0136' 71      	                ld (hl), c
 443: 1688+6	0137' 23      	                inc hl
 444: 1694+7	0138' 70      	                ld (hl), b
 445: 1701+6	0139' 23      	                inc hl
 446: 1707+7	013A' 73      	                ld (hl), e
 447: 1714+6	013B' 23      	                inc hl
 448: 1720+7	013C' 72      	                ld (hl), d
 449: 1727+6	013D' 23      	                inc hl
 450:				;
 451: 1733+10	013E' C9      	                ret
 452:				;
 453:				;
 454:				; 32-bit add. (HL) = (HL) + (DE). Call with:
 455:				; DE - pointer to first addend
 456:				; HL - pointer to second addend and sum (result)
 457:				; Returns with:
 458:				; Carry flag - set if carry occurs.
 459: 1743+7	013F' 1A      	maladd          ld a, (de)
 460: 1750+7	0140' 86      	                add (hl)
 461: 1757+7	0141' 77      	                ld (hl), a
 462: 1764+6	0142' 13      	                inc de
 463: 1770+6	0143' 23      	                inc hl
 464: 1776+7	0144' 1A      	                ld a, (de)
 465: 1783+7	0145' 8E      	                adc (hl)
 466: 1790+7	0146' 77      	                ld (hl), a
 467: 1797+6	0147' 13      	                inc de
 468: 1803+6	0148' 23      	                inc hl
 469: 1809+7	0149' 1A      	                ld a, (de)
 470: 1816+7	014A' 8E      	                adc (hl)
 471: 1823+7	014B' 77      	                ld (hl), a
 472: 1830+6	014C' 13      	                inc de
 473: 1836+6	014D' 23      	                inc hl
 474: 1842+7	014E' 1A      	                ld a, (de)
 475: 1849+7	014F' 8E      	                adc (hl)
 476: 1856+7	0150' 77      	                ld (hl), a
 477: 1863+10	0151' C9      	                ret
 478:				;
 479:				;
 480:				;
 481:				; *************
 482:				; * Variables *
 483:				; *************
 484:				;
 485:				;
 486:				; Note: linker "-c" option is used, so no data is initialised here.
 487:				                dseg                ; Data segment
 488:				;
 489:				; Percentage calculations.
 490:     -	0000"         	pcnt_sc_tot     defs 4              ; 32-bit scaled total
 491:     -	0004"         	pcnt_sc_frac    defs 5              ; 40-bit scaled fraction
 492:				;
 493:     -	0009"         	                end



Statistics:

     4	passes
     0	jr promotions
   301	symbols
   338	bytes

   119	macro calls
  2391	macro bytes
     0	invented symbols



Symbol Table:

ASCII_BS       =08        8
ASCII_CR       =0D        13
ASCII_DEL      =7F        127
ASCII_ENQ      =05        5
ASCII_ESC      =1B        27
ASCII_FF       =0C        12
ASCII_HT       =09        9
ASCII_LF       =0A        10
ASCII_RS       =1E        30
ASCII_SUB      =1A        26
ASCII_SYN      =16        22
ASCII_VT       =0B        11
I2C_CSR_ACKN_BIT=00        0
I2C_CSR_ACKN_MASK=01        1
I2C_CSR_BUSY_BIT=07        7
I2C_CSR_BUSY_MASK=80        128
I2C_CSR_START_BIT=01        1
I2C_CSR_START_MASK=02        2
I2C_CSR_STOP_BIT=02        2
I2C_CSR_STOP_MASK=04        4
INTS_NUM       =08        8
INT_SER1_RX_BIT=01        1
INT_SER1_RX_MASK=02        2
INT_SER1_RX_VEC=01        1
INT_SER1_TX_BIT=00        0
INT_SER1_TX_MASK=01        1
INT_SER1_TX_VEC=00        0
INT_SER2_RX_BIT=03        3
INT_SER2_RX_MASK=08        8
INT_SER2_RX_VEC=03        3
INT_SER2_TX_BIT=02        2
INT_SER2_TX_MASK=04        4
INT_SER2_TX_VEC=02        2
INT_TICK_BIT   =04        4
INT_TICK_MASK  =10        16
INT_TICK_VEC   =04        4
IOA_CONTROL    =02        2
IOA_CRC_0      =24        36
IOA_CRC_1      =25        37
IOA_CRC_DATA   =26        38
IOA_FPGA_MAJREV=00        0
IOA_FPGA_MINREV=01        1
IOA_FP_SW      =03        3
IOA_I2C_CSR    =18        24
IOA_I2C_DATA   =19        25
IOA_INT_EN     =08        8
IOA_INT_PEND   =0A        10
IOA_MMAP_0     =04        4
IOA_MMAP_1     =05        5
IOA_MMAP_2     =06        6
IOA_MMAP_3     =07        7
IOA_NMI_REASONS=0C        12
IOA_SER1_CSR   =10        16
IOA_SER1_DATA  =11        17
IOA_SER2_CSR   =12        18
IOA_SER2_DATA  =13        19
IOA_SPI_CSR    =20        32
IOA_SPI_DATA   =21        33
MCALL_CACRS    =E4        228
MCALL_CACWS    =E7        231
MCALL_CAFLUS   =F0        240
MCALL_CARS     =EA        234
MCALL_CAWS     =ED        237
MCALL_CONRCH   =72        114
MCALL_CONSTA   =75        117
MCALL_CONWCH   =6F        111
MCALL_CONWMN   =90        144
MCALL_CONWMS   =8D        141
MCALL_CRC16X   =CF        207
MCALL_CWNWLN   =8A        138
MCALL_CWPDBY   =AE        174
MCALL_CWPDLO   =B4        180
MCALL_CWPDWD   =B1        177
MCALL_CWPHBY   =A8        168
MCALL_CWPHNB   =A5        165
MCALL_CWPHWD   =AB        171
MCALL_CWPSPC   =9F        159
MCALL_CWPTM    =DE        222
MCALL_CWVICH   =9C        156
MCALL_JPTBL_NEXT=FC        252
MCALL_MADBBU   =C6        198
MCALL_MADLBU   =C0        192
MCALL_MADWBU   =C3        195
MCALL_MAMLBU   =CC        204
MCALL_MAMWWU   =C9        201
MCALL_MCPRER   =E1        225
MCALL_MON_ENTRY=69        105
MCALL_MPALL    =F3        243
MCALL_MPFREE   =F6        246
MCALL_MPSTAT   =F9        249
MCALL_MTWDLI   =A2        162
MCALL_PANIC    =6C        108
MCALL_RDDULO   =BD        189
MCALL_RDDUWD   =BA        186
MCALL_RDHXWD   =B7        183
MCALL_S1RCH    =7B        123
MCALL_S1STA    =7E        126
MCALL_S1WCH    =78        120
MCALL_S2RCH    =84        132
MCALL_S2STA    =87        135
MCALL_S2WCH    =81        129
MCALL_SKPSPC   =93        147
MCALL_TIITOS   =D8        216
MCALL_TIRD     =D2        210
MCALL_TISTOI   =DB        219
MCALL_TIWR     =D5        213
MCALL_TOLOCA   =99        153
MCALL_TOUPCA   =96        150
MMAP_PAGE_MASK =3F        63
MMAP_PROT_BIT  =07        7
MMAP_PROT_MASK =80        128
MMAP_SUPER_BIT =06        6
MMAP_SUPER_MASK=40        64
MST_AF         =1C        28
MST_AF_P       =14        20
MST_BC         =1A        26
MST_BC_P       =12        18
MST_DE         =18        24
MST_DE_P       =10        16
MST_HL         =16        22
MST_HL_P       =0E        14
MST_I          =1E        30
MST_IEN        =00        0
MST_IX         =0C        12
MST_IY         =0A        10
MST_MMAP0      =02        2
MST_MMAP1      =03        3
MST_MMAP2      =04        4
MST_MMAP3      =05        5
MST_MMAP_EN    =01        1
MST_PC         =08        8
MST_R          =1F        31
MST_SIZE       =20        32
MST_SP         =06        6
MS_PER_TICK    =64        100
MTWDLI_ABBREV_BIT=00        0
MTWDLI_ABBREV_MASK=01        1
MTWDLI_ICASE_BIT=01        1
MTWDLI_ICASE_MASK=02        2
MTWDLI_TERM_BIT=07        7
MTWDLI_TERM_MASK=80        128
NMI_PROT_VIOL_BIT=01        1
NMI_PROT_VIOL_MASK=02        2
NMI_REASONS_ALL=0F        15
NMI_REASONS_NUM=04        4
NMI_SUPER_VIOL_BIT=02        2
NMI_SUPER_VIOL_MASK=04        4
NMI_SWITCH_BIT =00        0
NMI_SWITCH_MASK=01        1
NMI_TRACE_BIT  =03        3
NMI_TRACE_MASK =08        8
PORT_SER1      =00        0
PORT_SER2      =01        1
PORT_STATES    =02        2
SER_CSR_FRAME_ERR_BIT=03        3
SER_CSR_FRAME_ERR_MASK=08        8
SER_CSR_RX_ALHALF_BIT=01        1
SER_CSR_RX_ALHALF_MASK=02        2
SER_CSR_RX_EMPTY_BIT=00        0
SER_CSR_RX_EMPTY_MASK=01        1
SER_CSR_RX_FULL_BIT=02        2
SER_CSR_RX_FULL_MASK=04        4
SER_CSR_TX_ALHALF_BIT=05        5
SER_CSR_TX_ALHALF_MASK=20        32
SER_CSR_TX_EMPTY_BIT=04        4
SER_CSR_TX_EMPTY_MASK=10        16
SER_CSR_TX_FULL_BIT=06        6
SER_CSR_TX_FULL_MASK=40        64
SPI_CSR_BUSY_BIT=07        7
SPI_CSR_BUSY_MASK=80        128
SPI_CSR_FAST_BIT=00        0
SPI_CSR_FAST_MASK=01        1
SPI_CSR_MC_SS_BIT=01        1
SPI_CSR_MC_SS_MASK=02        2
SYSCTRL_MAPARM_BIT=03        3
SYSCTRL_MAPARM_MASK=08        8
SYSCTRL_MMAPN_BIT=04        4
SYSCTRL_MMAPN_MASK=10        16
SYSCTRL_MMAP_BIT=01        1
SYSCTRL_MMAP_MASK=02        2
SYSCTRL_NMCLR_BIT=02        2
SYSCTRL_NMCLR_MASK=04        4
SYSCTRL_RESERVED_BIT=07        7
SYSCTRL_RESERVED_MASK=80        128
SYSCTRL_TRARM_BIT=00        0
SYSCTRL_TRARM_MASK=01        1
SYSCTRL_TRPRE0_BIT=05        5
SYSCTRL_TRPRE0_MASK=20        32
SYSCTRL_TRPRE1_BIT=06        6
SYSCTRL_TRPRE1_MASK=40        64
TICK_FREQ      =0A        10
TRM_NONE       =00        0
TRM_SINGLE     =01        1
TRM_STATES     =04        4
TRM_TO_ADDR    =02        2
TRM_XPT        =03        3
Z80_NMI_VEC    =66        102
Z80_RST00_VEC  =00        0
Z80_RST08_VEC  =08        8
Z80_RST10_VEC  =10        16
Z80_RST18_VEC  =18        24
Z80_RST20_VEC  =20        32
Z80_RST28_VEC  =28        40
Z80_RST30_VEC  =30        48
Z80_RST38_VEC  =38        56
ZKEY_CSR_DOWN  =1E        30
ZKEY_CSR_LEFT  =01        1
ZKEY_CSR_RIGHT =06        6
ZKEY_CSR_UP    =1F        31
ZKEY_DELETE    =7F        127
ZKEY_END       =04        4
ZKEY_HOME      =02        2
ZKEY_INSERT    =16        22
ZKEY_PAGE_DOWN =1C        28
ZKEY_PAGE_UP   =1D        29
conrch          00        0 (extern)
consta          00        0 (extern)
conwch          00        0 (extern)
conwmn          00        0 (extern)
conwms          00        0 (extern)
coport          00        0 (extern)
crc16x          90'       144 (public)
cwnwln          00        0 (extern)
cwpdby          00        0 (extern)
cwpdlo          00        0 (extern)
cwpdwd          00        0 (extern)
cwphby          00        0 (extern)
cwphnb          00        0 (extern)
cwphwd          00        0 (extern)
cwpspc          00        0 (extern)
cwvich          00        0 (extern)
dubb_bitloop    2A'       42
dubb_dosub      30'       48
dubb_nextbit    32'       50
dulb_bitloop    04'       4
dulb_dosub      0F'       15
dulb_nextbit    11'       17
duwb_bitloop    19'       25
duwb_dosub      20'       32
duwb_nextbit    22'       34
enum_counter   =02        2
i2crd           00        0 (extern)
i2cwr           00        0 (extern)
jptbl_addr     =FC        252
madbbu          26'       38 (public)
madlbu          00'       0 (public)
madwbu          15'       21 (public)
maladd           13F'     319 (public)
malinc          AB'       171 (public)
malld            126'     294 (public)
malst            132'     306 (public)
mamlbu          52'       82 (public)
mamwwu          36'       54 (public)
mapcnt          B6'       182 (public)
maths          =01        1
mcrun           00        0 (extern)
mcspd           00        0 (extern)
mdisrg          00        0 (extern)
monitor        =01        1
mscnt           00        0 (extern)
mstate          00        0 (extern)
mtwdli          00        0 (extern)
mulb_loop       70'       112
mulb_nc         81'       129
mulb_sk_ld      6E'       110
muww_loop       43'       67
muww_nc         4E'       78
muww_sk_ld      41'       65
panic           00        0 (extern)
pcnt_err         114'     276
pcnt_exit        112'     274
pcnt_fr_sc_dn   FB'       251
pcnt_sc_frac    04"       4
pcnt_sc_lp      D2'       210
pcnt_sc_tot     00"       0
pcnt_scale      E9'       233
rddulo          00        0 (extern)
rdduwd          00        0 (extern)
rdhxwd          00        0 (extern)
rusby           00        0 (extern)
ruswd           00        0 (extern)
s1rch           00        0 (extern)
s1sta           00        0 (extern)
s1wch           00        0 (extern)
s2rch           00        0 (extern)
s2sta           00        0 (extern)
s2wch           00        0 (extern)
shr_mb_value     118'     280
shrmb_loop       120'     288
skpspc          00        0 (extern)
spiini          00        0 (extern)
spiss           00        0 (extern)
spitr           00        0 (extern)
str_offset     =20        32
toloca          00        0 (extern)
toupca          00        0 (extern)
trarch          00        0 (extern)
trawch          00        0 (extern)
trport          00        0 (extern)
wusby           00        0 (extern)
wuswd           00        0 (extern)
