   1:				; *******************************************************
   2:				; * Memory Allocation Routines for ZARC Z80 Computer    *
   3:				; * Written by: Merlin Skinner                          *
   4:				; * Date Started: 24/11/2021                            *
   5:				; *******************************************************
   6:				;
   7:				; Routines associated with the monitor's memory page allocation mechanism.
   8:				;
   9:				; Memory is allocated in units of one page. A four-character ASCII owner name
  10:				; identifies the owner and usage of each page. Each name must be unique.
  11:				;
  12:				;
  13:     -	0001'         	monitor         equ 1                   ; Flag part of monitor build
  14:     -	0001'         	memory          equ 1                   ; Flag module for includes
  15:				;
  16:				;
  17:				;
  18:				; ************
  19:				; * Includes *
  20:				; ************
  21:				;
  22:				                include "macros.i"
**** /home/merlin/Dropbox/ZARC_Z80_Box/git_cpm3_dev/software/includes/macros.i ****
   1:				; ***********************************
   2:				; * ZARC Macro Definitions          *
   3:				; * Written by: Merlin Skinner      *
   4:				; * Date Started: 30/7/2020         *
   5:				; ***********************************
   6:				;
   7:				;
   8:				;
   9:				; **********
  10:				; * Macros *
  11:				; **********
  12:				;
  13:				;
  14:				; Initialise enumeration.
  15:				; The absolute segment is used so the offsets are not marked as relocatable. This
  16:				; avoids "Not relocatable" errors.
  17:				ENUM_START      macro
  18:				                .aseg
  19:				enum_counter    set 0
  20:				                endm
  21:				;
  22:				; Invoke for each item.
  23:				ENUM            macro x
  24:				x               equ enum_counter
  25:				enum_counter    set enum_counter + 1
  26:				                endm
  27:				;
  28:				ENUM_END        macro x
  29:				x               set enum_counter    ; Set label to count of items
  30:				                .cseg
  31:				                endm
  32:				;
  33:				;
  34:				; Initialise a structure. This is used to generate offsets for data structures.
  35:				; The absolute segment is used so the offsets are not marked as relocatable. This
  36:				; avoids "Not relocatable" errors.
  37:				STRUCT          macro
  38:				                .aseg
  39:				str_offset      set 0
  40:				                endm
  41:				;
  42:				; Add a byte entry.
  43:				STR_BYTE        macro x
  44:				x               equ str_offset
  45:				str_offset      set str_offset + 1
  46:				                endm
  47:				;
  48:				; Add a word (16-bit) entry.
  49:				STR_WORD        macro x
  50:				x               equ str_offset
  51:				str_offset      set str_offset + 2
  52:				                endm
  53:				;
  54:				; Add a 3 byte (24-bit) entry.
  55:				STR_24BIT       macro x
  56:				x               equ str_offset
  57:				str_offset      set str_offset + 3
  58:				                endm
  59:				;
  60:				; Add a long (32-bit) entry.
  61:				STR_LONG        macro x
  62:				x               equ str_offset
  63:				str_offset      set str_offset + 4
  64:				                endm
  65:				;
  66:				; Add an arbitrary length entry.
  67:				STR_BLOCK       macro x, size   ; <name>, <size>
  68:				x               equ str_offset
  69:				str_offset      set str_offset + size
  70:				                endm
  71:				;
  72:				; End of structure (used to set size)
  73:				STR_END         macro x
  74:				x               equ str_offset
  75:				                .cseg
  76:				                endm
  77:				;
  78:				;
  79:				; Allocate space. This is used to generate variable addresses, affectively
  80:				; providing a new variables segment. Allocated size is kept track of separately
  81:				; to the address as the latter may overflow in certain error cases.
  82:				ALLOC           macro x
  83:				                .aseg
  84:				all_addr        set x
  85:				all_size        set 0
  86:				                endm
  87:				;
  88:				; Add a byte entry.
  89:				ALL_BYTE        macro x
  90:				x               equ all_addr
  91:				all_addr        set all_addr + 1
  92:				all_size        set all_size + 1
  93:				                endm
  94:				;
  95:				; Add a word (16-bit) entry.
  96:				ALL_WORD        macro x
  97:				x               equ all_addr
  98:				all_addr        set all_addr + 2
  99:				all_size        set all_size + 2
 100:				                endm
 101:				;
 102:				; Add a 3 byte (24-bit) entry.
 103:				ALL_24BIT       macro x
 104:				x               equ all_addr
 105:				all_addr        set all_addr + 3
 106:				all_size        set all_size + 3
 107:				                endm
 108:				;
 109:				; Add a long (32-bit) entry.
 110:				ALL_LONG        macro x
 111:				x               equ all_addr
 112:				all_addr        set all_addr + 4
 113:				all_size        set all_size + 4
 114:				                endm
 115:				;
 116:				; Add an arbitrary length entry.
 117:				ALL_BLOCK       macro x, size   ; <name>, <size>
 118:				x               equ all_addr
 119:				all_addr        set all_addr + size
 120:				all_size        set all_size + size
 121:				                endm
 122:				;
 123:				; End of allocated space. Returns size of block.
 124:				ALL_END         macro x
 125:				x               equ all_size
 126:				                .cseg
 127:				                endm
 128:				;
 129:				;
 130:				; Calculate offsets into jump tables.
 131:				; The absolute segment is used so the offsets are not marked as relocatable. This
 132:				; avoids "Not relocatable" errors.
 133:				JPTBL_START     macro x
 134:				                .aseg
 135:				jptbl_addr      set x               ; Set start address
 136:				                endm
 137:				;
 138:				; Invoke for each item.
 139:				JPTBL_ENTRY     macro x
 140:				x               equ jptbl_addr
 141:				jptbl_addr      set jptbl_addr + 3
 142:				                endm
 143:				;
 144:				; Invoke for a data block in the jump table
 145:				JPTBL_BLOCK     macro x, size   ; <name>, <size>
 146:				x               equ jptbl_addr
 147:				jptbl_addr      set jptbl_addr + size
 148:				                endm
 149:				;
 150:				JPTBL_END       macro x
 151:				x               set jptbl_addr      ; Set label to next address
 152:				                .cseg
 153:				                endm
 154:				;
 155:				;
 156:				; Define bits and masks. This is inspired by the Commodore Amiga BITDEF mechanism.
 157:				; Given:
 158:				; BITDEF I2C_CSR_STOP, 2
 159:				; Yields:
 160:				; I2C_CSR_STOP_BIT  EQU 2       ; Bit number
 161:				; I2C_CSR_STOP_MASK EQU 1<<2    ; Bit mask
 162:				BITDEF          macro n, b      ; <Name>, <bit>
 163:				n`_BIT          equ b
 164:				n`_MASK         equ 1 << b
 165:				                endm
 166:				;
 167:				;
 168:				; Force alignment. This asserts an appropriate number of zero bytes to achieve
 169:				; the required alignment. Note that these macros cannot work for relocatable
 170:				; files.
 171:				; 16-bit
 172:				ALIGN_WORD      macro
 173:				                if $ and 1
 174:				                    byte 0
 175:				                endif
 176:				                endm
 177:				;
 178:				; 32-bit
 179:				ALIGN_LONG      macro
 180:				                ALIGN_WORD
 181:				                if $ and 2
 182:				                    byte 0, 0
 183:				                endif
 184:				                endm
 185:				;
 186:				;
 187:				; Write message to console (short for "call conwms").
 188:				CON_WR_MSG      macro
 189:				                rst 08
 190:				                endm
 191:				;
 192:				;
 193:				; Write character to console (short for "call conwch").
 194:				CON_WR_CHAR     macro
 195:				                rst 16
 196:				                endm
 197:				
**** memory.z80 ****
  23:				                include "z80.i"
**** /home/merlin/Dropbox/ZARC_Z80_Box/git_cpm3_dev/software/includes/z80.i ****
   1:				; ***********************************
   2:				; * ZARC Z80 Definitions            *
   3:				; * Written by: Merlin Skinner      *
   4:				; * Date Started: 28/5/2020         *
   5:				; ***********************************
   6:				;
   7:				; Definitions related to the Z80 itself.
   8:				;
   9:				; Z80 Vectors
  10:     -	0000'         	Z80_RST00_VEC   equ 0x0000      ; RST instruction vectors
  11:     -	0008'         	Z80_RST08_VEC   equ 0x0008
  12:     -	0010'         	Z80_RST10_VEC   equ 0x0010
  13:     -	0018'         	Z80_RST18_VEC   equ 0x0018
  14:     -	0020'         	Z80_RST20_VEC   equ 0x0020
  15:     -	0028'         	Z80_RST28_VEC   equ 0x0028
  16:     -	0030'         	Z80_RST30_VEC   equ 0x0030
  17:     -	0038'         	Z80_RST38_VEC   equ 0x0038
  18:     -	0066'         	Z80_NMI_VEC     equ 0x0066      ; NMI vectors
  19:				
**** memory.z80 ****
  24:				                include "io_map.i"      ; I/O addresses mapping
**** /home/merlin/Dropbox/ZARC_Z80_Box/git_cpm3_dev/software/includes/io_map.i ****
   1:				; ***********************************
   2:				; * ZARC I/O Definitions            *
   3:				; * Written by: Merlin Skinner      *
   4:				; * Date Started: 3/9/2019          *
   5:				; ***********************************
   6:				
   7:				; *** I/O register address mapping ***
   8:				
   9:				; This should be kept in sync with the Definitions.vhd package file.
  10:     -	0000'         	IOA_FPGA_MAJREV equ 0x00        ; FPGA major revision
  11:     -	0001'         	IOA_FPGA_MINREV equ 0x01        ; FPGA minor revision
  12:     -	0002'         	IOA_CONTROL     equ 0x02        ; System control register
  13:     -	0003'         	IOA_FP_SW       equ 0x03        ; Front panel data switches
  14:				
  15:				; Paging
  16:     -	0004'         	IOA_MMAP_0      equ 0x04        ; Page, supervisor and protection for bank 0 (0x0000 to 0x3fff)
  17:     -	0005'         	IOA_MMAP_1      equ 0x05        ; Page, supervisor and protection for bank 1 (0x4000 to 0x7fff)
  18:     -	0006'         	IOA_MMAP_2      equ 0x06        ; Page, supervisor and protection for bank 2 (0x8000 to 0xbfff)
  19:     -	0007'         	IOA_MMAP_3      equ 0x07        ; Page, supervisor and protection for bank 3 (0xc000 to 0xffff)
  20:				
  21:				; Interrupts
  22:				; Note: Up to eight interrupts are supported. IM 2 is anticipated, and the
  23:				; fixed vector associated with each interrupt is supplied when the interrupt
  24:				; is serviced. Routine address is “I*256+databus”. Vector supplied is
  25:				; 0xe0 + 2 * interrupt number (0 to 7).
  26:				; Note: addresses 0x09 and 0x0b reserved for use if more than eight interrupt
  27:				; sources are required.
  28:     -	0008'         	IOA_INT_EN      equ 0x08        ; Enables
  29:     -	000A'         	IOA_INT_PEND    equ 0x0a        ; Pending interrupts
  30:				;
  31:				;NMI
  32:     -	000C'         	IOA_NMI_REASONS equ 0x0c        ; NMI reasons flags
  33:				;
  34:				; Serial.
  35:     -	0010'         	IOA_SER1_CSR    equ 0x10        ; Port 1 control / status
  36:     -	0011'         	IOA_SER1_DATA   equ 0x11        ; Port 1 data
  37:     -	0012'         	IOA_SER2_CSR    equ 0x12        ; Port 2 serial control / status
  38:     -	0013'         	IOA_SER2_DATA   equ 0x13        ; Port 2 serial data
  39:				
  40:				; RTC (DS1672)
  41:				; I2C, implemented using a byte interface to the CPU. Writing to the data port
  42:				; shifts out a byte. Input puts are shifted into the “other end” of the same
  43:				; register.
  44:     -	0018'         	IOA_I2C_CSR     equ 0x18        ; Control
  45:     -	0019'         	IOA_I2C_DATA    equ 0x19        ; Data
  46:				;
  47:				; SD Card
  48:				; Uses SPI mode, with a generally similar interface to that of the I2C.
  49:     -	0020'         	IOA_SPI_CSR     equ 0x20        ; Control
  50:     -	0021'         	IOA_SPI_DATA    equ 0x21        ; Data
  51:				
  52:				; CRC16 / XMODEM and MultiMediaCard CRC16
  53:				; Write to the CRC register to set the initial value. Writing to the input
  54:				; data register updates the CRC.
  55:     -	0024'         	IOA_CRC_0       equ 0x24        ; CRC register (low)
  56:     -	0025'         	IOA_CRC_1       equ 0x25        ; CRC register (high)
  57:     -	0026'         	IOA_CRC_DATA    equ 0x26        ; Input data
  58:				
  59:				; *** Proposed features ***
  60:				; Video
  61:				;IOA_VID_CTRL    equ 0x30;       ; Control (cursor on/off ...)
  62:				;IOA_VID_DATA    equ 0x31;       ; Data
  63:				;IOA_VID_CUR_X   equ 0x32;       ; Cursor X (0 to 127)
  64:				;IOA_VID_CUR_Y   equ 0x33;       ; Cursor Y (0 to 63)
  65:				;IOA_VID_START_L equ 0x34        ; Display start address (low byte)
  66:				;IOA_VID_START_H equ 0x35        ; Display start address (high byte)
  67:				
  68:				; Video palette
  69:				; Each entry consists of 6 bits of colour data. Foreground and background
  70:				; colour pairs are selected from the above palette using eight of the 22
  71:				; control codes in the display character set. This leaves codes for
  72:				; double-height, double-width etc.
  73:				;IOA_VID_PALBG0  equ 0x40        ; Background colour 0
  74:				;IOA_VID_PALFG0  equ 0x41        ; Foreground colour 0
  75:				;IOA_VID_PALBG1  equ 0x42        ; Background colour 1
  76:				;IOA_VID_PALFG1  equ 0x43        ; Foreground colour 1
  77:				;IOA_VID_PALBG2  equ 0x44        ; Background colour 2
  78:				;IOA_VID_PALFG2  equ 0x45        ; Foreground colour 2
  79:				;IOA_VID_PALBG3  equ 0x46        ; Background colour 3
  80:				;IOA_VID_PALFG3  equ 0x47        ; Foreground colour 3
  81:				;IOA_VID_PALBG4  equ 0x48        ; Background colour 4
  82:				;IOA_VID_PALFG4  equ 0x49        ; Foreground colour 4
  83:				;IOA_VID_PALBG5  equ 0x4a        ; Background colour 5
  84:				;IOA_VID_PALFG5  equ 0x4b        ; Foreground colour 5
  85:				;IOA_VID_PALBG6  equ 0x4c        ; Background colour 6
  86:				;IOA_VID_PALFG6  equ 0x4d        ; Foreground colour 6
  87:				;IOA_VID_PALBG7  equ 0x4e        ; Background colour 7
  88:				;IOA_VID_PALFG7  equ 0x4f        ; Foreground colour 7
  89:				
  90:				; Arithmetic
  91:				; Multiply, divide … based on 68000 DIV, DIVU, MUL, MULU.
  92:				; Multiply does A[16] * B[16] => C[32].
  93:				; Divide does A[32] / B[16] => C[32] (16-bit remainder [high bits] and
  94:				; 16-bit quotient [low bits]).
  95:				; Status bits include “complete” and “overflow”.
  96:				;IOA_ARITH_A_L   equ 0x50        ; A register (low)
  97:				;IOA_ARITH_A_H   equ 0x51        ; A register (high)
  98:				;IOA_ARITH_B_L   equ 0x54        ; B register (low)
  99:				;IOA_ARITH_B_H   equ 0x57        ; B register (high)
 100:				;IOA_ARITH_C_0   equ 0x58        ; C register (low)
 101:				;IOA_ARITH_C_1   equ 0x59 
 102:				;IOA_ARITH_C_2   equ 0x5a
 103:				;IOA_ARITH_C_3   equ 0x5b        ; C register (high)
 104:				;IOA_ARITH_CSR   equ 0x5c        ; Command / status
 105:				
 106:				
 107:				; *** Register bits allocation ***
 108:				
 109:				; IOA_CONTROL register
 110:     -	        	BITDEF SYSCTRL_TRARM, 0         ; 1 arms the trace interrupt
 111:     -	        	BITDEF SYSCTRL_MMAP, 1          ; 1 enables memory mapping
 112:     -	        	BITDEF SYSCTRL_NMCLR, 2         ; NMI mapping clear
 113:     -	        	BITDEF SYSCTRL_MAPARM, 3        ; NMI out arm
 114:     -	        	BITDEF SYSCTRL_MMAPN, 4         ; State of MMAP when an NMI occurred
 115:     -	        	BITDEF SYSCTRL_TRPRE0, 5        ; Number of prefixes for trace
 116:     -	        	BITDEF SYSCTRL_TRPRE1, 6
 117:     -	        	BITDEF SYSCTRL_RESERVED, 7      ; Unused bit
 118:				;
 119:				; MMAP page registers
 120:     -	        	BITDEF MMAP_PROT, 7             ; Write protection
 121:     -	        	BITDEF MMAP_SUPER, 6            ; I/O enable
 122:     -	003F'         	MMAP_PAGE_MASK  equ 0x3f        ; RAM page number bits
 123:				;
 124:				; IOA_INT_EN and IOA_INT_PEND registers.
 125:     -	0008'         	INTS_NUM        equ 8           ; Number of possible interrupt sources
 126:     -	        	BITDEF INT_SER1_TX, 0           ; Serial port 1 transmitter buffer is half full or less
 127:     -	        	BITDEF INT_SER1_RX, 1           ; Serial port 1 receiver has data
 128:     -	        	BITDEF INT_SER2_TX, 2           ; Serial port 2 transmitter buffer is half full or less
 129:     -	        	BITDEF INT_SER2_RX, 3           ; Serial port 2 receiver has data
 130:     -	        	BITDEF INT_TICK, 4              ; Regular timekeeping
 131:				;
 132:				; IOA_NMI_REASONS register.
 133:     -	0004'         	NMI_REASONS_NUM equ 4           ; Number of reasons for an NMI
 134:     -	        	BITDEF NMI_SWITCH, 0;           ; Front panel switch
 135:     -	        	BITDEF NMI_PROT_VIOL, 1;        ; Write protection violation
 136:     -	        	BITDEF NMI_SUPER_VIOL, 2;       ; Supervisor violation
 137:     -	        	BITDEF NMI_TRACE, 3;            ; Debugger trace (single step)
 138:     -	000F'         	NMI_REASONS_ALL equ NMI_SWITCH_MASK + NMI_PROT_VIOL_MASK + NMI_SUPER_VIOL_MASK + NMI_TRACE_MASK
 139:				;
 140:				; Serial CSRs (IOA_SER1_CSR and IOA_SER2_CSR).
 141:     -	        	BITDEF SER_CSR_RX_EMPTY, 0      ; Receiver buffer is empty
 142:     -	        	BITDEF SER_CSR_RX_ALHALF, 1     ; Receiver buffer is at least half full
 143:     -	        	BITDEF SER_CSR_RX_FULL, 2       ; Receiver buffer is full
 144:     -	        	BITDEF SER_CSR_FRAME_ERR, 3     ; Framing error in last character
 145:     -	        	BITDEF SER_CSR_TX_EMPTY, 4      ; Transmitter buffer is empty
 146:     -	        	BITDEF SER_CSR_TX_ALHALF, 5     ; Transmitter buffer is at least half full
 147:     -	        	BITDEF SER_CSR_TX_FULL, 6       ; Transmitter buffer is full
 148:				; Bit 7 is not used.
 149:				;
 150:				; I2C (Inter-Integrated Circuit) master interface. Used for RTC (DS1672).
 151:				; Bits in IOA_I2C_CSR
 152:     -	        	BITDEF I2C_CSR_ACKN, 0          ; (Read / write) acknowledge from receiving device
 153:     -	        	BITDEF I2C_CSR_START, 1         ; (Write only) trigger start sequence
 154:     -	        	BITDEF I2C_CSR_STOP, 2          ; (Write only) trigger stop sequence
 155:     -	        	BITDEF I2C_CSR_BUSY, 7          ; (Read only) transceiver busy
 156:				;
 157:				; SPI (Serial Peripheral Interface) master interface. Used for memory card.
 158:				; Bits in IOA_SPI_CSR
 159:     -	        	BITDEF SPI_CSR_FAST, 0          ; (Read / write) SPI speed select
 160:     -	        	BITDEF SPI_CSR_MC_SS, 1         ; (Read / write) memory card slave select
 161:     -	        	BITDEF SPI_CSR_BUSY, 7          ; (Read only) transceiver busy
 162:				
**** memory.z80 ****
  25:				                include "io.i"          ; I/O routines
**** /home/merlin/Dropbox/ZARC_Z80_Box/git_cpm3_dev/software/includes/io.i ****
   1:				; ***********************************
   2:				; * ZARC Basic I/O Extern Symbols   *
   3:				; * Written by: Merlin Skinner      *
   4:				; * Date Started: 16/5/2020         *
   5:				; ***********************************
   6:				;
   7:				; Note that ld80 only considers the first six characters of labels significant.
   8:				
   9:				; The following conditionals are intended to allow the same include file to be
  10:				; used in the defining module and elsewhere as required. Some includes are used
  11:				; for other applications than the monitor, such as the CP/M BIOS. In these cases,
  12:				; the extern and extern statements are not desirable.
  13:				;
  14:     -	0001'         	            ifdef monitor           ; Meaningful for monitor build only
  15:     -	0001'         	                ifndef io           ; Inhibit for this module
  16:				;
  17:				                ; Variables
  18:				                extern coport   ; Current console port (PRT_xxx)
  19:				                extern trport   ; Current data transfer port (PRT_xxx)
  20:				;
  21:				                ; Routines
  22:				                extern conwch   ; Write character to the console
  23:				                extern conrch   ; Read character from the console
  24:				                extern consta   ; Fetch console port status
  25:				                extern trawch   ; Write character to the data transfer port
  26:				                extern trarch   ; Read character from the data transfer port
  27:				                extern s1wch    ; Write character to serial port 1
  28:				                extern s1rch    ; Read character from serial port 1
  29:				                extern s1sta    ; Fetch serial port 1 status
  30:				                extern s2wch    ; Write character to serial port 2
  31:				                extern s2rch    ; Read character from serial port 2
  32:				                extern s2sta    ; Fetch serial port 2 status
  33:				                extern i2cwr    ; Write to I2C device
  34:				                extern i2crd    ; Read from I2C device
  35:				                extern spiini   ; Initialise SPI interface and set speed
  36:				                extern spiss    ; Set SPI slave select(s)
  37:				                extern spitr    ; Transfer byte to / from SPI device
  38:				;
  39:				                endif
  40:				            endif
  41:				;
  42:				;
  43:				; Port enumeration. Used for console and transfer port selection. Definitions must
  44:				; match names in prt_name_list (monitor.z80).
  45:     -	        	                ENUM_START
  46:     -	        	                ENUM PORT_SER1          ; Serial port 1
  47:     -	        	                ENUM PORT_SER2          ; Serial port 2
  48:     -	        	                ENUM_END PORT_STATES    ; Number of states
  49:				;
  50:				
**** memory.z80 ****
  26:				                include "zarc.i"        ; Hardware definitions
**** /home/merlin/Dropbox/ZARC_Z80_Box/git_cpm3_dev/software/includes/zarc.i ****
   1:				; ***********************************
   2:				; * ZARC Definitions                *
   3:				; * Written by: Merlin Skinner      *
   4:				; * Date Started: 26/5/2020         *
   5:				; ***********************************
   6:				;
   7:				; Definitions related to the ZARC system.
   8:				;
   9:				;
  10:				; ************
  11:				; * Hardware *
  12:				; ************
  13:				;
  14:				; Interrupt vector numbers in INT_VEC_TABLE.
  15:				; Address is INT_VEC_TABLE + 2 * vector number).
  16:     -	0000'         	INT_SER1_TX_VEC     equ INT_SER1_TX_BIT ; Serial port 1 transmitter buffer is half full or less
  17:     -	0001'         	INT_SER1_RX_VEC     equ INT_SER1_RX_BIT ; Serial port 1 receiver has data
  18:     -	0002'         	INT_SER2_TX_VEC     equ INT_SER2_TX_BIT ; Serial port 2 transmitter buffer is half full or less
  19:     -	0003'         	INT_SER2_RX_VEC     equ INT_SER2_RX_BIT ; Serial port 2 receiver has data
  20:     -	0004'         	INT_TICK_VEC        equ INT_TICK_BIT    ; Regular timekeeping
  21:				;
  22:     -	0064'         	MS_PER_TICK         equ 100             ; ms per tick
  23:     -	000A'         	TICK_FREQ           equ 10              ; Tick rate in Hz
  24:				;
  25:				
**** memory.z80 ****
  27:				                include "monitor.i"
**** /home/merlin/Dropbox/ZARC_Z80_Box/git_cpm3_dev/software/includes/monitor.i ****
   1:				; *******************************************************
   2:				; * ZARC Monitor Definitions                            *
   3:				; * Written by: Merlin Skinner                          *
   4:				; * Date Started: 26/5/2020                             *
   5:				; *******************************************************
   6:				;
   7:				; Definitions related to the monitor programme.
   8:				;
   9:				; Note that ld80 only considers the first six characters of labels significant.
  10:				;
  11:				;
  12:				; The following conditionals are intended to allow the same include file to be
  13:				; used in the defining module and elsewhere as required. Some includes are used
  14:				; for other applications than the monitor, such as the CP/M BIOS. In these
  15:				; cases, the extern and public statements are not desirable.
  16:				;
  17:     -	0001'         	            ifdef monitor           ; Meaningful for monitor build only
  18:     -	0001'         	                ifndef main         ; Inhibit for this module
  19:				; Constants
  20:				;
  21:				; Variables
  22:				                extern mscnt            ; Monitor start count
  23:				                extern mcspd            ; Approximate CPU speed in KHz
  24:				                extern mstate           ; Machine state structure
  25:				;
  26:				; Functions
  27:				                extern panic            ; System error exception
  28:				                extern rusby            ; Read byte from user space
  29:				                extern ruswd            ; Read 16-bit word from user space
  30:				                extern wusby            ; Write byte to user space
  31:				                extern wuswd            ; Write 16-bit word to user space
  32:				                extern mcrun            ; Switch context to user code
  33:				                extern mdisrg           ; Display registers
  34:				;
  35:				                endif
  36:				            endif
  37:				;
  38:				;
  39:				;
  40:				; *****************
  41:				; * Monitor Calls *
  42:				; *****************
  43:				;
  44:				;
  45:				; Calculate offsets into jump tables. Entries here must match the jump table in
  46:				; monitor.z80.
  47:     -	        	    JPTBL_START %(Z80_NMI_VEC + 3)   ; Start after NMI vector
  48:				;
  49:				; From monitor.z80
  50:     -	        	    JPTBL_ENTRY MCALL_MON_ENTRY     ; Normal monitor entry
  51:     -	        	    JPTBL_ENTRY MCALL_PANIC         ; System error monitor entry
  52:				; From io.z80
  53:     -	        	    JPTBL_ENTRY MCALL_CONWCH        ; Write character to the console port
  54:     -	        	    JPTBL_ENTRY MCALL_CONRCH        ; Read character from the console port
  55:     -	        	    JPTBL_ENTRY MCALL_CONSTA        ; Fetch console port status
  56:     -	        	    JPTBL_ENTRY MCALL_S1WCH         ; Write character to serial port 1
  57:     -	        	    JPTBL_ENTRY MCALL_S1RCH         ; Read character from serial port 1
  58:     -	        	    JPTBL_ENTRY MCALL_S1STA         ; Fetch serial port 1 status
  59:     -	        	    JPTBL_ENTRY MCALL_S2WCH         ; Write character to serial port 2
  60:     -	        	    JPTBL_ENTRY MCALL_S2RCH         ; Read character from serial port 2
  61:     -	        	    JPTBL_ENTRY MCALL_S2STA         ; Fetch serial port 2 status
  62:				; From utility.z80
  63:     -	        	    JPTBL_ENTRY MCALL_CWNWLN        ; Write new line characters to console
  64:     -	        	    JPTBL_ENTRY MCALL_CONWMS        ; Print null-terminated string to the console
  65:     -	        	    JPTBL_ENTRY MCALL_CONWMN        ; Print message <n> in a list
  66:     -	        	    JPTBL_ENTRY MCALL_SKPSPC        ; Step hl past spaces
  67:     -	        	    JPTBL_ENTRY MCALL_TOUPCA        ; Convert character in A to upper case
  68:     -	        	    JPTBL_ENTRY MCALL_TOLOCA        ; Convert character in A to lower case
  69:     -	        	    JPTBL_ENTRY MCALL_CWVICH        ; Print only visible 7-bit characters
  70:     -	        	    JPTBL_ENTRY MCALL_CWPSPC        ; Print a space
  71:     -	        	    JPTBL_ENTRY MCALL_MTWDLI        ; Match word in a string against list of options
  72:     -	        	    JPTBL_ENTRY MCALL_CWPHNB        ; Print least-significant nibble in A in hexadecimal
  73:     -	        	    JPTBL_ENTRY MCALL_CWPHBY        ; Print A in hexadecimal
  74:     -	        	    JPTBL_ENTRY MCALL_CWPHWD        ; Print HL in hexadecimal
  75:     -	        	    JPTBL_ENTRY MCALL_CWPDBY        ; Print A in decimal. Leading zeros are suppressed.
  76:     -	        	    JPTBL_ENTRY MCALL_CWPDWD        ; Print HL in decimal. Leading zeros are suppressed.
  77:     -	        	    JPTBL_ENTRY MCALL_CWPDLO        ; Print DEHL in decimal. Leading zeros are suppressed
  78:     -	        	    JPTBL_ENTRY MCALL_RDHXWD        ; Read a 16-bit hexadecimal number from a string
  79:     -	        	    JPTBL_ENTRY MCALL_RDDUWD        ; Read a 16-bit unsigned decimal number from a string
  80:     -	        	    JPTBL_ENTRY MCALL_RDDULO        ; Read a 32-bit unsigned decimal number from a string
  81:				; From maths.z80
  82:     -	        	    JPTBL_ENTRY MCALL_MADLBU        ; 32-bit / 8-bit unsigned divide
  83:     -	        	    JPTBL_ENTRY MCALL_MADWBU        ; 16-bit / 8-bit unsigned divide
  84:     -	        	    JPTBL_ENTRY MCALL_MADBBU        ; 8-bit / 8-bit unsigned divide
  85:     -	        	    JPTBL_ENTRY MCALL_MAMWWU        ; 16-bit * 16-bit unsigned multiply
  86:     -	        	    JPTBL_ENTRY MCALL_MAMLBU        ; 32-bit * 8-bit unsigned multiply
  87:     -	        	    JPTBL_ENTRY MCALL_CRC16X        ; CRC-16 (XMODEM)
  88:				; From time.z80
  89:     -	        	    JPTBL_ENTRY MCALL_TIRD          ; Read current time and date
  90:     -	        	    JPTBL_ENTRY MCALL_TIWR          ; Set time and date
  91:     -	        	    JPTBL_ENTRY MCALL_TIITOS        ; Convert integer time to structure
  92:     -	        	    JPTBL_ENTRY MCALL_TISTOI        ; Convert structure time to integer
  93:     -	        	    JPTBL_ENTRY MCALL_CWPTM         ; Print time structure to console
  94:				; From mmc.z80
  95:     -	        	    JPTBL_ENTRY MCALL_MCPRER        ; Print memory card error text
  96:				; From cache.z80
  97:     -	        	    JPTBL_ENTRY MCALL_CACRS         ; CP/M read sector
  98:     -	        	    JPTBL_ENTRY MCALL_CACWS         ; CP/M write sector
  99:     -	        	    JPTBL_ENTRY MCALL_CARS          ; MMC read sector
 100:     -	        	    JPTBL_ENTRY MCALL_CAWS          ; MMC write sector
 101:     -	        	    JPTBL_ENTRY MCALL_CAFLUS        ; Flush cache (write dirty buffers)
 102:				; From memory.z80
 103:     -	        	    JPTBL_ENTRY MCALL_MPALL         ; Allocate new page
 104:     -	        	    JPTBL_ENTRY MCALL_MPFREE        ; Free allocated page
 105:     -	        	    JPTBL_ENTRY MCALL_MPSTAT        ; Allocation status
 106:				;
 107:     -	        	    JPTBL_END MCALL_JPTBL_NEXT
 108:				;
 109:				;
 110:				;
 111:				; **************
 112:				; * Structures *
 113:				; **************
 114:				;
 115:				;
 116:				; Machine state structure.
 117:     -	        	                STRUCT
 118:     -	        	                STR_BYTE MST_IEN        ; Non-zero if interrupts enabled
 119:     -	        	                STR_BYTE MST_MMAP_EN    ; Non-zero if memory mapping enabled
 120:     -	        	                STR_BYTE MST_MMAP0      ; Memory mapping registers
 121:     -	        	                STR_BYTE MST_MMAP1
 122:     -	        	                STR_BYTE MST_MMAP2
 123:     -	        	                STR_BYTE MST_MMAP3
 124:     -	        	                STR_WORD MST_SP
 125:     -	        	                STR_WORD MST_PC
 126:				; The sequence of the following entries must match those in the state save and
 127:				; load routines.
 128:     -	        	                STR_WORD MST_IY
 129:     -	        	                STR_WORD MST_IX
 130:     -	        	                STR_WORD MST_HL_P
 131:     -	        	                STR_WORD MST_DE_P
 132:     -	        	                STR_WORD MST_BC_P
 133:     -	        	                STR_WORD MST_AF_P       ; Alternate ("prime") registers
 134:     -	        	                STR_WORD MST_HL
 135:     -	        	                STR_WORD MST_DE
 136:     -	        	                STR_WORD MST_BC
 137:     -	        	                STR_WORD MST_AF
 138:				; End of sequence critical entries.
 139:     -	        	                STR_BYTE MST_I
 140:     -	        	                STR_BYTE MST_R
 141:     -	        	                STR_END MST_SIZE
 142:				;
 143:				;
 144:				;
 145:				; *************
 146:				; * Constants *
 147:				; *************
 148:				;
 149:				;
 150:				; Trace mode states for trace_mode.
 151:     -	        	                ENUM_START
 152:     -	        	                ENUM TRM_NONE
 153:     -	        	                ENUM TRM_SINGLE
 154:     -	        	                ENUM TRM_TO_ADDR        ; Trace to address
 155:     -	        	                ENUM TRM_XPT            ; Exception - start running normally
 156:     -	        	                ENUM_END TRM_STATES     ; Number of states
 157:				
**** memory.z80 ****
  28:				                include "utility.i"     ; Utility functions
**** /home/merlin/Dropbox/ZARC_Z80_Box/git_cpm3_dev/software/includes/utility.i ****
   1:				; ***********************************
   2:				; * ZARC Monitor Utility Routines   *
   3:				; * Written by: Merlin Skinner      *
   4:				; * Date Started: 16/5/2020         *
   5:				; ***********************************
   6:				;
   7:				; Note that ld80 only considers the first six characters of labels significant
   8:				;
   9:				; The following conditionals are intended to allow the same include file to be
  10:				; used in the defining module and elsewhere as required. Some includes are used
  11:				; for other applications than the monitor, such as the CP/M BIOS. In these cases,
  12:				; the extern and public statements are not desirable.
  13:				;
  14:     -	0001'         	            ifdef monitor           ; Meaningful for monitor build only
  15:     -	0001'         	                ifndef utility      ; Inhibit for this module
  16:				;
  17:				                extern cwnwln       ; Write new line characters to console.
  18:				                extern conwms       ; Print null-terminated string to the console
  19:				                extern conwmn       ; Print message <n> in a list
  20:				                extern skpspc       ; Step hl past spaces
  21:				                extern toupca       ; Convert character in A to upper case
  22:				                extern toloca       ; Convert character in A to lower case
  23:				                extern cwvich       ; Print only visible 7-bit characters
  24:				                extern cwpspc       ; Print a space
  25:				                extern mtwdli       ; Match word in a string against list of options
  26:				                extern cwphnb       ; Print least-significant nibble in A in hexadecimal
  27:				                extern cwphby       ; Print A in hexadecimal
  28:				                extern cwphwd       ; Print HL in hexadecimal
  29:				                extern cwpdby       ; Print A in decimal. Leading zeros are suppressed
  30:				                extern cwpdwd       ; Print HL in decimal. Leading zeros are suppressed
  31:				                extern cwpdlo       ; Print DEHL in decimal. Leading zeros are suppressed
  32:				                extern rdhxwd       ; Read a 16-bit hexadecimal number from a string
  33:				                extern rdduwd       ; Read a 16-bit unsigned decimal number from a string
  34:				                extern rddulo       ; Read a 32-bit unsigned decimal number from a string
  35:				;
  36:				                endif
  37:				            endif
  38:				;
  39:				;
  40:				; mtwdli (match word in a string against list of options) option bits. Each bit
  41:				; has the described effect if set.
  42:     -	        	BITDEF MTWDLI_ABBREV, 0                 ; Enable "." abbreviation
  43:     -	        	BITDEF MTWDLI_ICASE, 1                  ; Ignore case when matching
  44:     -	        	BITDEF MTWDLI_TERM, 7                   ; Terminator found (internal use only)
  45:				
**** memory.z80 ****
  29:				                include "memory.i"
**** /home/merlin/Dropbox/ZARC_Z80_Box/git_cpm3_dev/software/includes/memory.i ****
   1:				; *******************************************
   2:				; * ZARC Memory Include File                *
   3:				; * Written by: Merlin Skinner              *
   4:				; * Date Started: 24/11/2021                *
   5:				; *******************************************
   6:				;
   7:				;
   8:				; Note that ld80 only considers the first six characters of labels significant.
   9:				;
  10:				; The following conditionals are intended to allow the same include file to be
  11:				; used in the defining module and elsewhere as required. Some includes are used
  12:				; for other applications than the monitor, such as the CP/M BIOS. In these cases,
  13:				; the extern and public statements are not desirable.
  14:				;
  15:     -	0001'         	            ifdef monitor           ; Meaningful for monitor build only
  16:     -	0000'         	                ifndef memory       ; Inhibit for this module
  25:				                endif
  26:				            endif
  27:				;
  28:				; Physical memory constants are found in zarc.i
  29:				;
  30:     -	0004'         	MPA_NAME_LEN        equ 4               ; Page owner name length (bytes)
  31:				;
  32:				; Memory map
  33:     -	4000'         	MMAP_PAGE_SIZE      equ 0x4000          ; Memory mapping bank / page size
  34:     -	0004'         	MMAP_BANKS          equ 4               ; Number of 16 kB banks
  35:     -	0040'         	MMAP_PAGES          equ 0x40            ; Number of 16 kB RAM pages
  36:     -	0000'         	MMAP_BANK0_START    equ 0x0000
  37:     -	3FFF'         	MMAP_BANK0_END      equ 0x3fff
  38:     -	4000'         	MMAP_BANK1_START    equ 0x4000
  39:     -	7FFF'         	MMAP_BANK1_END      equ 0x7fff
  40:     -	8000'         	MMAP_BANK2_START    equ 0x8000
  41:     -	BFFF'         	MMAP_BANK2_END      equ 0xbfff
  42:     -	C000'         	MMAP_BANK3_START    equ 0xc000
  43:     -	FFFF'         	MMAP_BANK3_END      equ 0xffff
  44:				;
  45:				;
  46:				;
  47:				; ****************
  48:				; * Memory Usage *
  49:				; ****************
  50:				;
  51:				;
  52:				; Memory banks setup.
  53:				; 0 (0000 - 3FFF): 3f read only, supervisor - monitor program
  54:				; 1 (4000 - 7FFF): 3e writeable - monitor variables, stacks, buffers etc.
  55:				; 2 (8000 - BFFF): (not used)
  56:				; 3 (C000 - FFFF): (mapped as required)
  57:				;
  58:     -	003F'         	MMAP_MON_B0_PAGE    equ 0x3f        ; Page for bank 0
  59:     -	003E'         	MMAP_MON_B1_PAGE    equ 0x3e        ; Page for bank 1
  60:				;
  61:     -	0040'         	STACKS_SIZE     equ 64              ; Space allocated to normal stacks
  62:				;
  63:     -	7FFF'         	HEAP_TOP        equ MMAP_BANK1_END  ; Top (end) of heap space.
  64:				
**** memory.z80 ****
  30:				;
  31:				;
  32:				;
  33:				; *************
  34:				; * Externals *
  35:				; *************
  36:				;
  37:				; Routines
  38:				                public mpinit       ; Initialise page map
  39:				                public mprpt        ; Report status to console
  40:				                public mpall        ; Allocate new page
  41:				                public mpfree       ; Free allocated page
  42:				                public mpstat       ; Allocation status
  43:				                public mppnam       ; Print entry name
  44:				;
  45:				; Variables
  46:				; (None).
  47:				;
  48:				;
  49:				;
  50:				; *************
  51:				; * Constants *
  52:				; *************
  53:				;
  54:				; (None)
  55:				;
  56:				;
  57:				;
  58:				; *************
  59:				; * Main Code *
  60:				; *************
  61:				;
  62:				                cseg                    ; Code segment
  63:				;
  64:				; Some of this code assumes that the name length is four, so error if not.
  65:     -	0001'         	                assert MPA_NAME_LEN = 4
  66:				;
  67:				;
  68:				; Initialise page map. All pages are declared free, apart from those used by
  69:				; the monitor.
  70:    0+11	0000' C5      	mpinit          push bc
  71:   11+11	0001' D5      	                push de
  72:   22+11	0002' E5      	                push hl
  73:   33+10	0003' 210000  	                ld hl, page_map
  74:   43+7	0006' 0640    	                ld b, MMAP_PAGES
  75:   50+15	0008' CBFE    	mpi_loop        set 7, (hl)             ; Mark page as free
  76:   65+6	000A' 23      	                inc hl
  77:   71+6	000B' 23      	                inc hl
  78:   77+6	000C' 23      	                inc hl
  79:   83+6	000D' 23      	                inc hl
  80:   89+8+5	000E' 10F8    	                djnz mpi_loop
  81:				;
  82:				; Mark the monitor's pages as allocated.
  83:   97+10	0010' 11FC00  	                ld de, page_map + (4 * MMAP_MON_B0_PAGE)
  84:  107+10	0013' 212B01  	                ld hl, mon_pgm_name
  85:  117+10	0016' 010400  	                ld bc, MPA_NAME_LEN
  86:  127+16+5	0019' EDB0    	                ldir
  87:  143+10	001B' 11F800  	                ld de, page_map + (4 * MMAP_MON_B1_PAGE)
  88:  153+10	001E' 212F01  	                ld hl, mon_data_name
  89:  163+10	0021' 010400  	                ld bc, MPA_NAME_LEN
  90:  173+16+5	0024' EDB0    	                ldir
  91:  189+10	0026' E1      	                pop hl
  92:  199+10	0027' D1      	                pop de
  93:  209+10	0028' C1      	                pop bc
  94:  219+10	0029' C9      	                ret
  95:				;
  96:				;
  97:				; Report page allocation status to the console. The report is of the form:
  98:				;   <page no.>: <name>, <page no.>: <name>, ...
  99:				; with eight pages per line for each page. <name> is the four character name in
 100:				; page_map. Unallocated pages are shown as "----".
 101:				; The last line is a summary:
 102:				;   <n> pages free.
 103:  229+11	002A' C5      	mprpt           push bc
 104:  240+11	002B' D5      	                push de
 105:  251+11	002C' E5      	                push hl
 106:				;
 107:  262+10	002D' 213301  	                ld hl, rpt_title_msg    ; "Page Allocation Status:"
 108:  272+11	0030' CF      	                CON_WR_MSG             ; Print message
 109:				;
 110:				; Loop through each page entry.
 111:  283+10	0031' 210000  	                ld hl, page_map         ; Point to first entry
 112:  293+7	0034' 0600    	                ld b, 0                 ; Page number
 113:  300+7	0036' 0E00    	                ld c, 0                 ; Number of pages used
 114:  307+7	0038' 1608    	                ld d, 8                 ; Pages per line
 115:				;
 116:				; B - page number
 117:				; C - number of pages used
 118:				; D - entries per line counter
 119:				; HL - pointer to page information
 120:  314+4	003A' 78      	rpt_pg_loop     ld a, b
 121:  318+17	003B' CD0000  	                call cwphby             ; Print page number in hexadecimal
 122:  335+7	003E' 3E3A    	                ld a, ":"
 123:  342+11	0040' D7      	                CON_WR_CHAR             ; Write character to console
 124:  353+11	0041' E5      	                push hl
 125:				;
 126:  364+12	0042' CB7E    	                bit 7, (hl)
 127:  376+7+5	0044' 2806    	                jr z, rpt_pg            ; Jump if allocated
 128:				; Free page.
 129:  383+10	0046' 214D01  	                ld hl, rpt_unu_msg      ; "----"
 130:  393+11	0049' CF      	                CON_WR_MSG             ; Print message
 131:  404+12	004A' 1810    	                jr rpt_nm_done
 132:				; Page is in use. Print the name.
 133:  416+11	004C' C5      	rpt_pg          push bc
 134:  427+7	004D' 0604    	                ld b, MPA_NAME_LEN
 135:  434+7	004F' 7E      	rpt_pr_name_lp  ld a, (hl)
 136:  441+11	0050' C5      	                push bc                 ; Save counters
 137:  452+7	0051' 0E3F    	                ld c, '?'               ; Substitution character
 138:  459+17	0053' CD0000  	                call cwvich             ; Print visible characters only
 139:  476+10	0056' C1      	                pop bc                  ; Restore counters
 140:  486+6	0057' 23      	                inc hl
 141:  492+8+5	0058' 10F5    	                djnz rpt_pr_name_lp
 142:  500+10	005A' C1      	                pop bc
 143:  510+4	005B' 0C      	                inc c                   ; Count pages in use
 144:				; Page done. Write separator characters unless this is the end of the line.
 145:  514+10	005C' E1      	rpt_nm_done     pop hl
 146:  524+6	005D' 23      	                inc hl                  ; Point to next entry
 147:  530+6	005E' 23      	                inc hl
 148:  536+6	005F' 23      	                inc hl
 149:  542+6	0060' 23      	                inc hl
 150:				; Write separator or new line as required.
 151:  548+4	0061' 15      	                dec d
 152:  552+7+5	0062' 2808    	                jr z, rpt_pg_lnend
 153:				; Not the end of a line. Write separators.
 154:  559+7	0064' 3E2C    	                ld a, ","
 155:  566+11	0066' D7      	                CON_WR_CHAR             ; Write character to console
 156:  577+7	0067' 3E20    	                ld a, " "
 157:  584+11	0069' D7      	                CON_WR_CHAR             ; Write character to console
 158:  595+12	006A' 1805    	                jr rpt_pg_done
 159:  607+17	006C' CD0000  	rpt_pg_lnend    call cwnwln             ; Write new line characters to console
 160:  624+7	006F' 1608    	                ld d, 8                 ; Reset pages per line counter
 161:				;
 162:				; Loop if there are more page entries
 163:  631+4	0071' 04      	rpt_pg_done     inc b
 164:  635+4	0072' 78      	                ld a, b
 165:  639+7	0073' FE40    	                cp MMAP_PAGES
 166:  646+7+5	0075' 38C3    	                jr c, rpt_pg_loop
 167:				;
 168:				; Print number of free pages.
 169:  653+7	0077' 3E40    	                ld a, MMAP_PAGES        ; Calculate free pages
 170:  660+4	0079' 91      	                sub c
 171:  664+17	007A' CD0000  	                call cwpdby             ; Print number in decimal
 172:  681+10	007D' 215201  	                ld hl, rpt_free_msg     ; " pages free."
 173:  691+11	0080' CF      	                CON_WR_MSG             ; Print message
 174:				;
 175:  702+10	0081' E1      	                pop hl
 176:  712+10	0082' D1      	                pop de
 177:  722+10	0083' C1      	                pop bc
 178:  732+10	0084' C9      	                ret
 179:				;
 180:				;
 181:				; Allocate a page. If a page of that name is already allocated, that page is
 182:				; returned. Otherwise, return the first (lowest) free page. Call with:
 183:				; HL - four character ASCII owner name
 184:				; Returns with:
 185:				; A - page number 
 186:				; carry - set on error (out of memory)
 187:  742+11	0085' C5      	mpall           push bc
 188:  753+11	0086' D5      	                push de
 189:				;
 190:				; Bit 7 of the first byte is used to indicate a free entry in page_map, so if
 191:				; the supplied name has this we will have strange effects.
 192:  764+12	0087' CB7E    	                bit 7, (hl)
 193:  776+10+7	0089' C40000  	                call nz, panic
 194:				;
 195:  786+4	008C' EB      	                ex de, hl               ; Move name to DE
 196:				; Loop through each page entry.
 197:  790+10	008D' 210000  	                ld hl, page_map         ; Point to first entry
 198:  800+7	0090' 0600    	                ld b, 0                 ; Page number
 199:  807+7	0092' 0EFF    	                ld c, 0xff              ; Flag no free page found
 200:				;
 201:  814+12	0094' CB7E    	all_page_loop   bit 7, (hl)
 202:  826+7+5	0096' 2808    	                jr z, all_used          ; Jump if allocated
 203:				; The page is free. Save it for later if we haven't found one already.
 204:  833+7	0098' 3EFF    	                ld a, 0xff
 205:  840+4	009A' B9      	                cp c
 206:  844+7+5	009B' 201C    	                jr nz, all_page_done
 207:				; This is the first free page we have found, so save it.
 208:  851+4	009D' 48      	                ld c, b
 209:  855+12	009E' 1819    	                jr all_page_done
 210:				;
 211:				; Page is in use. Match the name against the supplied one.
 212:  867+11	00A0' C5      	all_used        push bc
 213:  878+11	00A1' D5      	                push de
 214:  889+11	00A2' E5      	                push hl
 215:  900+10	00A3' 010400  	                ld bc, MPA_NAME_LEN
 216:  910+7	00A6' 1A      	all_match_loop  ld a, (de)
 217:  917+6	00A7' 13      	                inc de
 218:  923+16	00A8' EDA1    	                cpi
 219:  939+7+5	00AA' 200A    	                jr nz, all_match_bad
 220:  946+10	00AC' EAA600  	                jp pe, all_match_loop
 221:  956+10	00AF' E1      	                pop hl
 222:  966+10	00B0' D1      	                pop de
 223:  976+10	00B1' C1      	                pop bc
 224:				; Name found!
 225:  986+4	00B2' 78      	                ld a, b                 ; Page number
 226:  990+4	00B3' A7      	                and a                   ; Flag success
 227:  994+12	00B4' 1820    	                jr all_exit             ; Exit with page number
 228:				;
 229:				; The name doesn't match the one supplied.
 230: 1006+10	00B6' E1      	all_match_bad   pop hl
 231: 1016+10	00B7' D1      	                pop de
 232: 1026+10	00B8' C1      	                pop bc
 233:				;
 234: 1036+6	00B9' 23      	all_page_done   inc hl                  ; Point to next entry
 235: 1042+6	00BA' 23      	                inc hl
 236: 1048+6	00BB' 23      	                inc hl
 237: 1054+6	00BC' 23      	                inc hl
 238:				; Loop if there are more page entries
 239: 1060+4	00BD' 04      	                inc b
 240: 1064+4	00BE' 78      	                ld a, b
 241: 1068+7	00BF' FE40    	                cp MMAP_PAGES
 242: 1075+7+5	00C1' 38D1    	                jr c, all_page_loop
 243:				;
 244:				; All entries have been searched, but no match was found.
 245: 1082+4	00C3' 79      	                ld a, c
 246: 1086+7	00C4' FEFF    	                cp 0xff
 247: 1093+7+5	00C6' 280D    	                jr z, all_error
 248:				; A free page was found during the search. We need to allocate it.
 249:				; C - page number
 250:				; DE - four character ASCII owner name
 251: 1100+4	00C8' 79      	                ld a, c
 252: 1104+17	00C9' CD1A01  	                call entry_addr         ; Find page_map entry
 253: 1121+4	00CC' EB      	                ex de, hl
 254: 1125+10	00CD' 010400  	                ld bc, MPA_NAME_LEN
 255: 1135+16+5	00D0' EDB0    	                ldir
 256: 1151+4	00D2' A7      	                and a                   ; Flag success
 257: 1155+12	00D3' 1801    	                jr all_exit
 258:				;
 259:				; No free page found during the search.
 260: 1167+4	00D5' 37      	all_error       scf                     ; Flag error
 261:				;
 262:				; Restore registers and exit.
 263: 1171+10	00D6' D1      	all_exit        pop de
 264: 1181+10	00D7' C1      	                pop bc
 265: 1191+10	00D8' C9      	                ret
 266:				;
 267:				;
 268:				; Free allocated page. Call with:
 269:				; A - page number 
 270:				; Returns with:
 271:				; carry - set on error (page was already free)
 272: 1201+11	00D9' E5      	mpfree          push hl
 273:				;
 274: 1212+17	00DA' CD1A01  	                call entry_addr         ; Find page_map entry
 275:				;
 276: 1229+4	00DD' 37      	                scf                     ; Flag error
 277: 1233+12	00DE' CB7E    	                bit 7, (hl)
 278:				; If already unallocated, exit with the carry flag set.
 279: 1245+7+5	00E0' 2003    	                jr nz, free_exit        ; Jump if already unallocated
 280: 1252+15	00E2' CBFE    	                set 7, (hl)             ; Mark the entry free
 281: 1267+4	00E4' A7      	                and a                   ; Flag success
 282:				;
 283:				; Restore registers and exit.
 284: 1271+10	00E5' E1      	free_exit       pop hl
 285: 1281+10	00E6' C9      	                ret
 286:				;
 287:				;
 288:				; Return status (number of free pages). 
 289:				; Returns with:
 290:				; A - number of free pages
 291: 1291+11	00E7' C5      	mpstat          push bc
 292: 1302+11	00E8' D5      	                push de
 293: 1313+11	00E9' E5      	                push hl
 294:				;
 295:				; Loop through each page entry.
 296: 1324+10	00EA' 210000  	                ld hl, page_map         ; Point to first entry
 297: 1334+7	00ED' 0640    	                ld b, MMAP_PAGES        ; Page count
 298: 1341+7	00EF' 0E00    	                ld c, 0                 ; Number of free pages
 299:				;
 300: 1348+12	00F1' CB7E    	stat_page_loop  bit 7, (hl)
 301: 1360+7+5	00F3' 2801    	                jr z, stat_page_done    ; Jump if allocated
 302:				; Page is unallocated.
 303: 1367+4	00F5' 0C      	                inc c                   ; Update counter
 304:				; Processing is complete for this entry.
 305: 1371+6	00F6' 23      	stat_page_done  inc hl                  ; Point to next entry
 306: 1377+6	00F7' 23      	                inc hl
 307: 1383+6	00F8' 23      	                inc hl
 308: 1389+6	00F9' 23      	                inc hl
 309:				; Loop if there are more page entries
 310: 1395+8+5	00FA' 10F5    	                djnz stat_page_loop
 311:				;
 312: 1403+4	00FC' 79      	                ld a, c                 ; Return with free page count
 313: 1407+10	00FD' E1      	                pop hl
 314: 1417+10	00FE' D1      	                pop de
 315: 1427+10	00FF' C1      	                pop bc
 316: 1437+10	0100' C9      	                ret
 317:				;
 318:				;
 319:				; Print entry name to the console. If the page is allocated, the name is
 320:				; written with no prefix or suffix. If the entry is free, nothing is written.
 321:				; Call with:
 322:				; A - page number
 323:				; Returns with:
 324:				; carry - set if page was free
 325: 1447+11	0101' C5      	mppnam          push bc
 326: 1458+11	0102' E5      	                push hl
 327:				;
 328: 1469+17	0103' CD1A01  	                call entry_addr         ; Find page_map entry
 329:				;
 330: 1486+4	0106' 37      	                scf                     ; Flag error
 331: 1490+12	0107' CB7E    	                bit 7, (hl)
 332:				; If unallocated, exit with the carry flag set.
 333: 1502+7+5	0109' 200C    	                jr nz, pnam_exit        ; Jump if unallocated
 334:				;
 335:				; Print the name.
 336: 1509+7	010B' 0604    	                ld b, MPA_NAME_LEN
 337: 1516+7	010D' 7E      	pnam_loop       ld a, (hl)
 338: 1523+7	010E' 0E3F    	                ld c, '?'               ; Substitution character
 339: 1530+17	0110' CD0000  	                call cwvich             ; Print visible characters only
 340: 1547+6	0113' 23      	                inc hl
 341: 1553+8+5	0114' 10F7    	                djnz pnam_loop
 342: 1561+4	0116' A7      	                and a                   ; Flag success
 343:				;
 344:				; Restore registers and exit.
 345: 1565+10	0117' E1      	pnam_exit       pop hl
 346: 1575+10	0118' C1      	                pop bc
 347: 1585+10	0119' C9      	                ret
 348:				;
 349:				;
 350:				; Calculate address of page_map entry. Call with:
 351:				; A - page number 
 352:				; Returns with:
 353:				; hl - page_map entry address
 354: 1595+11	011A' C5      	entry_addr      push bc
 355:				;
 356: 1606+7	011B' FE40    	                cp MMAP_PAGES
 357: 1613+10+7	011D' D40000  	                call nc, panic          ; Panic if out of range
 358:				;
 359: 1623+7	0120' 2600    	                ld h, 0
 360: 1630+4	0122' 6F      	                ld l, a
 361: 1634+11	0123' 29      	                add hl, hl
 362: 1645+11	0124' 29      	                add hl, hl
 363: 1656+10	0125' 010000  	                ld bc, page_map
 364: 1666+11	0128' 09      	                add hl, bc
 365:				;
 366: 1677+10	0129' C1      	                pop bc
 367: 1687+10	012A' C9      	                ret
 368:				;
 369:				;
 370:				;
 371:				; *************
 372:				; * Constants *
 373:				; *************
 374:				;
 375:     -	012B' 4D4F4E50	mon_pgm_name    byte "MONP"
 376:     -	012F' 4D4F4E44	mon_data_name   byte "MOND"
 377:     -	0133' 50616765	rpt_title_msg   byte "Page Allocation Status:", 0x0d, 0x0a, 0
	              20416C6C
	              6F636174
	              696F6E20
	              53746174
	              75733A0D
	              0A00
 378:     -	014D' 2D2D2D2D	rpt_unu_msg     byte "----", 0
	              00
 379:     -	0152' 20706167	rpt_free_msg    byte " pages free.", 0x0d, 0x0a, 0
	              65732066
	              7265652E
	              0D0A00
 380:				;
 381:				;
 382:				;
 383:				; *************
 384:				; * Variables *
 385:				; *************
 386:				;
 387:				;
 388:				; Note: linker "-c" option is used, so no data is initialised here.
 389:				                dseg                ; Data segment
 390:				;
 391:				; The page map is a four character entry (owner name) per page. If bit 7 of the
 392:				; first byte is set, the page is unallocated (free).
 393:     -	0000"         	page_map        defs MMAP_PAGES * MPA_NAME_LEN  ; Page owner names
 394:				;
 395:     -	0100"         	                end



Statistics:

     4	passes
     0	jr promotions
   292	symbols
   353	bytes

   125	macro calls
  2391	macro bytes
     0	invented symbols



Symbol Table:

HEAP_TOP       =7FFF      32767
I2C_CSR_ACKN_BIT=00        0
I2C_CSR_ACKN_MASK=01        1
I2C_CSR_BUSY_BIT=07        7
I2C_CSR_BUSY_MASK=80        128
I2C_CSR_START_BIT=01        1
I2C_CSR_START_MASK=02        2
I2C_CSR_STOP_BIT=02        2
I2C_CSR_STOP_MASK=04        4
INTS_NUM       =08        8
INT_SER1_RX_BIT=01        1
INT_SER1_RX_MASK=02        2
INT_SER1_RX_VEC=01        1
INT_SER1_TX_BIT=00        0
INT_SER1_TX_MASK=01        1
INT_SER1_TX_VEC=00        0
INT_SER2_RX_BIT=03        3
INT_SER2_RX_MASK=08        8
INT_SER2_RX_VEC=03        3
INT_SER2_TX_BIT=02        2
INT_SER2_TX_MASK=04        4
INT_SER2_TX_VEC=02        2
INT_TICK_BIT   =04        4
INT_TICK_MASK  =10        16
INT_TICK_VEC   =04        4
IOA_CONTROL    =02        2
IOA_CRC_0      =24        36
IOA_CRC_1      =25        37
IOA_CRC_DATA   =26        38
IOA_FPGA_MAJREV=00        0
IOA_FPGA_MINREV=01        1
IOA_FP_SW      =03        3
IOA_I2C_CSR    =18        24
IOA_I2C_DATA   =19        25
IOA_INT_EN     =08        8
IOA_INT_PEND   =0A        10
IOA_MMAP_0     =04        4
IOA_MMAP_1     =05        5
IOA_MMAP_2     =06        6
IOA_MMAP_3     =07        7
IOA_NMI_REASONS=0C        12
IOA_SER1_CSR   =10        16
IOA_SER1_DATA  =11        17
IOA_SER2_CSR   =12        18
IOA_SER2_DATA  =13        19
IOA_SPI_CSR    =20        32
IOA_SPI_DATA   =21        33
MCALL_CACRS    =E4        228
MCALL_CACWS    =E7        231
MCALL_CAFLUS   =F0        240
MCALL_CARS     =EA        234
MCALL_CAWS     =ED        237
MCALL_CONRCH   =72        114
MCALL_CONSTA   =75        117
MCALL_CONWCH   =6F        111
MCALL_CONWMN   =90        144
MCALL_CONWMS   =8D        141
MCALL_CRC16X   =CF        207
MCALL_CWNWLN   =8A        138
MCALL_CWPDBY   =AE        174
MCALL_CWPDLO   =B4        180
MCALL_CWPDWD   =B1        177
MCALL_CWPHBY   =A8        168
MCALL_CWPHNB   =A5        165
MCALL_CWPHWD   =AB        171
MCALL_CWPSPC   =9F        159
MCALL_CWPTM    =DE        222
MCALL_CWVICH   =9C        156
MCALL_JPTBL_NEXT=FC        252
MCALL_MADBBU   =C6        198
MCALL_MADLBU   =C0        192
MCALL_MADWBU   =C3        195
MCALL_MAMLBU   =CC        204
MCALL_MAMWWU   =C9        201
MCALL_MCPRER   =E1        225
MCALL_MON_ENTRY=69        105
MCALL_MPALL    =F3        243
MCALL_MPFREE   =F6        246
MCALL_MPSTAT   =F9        249
MCALL_MTWDLI   =A2        162
MCALL_PANIC    =6C        108
MCALL_RDDULO   =BD        189
MCALL_RDDUWD   =BA        186
MCALL_RDHXWD   =B7        183
MCALL_S1RCH    =7B        123
MCALL_S1STA    =7E        126
MCALL_S1WCH    =78        120
MCALL_S2RCH    =84        132
MCALL_S2STA    =87        135
MCALL_S2WCH    =81        129
MCALL_SKPSPC   =93        147
MCALL_TIITOS   =D8        216
MCALL_TIRD     =D2        210
MCALL_TISTOI   =DB        219
MCALL_TIWR     =D5        213
MCALL_TOLOCA   =99        153
MCALL_TOUPCA   =96        150
MMAP_BANK0_END =3FFF      16383
MMAP_BANK0_START=00        0
MMAP_BANK1_END =7FFF      32767
MMAP_BANK1_START=4000      16384
MMAP_BANK2_END =BFFF      49151
MMAP_BANK2_START=8000      32768
MMAP_BANK3_END =FFFF      65535
MMAP_BANK3_START=C000      49152
MMAP_BANKS     =04        4
MMAP_MON_B0_PAGE=3F        63
MMAP_MON_B1_PAGE=3E        62
MMAP_PAGES     =40        64
MMAP_PAGE_MASK =3F        63
MMAP_PAGE_SIZE =4000      16384
MMAP_PROT_BIT  =07        7
MMAP_PROT_MASK =80        128
MMAP_SUPER_BIT =06        6
MMAP_SUPER_MASK=40        64
MPA_NAME_LEN   =04        4
MST_AF         =1C        28
MST_AF_P       =14        20
MST_BC         =1A        26
MST_BC_P       =12        18
MST_DE         =18        24
MST_DE_P       =10        16
MST_HL         =16        22
MST_HL_P       =0E        14
MST_I          =1E        30
MST_IEN        =00        0
MST_IX         =0C        12
MST_IY         =0A        10
MST_MMAP0      =02        2
MST_MMAP1      =03        3
MST_MMAP2      =04        4
MST_MMAP3      =05        5
MST_MMAP_EN    =01        1
MST_PC         =08        8
MST_R          =1F        31
MST_SIZE       =20        32
MST_SP         =06        6
MS_PER_TICK    =64        100
MTWDLI_ABBREV_BIT=00        0
MTWDLI_ABBREV_MASK=01        1
MTWDLI_ICASE_BIT=01        1
MTWDLI_ICASE_MASK=02        2
MTWDLI_TERM_BIT=07        7
MTWDLI_TERM_MASK=80        128
NMI_PROT_VIOL_BIT=01        1
NMI_PROT_VIOL_MASK=02        2
NMI_REASONS_ALL=0F        15
NMI_REASONS_NUM=04        4
NMI_SUPER_VIOL_BIT=02        2
NMI_SUPER_VIOL_MASK=04        4
NMI_SWITCH_BIT =00        0
NMI_SWITCH_MASK=01        1
NMI_TRACE_BIT  =03        3
NMI_TRACE_MASK =08        8
PORT_SER1      =00        0
PORT_SER2      =01        1
PORT_STATES    =02        2
SER_CSR_FRAME_ERR_BIT=03        3
SER_CSR_FRAME_ERR_MASK=08        8
SER_CSR_RX_ALHALF_BIT=01        1
SER_CSR_RX_ALHALF_MASK=02        2
SER_CSR_RX_EMPTY_BIT=00        0
SER_CSR_RX_EMPTY_MASK=01        1
SER_CSR_RX_FULL_BIT=02        2
SER_CSR_RX_FULL_MASK=04        4
SER_CSR_TX_ALHALF_BIT=05        5
SER_CSR_TX_ALHALF_MASK=20        32
SER_CSR_TX_EMPTY_BIT=04        4
SER_CSR_TX_EMPTY_MASK=10        16
SER_CSR_TX_FULL_BIT=06        6
SER_CSR_TX_FULL_MASK=40        64
SPI_CSR_BUSY_BIT=07        7
SPI_CSR_BUSY_MASK=80        128
SPI_CSR_FAST_BIT=00        0
SPI_CSR_FAST_MASK=01        1
SPI_CSR_MC_SS_BIT=01        1
SPI_CSR_MC_SS_MASK=02        2
STACKS_SIZE    =40        64
SYSCTRL_MAPARM_BIT=03        3
SYSCTRL_MAPARM_MASK=08        8
SYSCTRL_MMAPN_BIT=04        4
SYSCTRL_MMAPN_MASK=10        16
SYSCTRL_MMAP_BIT=01        1
SYSCTRL_MMAP_MASK=02        2
SYSCTRL_NMCLR_BIT=02        2
SYSCTRL_NMCLR_MASK=04        4
SYSCTRL_RESERVED_BIT=07        7
SYSCTRL_RESERVED_MASK=80        128
SYSCTRL_TRARM_BIT=00        0
SYSCTRL_TRARM_MASK=01        1
SYSCTRL_TRPRE0_BIT=05        5
SYSCTRL_TRPRE0_MASK=20        32
SYSCTRL_TRPRE1_BIT=06        6
SYSCTRL_TRPRE1_MASK=40        64
TICK_FREQ      =0A        10
TRM_NONE       =00        0
TRM_SINGLE     =01        1
TRM_STATES     =04        4
TRM_TO_ADDR    =02        2
TRM_XPT        =03        3
Z80_NMI_VEC    =66        102
Z80_RST00_VEC  =00        0
Z80_RST08_VEC  =08        8
Z80_RST10_VEC  =10        16
Z80_RST18_VEC  =18        24
Z80_RST20_VEC  =20        32
Z80_RST28_VEC  =28        40
Z80_RST30_VEC  =30        48
Z80_RST38_VEC  =38        56
all_error       D5'       213
all_exit        D6'       214
all_match_bad   B6'       182
all_match_loop  A6'       166
all_page_done   B9'       185
all_page_loop   94'       148
all_used        A0'       160
conrch          00        0 (extern)
consta          00        0 (extern)
conwch          00        0 (extern)
conwmn          00        0 (extern)
conwms          00        0 (extern)
coport          00        0 (extern)
cwnwln          00        0 (extern)
cwpdby          00        0 (extern)
cwpdlo          00        0 (extern)
cwpdwd          00        0 (extern)
cwphby          00        0 (extern)
cwphnb          00        0 (extern)
cwphwd          00        0 (extern)
cwpspc          00        0 (extern)
cwvich          00        0 (extern)
entry_addr       11A'     282
enum_counter   =04        4
free_exit       E5'       229
i2crd           00        0 (extern)
i2cwr           00        0 (extern)
jptbl_addr     =FC        252
mcrun           00        0 (extern)
mcspd           00        0 (extern)
mdisrg          00        0 (extern)
memory         =01        1
mon_data_name    12F'     303
mon_pgm_name     12B'     299
monitor        =01        1
mpall           85'       133 (public)
mpfree          D9'       217 (public)
mpi_loop        08'       8
mpinit          00'       0 (public)
mppnam           101'     257 (public)
mprpt           2A'       42 (public)
mpstat          E7'       231 (public)
mscnt           00        0 (extern)
mstate          00        0 (extern)
mtwdli          00        0 (extern)
page_map        00"       0
panic           00        0 (extern)
pnam_exit        117'     279
pnam_loop        10D'     269
rddulo          00        0 (extern)
rdduwd          00        0 (extern)
rdhxwd          00        0 (extern)
rpt_free_msg     152'     338
rpt_nm_done     5C'       92
rpt_pg          4C'       76
rpt_pg_done     71'       113
rpt_pg_lnend    6C'       108
rpt_pg_loop     3A'       58
rpt_pr_name_lp  4F'       79
rpt_title_msg    133'     307
rpt_unu_msg      14D'     333
rusby           00        0 (extern)
ruswd           00        0 (extern)
s1rch           00        0 (extern)
s1sta           00        0 (extern)
s1wch           00        0 (extern)
s2rch           00        0 (extern)
s2sta           00        0 (extern)
s2wch           00        0 (extern)
skpspc          00        0 (extern)
spiini          00        0 (extern)
spiss           00        0 (extern)
spitr           00        0 (extern)
stat_page_done  F6'       246
stat_page_loop  F1'       241
str_offset     =20        32
toloca          00        0 (extern)
toupca          00        0 (extern)
trarch          00        0 (extern)
trawch          00        0 (extern)
trport          00        0 (extern)
wusby           00        0 (extern)
wuswd           00        0 (extern)
